[ 2018-11-16T00:42:24+08:00 ] 127.0.0.1 /Public/Admin/vendors/js/bootstrap.min.js.map
INFO: [ app_init ] --START--
INFO: Run Behavior\BuildLiteBehavior [ RunTime:0.000012s ]
INFO: [ app_init ] --END-- [ RunTime:0.000608s ]
ERR: 无法加载模块:Public

[ 2018-11-16T00:42:24+08:00 ] 127.0.0.1 /Public/Admin//Public/Admin/images/favicon.png
INFO: [ app_init ] --START--
INFO: Run Behavior\BuildLiteBehavior [ RunTime:0.000011s ]
INFO: [ app_init ] --END-- [ RunTime:0.000603s ]

[ 2018-11-16T00:42:31+08:00 ] 127.0.0.1 /favicon.ico
INFO: [ app_init ] --START--
INFO: Run Behavior\BuildLiteBehavior [ RunTime:0.000010s ]
INFO: [ app_init ] --END-- [ RunTime:0.000498s ]

[ 2018-11-16T00:42:32+08:00 ] 127.0.0.1 /robots.txt
INFO: [ app_init ] --START--
INFO: Run Behavior\BuildLiteBehavior [ RunTime:0.000013s ]
INFO: [ app_init ] --END-- [ RunTime:0.000550s ]
ERR: 无法加载模块:Robots

[ 2018-11-16T00:42:32+08:00 ] 127.0.0.1 /Public/Admin/vendors/js/bootstrap.min.js.map
INFO: [ app_init ] --START--
INFO: Run Behavior\BuildLiteBehavior [ RunTime:0.000012s ]
INFO: [ app_init ] --END-- [ RunTime:0.000593s ]
ERR: 无法加载模块:Public

[ 2018-11-16T00:42:39+08:00 ] 127.0.0.1 /Public/Admin/vendors/js/bootstrap.min.js.map
INFO: [ app_init ] --START--
INFO: Run Behavior\BuildLiteBehavior [ RunTime:0.000010s ]
INFO: [ app_init ] --END-- [ RunTime:0.000468s ]
ERR: 无法加载模块:Public

[ 2018-11-16T00:42:50+08:00 ] 127.0.0.1 /Public/Admin/vendors/js/bootstrap.min.js.map
INFO: [ app_init ] --START--
INFO: Run Behavior\BuildLiteBehavior [ RunTime:0.000013s ]
INFO: [ app_init ] --END-- [ RunTime:0.000510s ]
ERR: 无法加载模块:Public

[ 2018-11-16T08:21:06+08:00 ] 127.0.0.1 /favicon.ico
INFO: [ app_init ] --START--
INFO: Run Behavior\BuildLiteBehavior [ RunTime:0.000010s ]
INFO: [ app_init ] --END-- [ RunTime:0.000531s ]

[ 2018-11-16T08:21:25+08:00 ] 127.0.0.1 /Public/Admin//Public/Admin/images/favicon.png
INFO: [ app_init ] --START--
INFO: Run Behavior\BuildLiteBehavior [ RunTime:0.000010s ]
INFO: [ app_init ] --END-- [ RunTime:0.000509s ]

[ 2018-11-16T08:26:24+08:00 ] 127.0.0.1 /Public/Home/images/weixin.jpg
INFO: [ app_init ] --START--
INFO: Run Behavior\BuildLiteBehavior [ RunTime:0.000010s ]
INFO: [ app_init ] --END-- [ RunTime:0.000690s ]

[ 2018-11-16T08:26:24+08:00 ] 127.0.0.1 /Public/Home/images/logo.jpg
INFO: [ app_init ] --START--
INFO: Run Behavior\BuildLiteBehavior [ RunTime:0.000020s ]
INFO: [ app_init ] --END-- [ RunTime:0.000584s ]

[ 2018-11-16T08:26:24+08:00 ] 127.0.0.1 /Public/Home/images/photos.jpg
INFO: [ app_init ] --START--
INFO: Run Behavior\BuildLiteBehavior [ RunTime:0.000043s ]
INFO: [ app_init ] --END-- [ RunTime:0.000857s ]

[ 2018-11-16T08:26:30+08:00 ] 127.0.0.1 /Public/Home/images/photos.jpg
INFO: [ app_init ] --START--
INFO: Run Behavior\BuildLiteBehavior [ RunTime:0.000010s ]
INFO: [ app_init ] --END-- [ RunTime:0.000483s ]

[ 2018-11-16T08:26:30+08:00 ] 127.0.0.1 /Public/Home/images/weixin.jpg
INFO: [ app_init ] --START--
INFO: Run Behavior\BuildLiteBehavior [ RunTime:0.000011s ]
INFO: [ app_init ] --END-- [ RunTime:0.000570s ]

[ 2018-11-16T08:26:36+08:00 ] 127.0.0.1 /Public/Home/images/logo.jpg
INFO: [ app_init ] --START--
INFO: Run Behavior\BuildLiteBehavior [ RunTime:0.000012s ]
INFO: [ app_init ] --END-- [ RunTime:0.000560s ]

[ 2018-11-16T08:30:07+08:00 ] 127.0.0.1 /Public/Home/images/weixin.jpg
INFO: [ app_init ] --START--
INFO: Run Behavior\BuildLiteBehavior [ RunTime:0.000011s ]
INFO: [ app_init ] --END-- [ RunTime:0.000624s ]

[ 2018-11-16T08:30:07+08:00 ] 127.0.0.1 /Public/Home/images/photos.jpg
INFO: [ app_init ] --START--
INFO: Run Behavior\BuildLiteBehavior [ RunTime:0.000018s ]
INFO: [ app_init ] --END-- [ RunTime:0.000716s ]

[ 2018-11-16T08:50:16+08:00 ] 127.0.0.1 /Public/Home/images/logo.jpg
INFO: [ app_init ] --START--
INFO: Run Behavior\BuildLiteBehavior [ RunTime:0.000006s ]
INFO: [ app_init ] --END-- [ RunTime:0.000354s ]

[ 2018-11-16T08:50:16+08:00 ] 127.0.0.1 /Public/Home/images/photos.jpg
INFO: [ app_init ] --START--
INFO: Run Behavior\BuildLiteBehavior [ RunTime:0.000009s ]
INFO: [ app_init ] --END-- [ RunTime:0.000581s ]

[ 2018-11-16T08:50:17+08:00 ] 127.0.0.1 /Public/Home/images/weixin.jpg
INFO: [ app_init ] --START--
INFO: Run Behavior\BuildLiteBehavior [ RunTime:0.000012s ]
INFO: [ app_init ] --END-- [ RunTime:0.000728s ]

[ 2018-11-16T08:50:24+08:00 ] 127.0.0.1 /favicon.ico
INFO: [ app_init ] --START--
INFO: Run Behavior\BuildLiteBehavior [ RunTime:0.000011s ]
INFO: [ app_init ] --END-- [ RunTime:0.000606s ]

[ 2018-11-16T08:50:24+08:00 ] 127.0.0.1 /favicon.ico
INFO: [ app_init ] --START--
INFO: Run Behavior\BuildLiteBehavior [ RunTime:0.000025s ]
INFO: [ app_init ] --END-- [ RunTime:0.000509s ]

[ 2018-11-16T08:54:26+08:00 ] 127.0.0.1 /Public/Home/images/logo.jpg
INFO: [ app_init ] --START--
INFO: Run Behavior\BuildLiteBehavior [ RunTime:0.000007s ]
INFO: [ app_init ] --END-- [ RunTime:0.000466s ]

[ 2018-11-16T08:59:35+08:00 ] 127.0.0.1 /Public/Home/images/logo.jpg
INFO: [ app_init ] --START--
INFO: Run Behavior\BuildLiteBehavior [ RunTime:0.000011s ]
INFO: [ app_init ] --END-- [ RunTime:0.000543s ]

[ 2018-11-16T09:00:41+08:00 ] 127.0.0.1 /Public/Home/images/logo.jpg
INFO: [ app_init ] --START--
INFO: Run Behavior\BuildLiteBehavior [ RunTime:0.000010s ]
INFO: [ app_init ] --END-- [ RunTime:0.000547s ]

[ 2018-11-16T09:00:46+08:00 ] 127.0.0.1 /Public/Home/images/logo.jpg
INFO: [ app_init ] --START--
INFO: Run Behavior\BuildLiteBehavior [ RunTime:0.000012s ]
INFO: [ app_init ] --END-- [ RunTime:0.000771s ]

[ 2018-11-16T09:00:58+08:00 ] 127.0.0.1 /Public/Home/images/logo.jpg
INFO: [ app_init ] --START--
INFO: Run Behavior\BuildLiteBehavior [ RunTime:0.000010s ]
INFO: [ app_init ] --END-- [ RunTime:0.000660s ]

[ 2018-11-16T09:00:58+08:00 ] 127.0.0.1 /Public/Home/images/logo.jpg
INFO: [ app_init ] --START--
INFO: Run Behavior\BuildLiteBehavior [ RunTime:0.000022s ]
INFO: [ app_init ] --END-- [ RunTime:0.001812s ]

[ 2018-11-16T09:00:59+08:00 ] 127.0.0.1 /favicon.ico
INFO: [ app_init ] --START--
INFO: Run Behavior\BuildLiteBehavior [ RunTime:0.000012s ]
INFO: [ app_init ] --END-- [ RunTime:0.000620s ]

[ 2018-11-16T09:01:33+08:00 ] 127.0.0.1 /Public/Home/images/logo.jpg
INFO: [ app_init ] --START--
INFO: Run Behavior\BuildLiteBehavior [ RunTime:0.000011s ]
INFO: [ app_init ] --END-- [ RunTime:0.000586s ]

[ 2018-11-16T09:01:33+08:00 ] 127.0.0.1 /favicon.ico
INFO: [ app_init ] --START--
INFO: Run Behavior\BuildLiteBehavior [ RunTime:0.000010s ]
INFO: [ app_init ] --END-- [ RunTime:0.000526s ]

[ 2018-11-16T09:01:48+08:00 ] 127.0.0.1 /Public/Home/images/logo.jpg
INFO: [ app_init ] --START--
INFO: Run Behavior\BuildLiteBehavior [ RunTime:0.000011s ]
INFO: [ app_init ] --END-- [ RunTime:0.000620s ]

[ 2018-11-16T09:01:48+08:00 ] 127.0.0.1 /favicon.ico
INFO: [ app_init ] --START--
INFO: Run Behavior\BuildLiteBehavior [ RunTime:0.000009s ]
INFO: [ app_init ] --END-- [ RunTime:0.000490s ]

[ 2018-11-16T09:04:18+08:00 ] 127.0.0.1 /Public/Home/images/logo.jpg
INFO: [ app_init ] --START--
INFO: Run Behavior\BuildLiteBehavior [ RunTime:0.000007s ]
INFO: [ app_init ] --END-- [ RunTime:0.000424s ]

[ 2018-11-16T09:04:20+08:00 ] 127.0.0.1 /favicon.ico
INFO: [ app_init ] --START--
INFO: Run Behavior\BuildLiteBehavior [ RunTime:0.000010s ]
INFO: [ app_init ] --END-- [ RunTime:0.000520s ]

[ 2018-11-16T09:04:39+08:00 ] 127.0.0.1 /robots.txt
INFO: [ app_init ] --START--
INFO: Run Behavior\BuildLiteBehavior [ RunTime:0.000010s ]
INFO: [ app_init ] --END-- [ RunTime:0.000532s ]
ERR: 无法加载模块:Robots

[ 2018-11-16T09:04:47+08:00 ] 127.0.0.1 /Public/Home/images/weixin.jpg
INFO: [ app_init ] --START--
INFO: Run Behavior\BuildLiteBehavior [ RunTime:0.000010s ]
INFO: [ app_init ] --END-- [ RunTime:0.000528s ]

[ 2018-11-16T09:04:47+08:00 ] 127.0.0.1 /Public/Home/images/photos.jpg
INFO: [ app_init ] --START--
INFO: Run Behavior\BuildLiteBehavior [ RunTime:0.000018s ]
INFO: [ app_init ] --END-- [ RunTime:0.000781s ]

[ 2018-11-16T09:04:59+08:00 ] 127.0.0.1 /Public/Home/images/logo.jpg
INFO: [ app_init ] --START--
INFO: Run Behavior\BuildLiteBehavior [ RunTime:0.000010s ]
INFO: [ app_init ] --END-- [ RunTime:0.000445s ]

[ 2018-11-16T09:08:47+08:00 ] 127.0.0.1 /Public/Home/images/logo.jpg
INFO: [ app_init ] --START--
INFO: Run Behavior\BuildLiteBehavior [ RunTime:0.000008s ]
INFO: [ app_init ] --END-- [ RunTime:0.000459s ]

[ 2018-11-16T09:09:21+08:00 ] 127.0.0.1 /Public/Home/images/logo.jpg
INFO: [ app_init ] --START--
INFO: Run Behavior\BuildLiteBehavior [ RunTime:0.000011s ]
INFO: [ app_init ] --END-- [ RunTime:0.001112s ]

[ 2018-11-16T09:10:29+08:00 ] 127.0.0.1 /Public/Home/images/logo.jpg
INFO: [ app_init ] --START--
INFO: Run Behavior\BuildLiteBehavior [ RunTime:0.000010s ]
INFO: [ app_init ] --END-- [ RunTime:0.000669s ]

[ 2018-11-16T09:13:18+08:00 ] 127.0.0.1 /Public/Home/images/logo.jpg
INFO: [ app_init ] --START--
INFO: Run Behavior\BuildLiteBehavior [ RunTime:0.000012s ]
INFO: [ app_init ] --END-- [ RunTime:0.000743s ]

[ 2018-11-16T09:18:29+08:00 ] 127.0.0.1 /Public/Home/images/logo.jpg
INFO: [ app_init ] --START--
INFO: Run Behavior\BuildLiteBehavior [ RunTime:0.000007s ]
INFO: [ app_init ] --END-- [ RunTime:0.000442s ]

[ 2018-11-16T09:22:43+08:00 ] 127.0.0.1 /Public/Home/images/logo.jpg
INFO: [ app_init ] --START--
INFO: Run Behavior\BuildLiteBehavior [ RunTime:0.000019s ]
INFO: [ app_init ] --END-- [ RunTime:0.000956s ]

[ 2018-11-16T09:51:58+08:00 ] 127.0.0.1 /Public/Admin//Public/Admin/images/favicon.png
INFO: [ app_init ] --START--
INFO: Run Behavior\BuildLiteBehavior [ RunTime:0.000009s ]
INFO: [ app_init ] --END-- [ RunTime:0.000562s ]

[ 2018-11-16T13:54:15+08:00 ] 127.0.0.1 /Public/Home/images/weixin.jpg
INFO: [ app_init ] --START--
INFO: Run Behavior\BuildLiteBehavior [ RunTime:0.000011s ]
INFO: [ app_init ] --END-- [ RunTime:0.000613s ]

[ 2018-11-16T13:54:15+08:00 ] 127.0.0.1 /Public/Home/images/photos.jpg
INFO: [ app_init ] --START--
INFO: Run Behavior\BuildLiteBehavior [ RunTime:0.000011s ]
INFO: [ app_init ] --END-- [ RunTime:0.000650s ]

[ 2018-11-16T13:54:42+08:00 ] 127.0.0.1 /Public/Home/images/photos.jpg
INFO: [ app_init ] --START--
INFO: Run Behavior\BuildLiteBehavior [ RunTime:0.000010s ]
INFO: [ app_init ] --END-- [ RunTime:0.000509s ]

[ 2018-11-16T13:54:42+08:00 ] 127.0.0.1 /Public/Home/images/weixin.jpg
INFO: [ app_init ] --START--
INFO: Run Behavior\BuildLiteBehavior [ RunTime:0.000011s ]
INFO: [ app_init ] --END-- [ RunTime:0.000554s ]

[ 2018-11-16T14:00:03+08:00 ] 127.0.0.1 /Public/Home/images/weixin.jpg
INFO: [ app_init ] --START--
INFO: Run Behavior\BuildLiteBehavior [ RunTime:0.000011s ]
INFO: [ app_init ] --END-- [ RunTime:0.000454s ]

[ 2018-11-16T14:00:03+08:00 ] 127.0.0.1 /Public/Home/images/photos.jpg
INFO: [ app_init ] --START--
INFO: Run Behavior\BuildLiteBehavior [ RunTime:0.000011s ]
INFO: [ app_init ] --END-- [ RunTime:0.000701s ]

