[ 2018-11-25T09:28:40+08:00 ] 127.0.0.1 /index.php
INFO: [ app_init ] --START--
INFO: Run Behavior\BuildLiteBehavior [ RunTime:0.000009s ]
INFO: [ app_init ] --END-- [ RunTime:0.017963s ]
INFO: [ app_begin ] --START--
INFO: Run Behavior\ReadHtmlCacheBehavior [ RunTime:0.016713s ]
INFO: [ app_begin ] --END-- [ RunTime:0.016745s ]
SQL: SHOW COLUMNS FROM `blog_new_list` [ RunTime:0.0031s ]
SQL: SHOW COLUMNS FROM `blog_knowledge` [ RunTime:0.0016s ]
SQL: SELECT blog_new_list.*,blog_menu.name as categoryname,blog_menu.pid FROM `blog_new_list` left join blog_menu on blog_new_list.category_id = blog_menu.id  WHERE ( istop = 1 )  [ RunTime:0.0009s ]
SQL: SELECT blog_knowledge.*,blog_menu.name as categoryname,blog_menu.pid FROM `blog_knowledge` left join blog_menu on blog_knowledge.category_id = blog_menu.id  WHERE ( istop = 1 )  [ RunTime:0.0007s ]
SQL: SELECT `name` FROM `blog_menu` WHERE `id` = '5' LIMIT 1   [ RunTime:0.0003s ]
SQL: SELECT blog_new_list.id,blog_new_list.title,blog_new_list.addtime,blog_menu.pid FROM `blog_new_list` left join blog_menu on blog_new_list.category_id = blog_menu.id  ORDER BY `addtime` desc LIMIT 3   [ RunTime:0.0005s ]
SQL: SELECT blog_knowledge.id,blog_knowledge.title,blog_knowledge.addtime,blog_menu.pid FROM `blog_knowledge` left join blog_menu on  blog_knowledge.category_id = blog_menu.id  ORDER BY `addtime` desc LIMIT 3   [ RunTime:0.0005s ]
SQL: SELECT blog_new_list.id,blog_new_list.title,blog_new_list.addtime,blog_new_list.lookcount,blog_menu.pid FROM `blog_new_list` left join blog_menu on blog_new_list.category_id = blog_menu.id  ORDER BY `lookcount` desc LIMIT 3   [ RunTime:0.0003s ]
SQL: SELECT blog_knowledge.id,blog_knowledge.title,blog_knowledge.addtime,blog_knowledge.lookcount,blog_menu.pid FROM `blog_knowledge` left join blog_menu on  blog_knowledge.category_id = blog_menu.id  ORDER BY `lookcount` desc LIMIT 3   [ RunTime:0.0004s ]
SQL: SHOW COLUMNS FROM `blog_friendly` [ RunTime:0.0011s ]
SQL: SELECT * FROM `blog_friendly` LIMIT 5   [ RunTime:0.0004s ]
SQL: SHOW COLUMNS FROM `blog_info` [ RunTime:0.0008s ]
SQL: SELECT * FROM `blog_info` LIMIT 1   [ RunTime:0.0004s ]
INFO: [ view_parse ] --START--
INFO: [ template_filter ] --START--
INFO: Run Behavior\ContentReplaceBehavior [ RunTime:0.000072s ]
INFO: [ template_filter ] --END-- [ RunTime:0.000126s ]
NOTIC: [8] Undefined variable: pos_val F:\Blog\Application\Common\Common\function.php 第 81 行.
INFO: Run Behavior\ParseTemplateBehavior [ RunTime:0.067484s ]
INFO: [ view_parse ] --END-- [ RunTime:0.067508s ]
INFO: [ view_filter ] --START--
INFO: Run Behavior\WriteHtmlCacheBehavior [ RunTime:0.015696s ]
INFO: [ view_filter ] --END-- [ RunTime:0.015724s ]
INFO: [ app_end ] --START--
INFO: Run Behavior\ShowPageTraceBehavior [ RunTime:0.021080s ]
INFO: [ app_end ] --END-- [ RunTime:0.021131s ]

[ 2018-11-25T09:28:45+08:00 ] 127.0.0.1 /index.php?m=Home&c=Index&a=index&search_val=
INFO: [ app_init ] --START--
INFO: Run Behavior\BuildLiteBehavior [ RunTime:0.000006s ]
INFO: [ app_init ] --END-- [ RunTime:0.000353s ]
INFO: [ app_begin ] --START--
INFO: Run Behavior\ReadHtmlCacheBehavior [ RunTime:0.001029s ]
INFO: [ app_begin ] --END-- [ RunTime:0.001052s ]
SQL: SHOW COLUMNS FROM `blog_new_list` [ RunTime:0.0010s ]
SQL: SHOW COLUMNS FROM `blog_knowledge` [ RunTime:0.0009s ]
SQL: SELECT blog_new_list.*,blog_menu.name as categoryname,blog_menu.pid FROM `blog_new_list` left join blog_menu on blog_new_list.category_id = blog_menu.id  WHERE ( istop = 1 )  [ RunTime:0.0005s ]
SQL: SELECT blog_knowledge.*,blog_menu.name as categoryname,blog_menu.pid FROM `blog_knowledge` left join blog_menu on blog_knowledge.category_id = blog_menu.id  WHERE ( istop = 1 )  [ RunTime:0.0005s ]
SQL: SELECT `name` FROM `blog_menu` WHERE `id` = '5' LIMIT 1   [ RunTime:0.0004s ]
SQL: SELECT blog_new_list.id,blog_new_list.title,blog_new_list.addtime,blog_menu.pid FROM `blog_new_list` left join blog_menu on blog_new_list.category_id = blog_menu.id  ORDER BY `addtime` desc LIMIT 3   [ RunTime:0.0003s ]
SQL: SELECT blog_knowledge.id,blog_knowledge.title,blog_knowledge.addtime,blog_menu.pid FROM `blog_knowledge` left join blog_menu on  blog_knowledge.category_id = blog_menu.id  ORDER BY `addtime` desc LIMIT 3   [ RunTime:0.0003s ]
SQL: SELECT blog_new_list.id,blog_new_list.title,blog_new_list.addtime,blog_new_list.lookcount,blog_menu.pid FROM `blog_new_list` left join blog_menu on blog_new_list.category_id = blog_menu.id  ORDER BY `lookcount` desc LIMIT 3   [ RunTime:0.0004s ]
SQL: SELECT blog_knowledge.id,blog_knowledge.title,blog_knowledge.addtime,blog_knowledge.lookcount,blog_menu.pid FROM `blog_knowledge` left join blog_menu on  blog_knowledge.category_id = blog_menu.id  ORDER BY `lookcount` desc LIMIT 3   [ RunTime:0.0003s ]
SQL: SHOW COLUMNS FROM `blog_friendly` [ RunTime:0.0006s ]
SQL: SELECT * FROM `blog_friendly` LIMIT 5   [ RunTime:0.0003s ]
SQL: SHOW COLUMNS FROM `blog_info` [ RunTime:0.0007s ]
SQL: SELECT * FROM `blog_info` LIMIT 1   [ RunTime:0.0003s ]
SQL: SELECT blog_new_list.*,blog_menu.name as categoryname FROM `blog_new_list` left join blog_menu on blog_new_list.category_id = blog_menu.id  WHERE ( title like '%%' )  [ RunTime:0.0004s ]
SQL: SELECT blog_knowledge.*,blog_menu.name as categoryname FROM `blog_knowledge` left join blog_menu on blog_knowledge.category_id = blog_menu.id  WHERE ( title like '%%' )  [ RunTime:0.0004s ]

[ 2018-11-25T09:28:48+08:00 ] 127.0.0.1 /index.php?m=Home&c=Index&a=index&search_val=
INFO: [ app_init ] --START--
INFO: Run Behavior\BuildLiteBehavior [ RunTime:0.000006s ]
INFO: [ app_init ] --END-- [ RunTime:0.000306s ]
INFO: [ app_begin ] --START--
INFO: Run Behavior\ReadHtmlCacheBehavior [ RunTime:0.000379s ]
INFO: [ app_begin ] --END-- [ RunTime:0.000398s ]
SQL: SHOW COLUMNS FROM `blog_new_list` [ RunTime:0.0012s ]
SQL: SHOW COLUMNS FROM `blog_knowledge` [ RunTime:0.0008s ]
SQL: SELECT blog_new_list.*,blog_menu.name as categoryname,blog_menu.pid FROM `blog_new_list` left join blog_menu on blog_new_list.category_id = blog_menu.id  WHERE ( istop = 1 )  [ RunTime:0.0005s ]
SQL: SELECT blog_knowledge.*,blog_menu.name as categoryname,blog_menu.pid FROM `blog_knowledge` left join blog_menu on blog_knowledge.category_id = blog_menu.id  WHERE ( istop = 1 )  [ RunTime:0.0004s ]
SQL: SELECT `name` FROM `blog_menu` WHERE `id` = '5' LIMIT 1   [ RunTime:0.0003s ]
SQL: SELECT blog_new_list.id,blog_new_list.title,blog_new_list.addtime,blog_menu.pid FROM `blog_new_list` left join blog_menu on blog_new_list.category_id = blog_menu.id  ORDER BY `addtime` desc LIMIT 3   [ RunTime:0.0003s ]
SQL: SELECT blog_knowledge.id,blog_knowledge.title,blog_knowledge.addtime,blog_menu.pid FROM `blog_knowledge` left join blog_menu on  blog_knowledge.category_id = blog_menu.id  ORDER BY `addtime` desc LIMIT 3   [ RunTime:0.0002s ]
SQL: SELECT blog_new_list.id,blog_new_list.title,blog_new_list.addtime,blog_new_list.lookcount,blog_menu.pid FROM `blog_new_list` left join blog_menu on blog_new_list.category_id = blog_menu.id  ORDER BY `lookcount` desc LIMIT 3   [ RunTime:0.0003s ]
SQL: SELECT blog_knowledge.id,blog_knowledge.title,blog_knowledge.addtime,blog_knowledge.lookcount,blog_menu.pid FROM `blog_knowledge` left join blog_menu on  blog_knowledge.category_id = blog_menu.id  ORDER BY `lookcount` desc LIMIT 3   [ RunTime:0.0003s ]
SQL: SHOW COLUMNS FROM `blog_friendly` [ RunTime:0.0005s ]
SQL: SELECT * FROM `blog_friendly` LIMIT 5   [ RunTime:0.0003s ]
SQL: SHOW COLUMNS FROM `blog_info` [ RunTime:0.0006s ]
SQL: SELECT * FROM `blog_info` LIMIT 1   [ RunTime:0.0003s ]
SQL: SELECT blog_new_list.*,blog_menu.name as categoryname FROM `blog_new_list` left join blog_menu on blog_new_list.category_id = blog_menu.id  WHERE ( title like '%%' )  [ RunTime:0.0003s ]
SQL: SELECT blog_knowledge.*,blog_menu.name as categoryname FROM `blog_knowledge` left join blog_menu on blog_knowledge.category_id = blog_menu.id  WHERE ( title like '%%' )  [ RunTime:0.0004s ]

[ 2018-11-25T09:28:50+08:00 ] 127.0.0.1 /index.php?m=Home&c=Index&a=index&search_val=j
INFO: [ app_init ] --START--
INFO: Run Behavior\BuildLiteBehavior [ RunTime:0.000006s ]
INFO: [ app_init ] --END-- [ RunTime:0.000399s ]
INFO: [ app_begin ] --START--
INFO: Run Behavior\ReadHtmlCacheBehavior [ RunTime:0.000479s ]
INFO: [ app_begin ] --END-- [ RunTime:0.000501s ]
SQL: SHOW COLUMNS FROM `blog_new_list` [ RunTime:0.0009s ]
SQL: SHOW COLUMNS FROM `blog_knowledge` [ RunTime:0.0010s ]
SQL: SELECT blog_new_list.*,blog_menu.name as categoryname,blog_menu.pid FROM `blog_new_list` left join blog_menu on blog_new_list.category_id = blog_menu.id  WHERE ( istop = 1 )  [ RunTime:0.0006s ]
SQL: SELECT blog_knowledge.*,blog_menu.name as categoryname,blog_menu.pid FROM `blog_knowledge` left join blog_menu on blog_knowledge.category_id = blog_menu.id  WHERE ( istop = 1 )  [ RunTime:0.0007s ]
SQL: SELECT `name` FROM `blog_menu` WHERE `id` = '5' LIMIT 1   [ RunTime:0.0003s ]
SQL: SELECT blog_new_list.id,blog_new_list.title,blog_new_list.addtime,blog_menu.pid FROM `blog_new_list` left join blog_menu on blog_new_list.category_id = blog_menu.id  ORDER BY `addtime` desc LIMIT 3   [ RunTime:0.0003s ]
SQL: SELECT blog_knowledge.id,blog_knowledge.title,blog_knowledge.addtime,blog_menu.pid FROM `blog_knowledge` left join blog_menu on  blog_knowledge.category_id = blog_menu.id  ORDER BY `addtime` desc LIMIT 3   [ RunTime:0.0492s ]
SQL: SELECT blog_new_list.id,blog_new_list.title,blog_new_list.addtime,blog_new_list.lookcount,blog_menu.pid FROM `blog_new_list` left join blog_menu on blog_new_list.category_id = blog_menu.id  ORDER BY `lookcount` desc LIMIT 3   [ RunTime:0.0003s ]
SQL: SELECT blog_knowledge.id,blog_knowledge.title,blog_knowledge.addtime,blog_knowledge.lookcount,blog_menu.pid FROM `blog_knowledge` left join blog_menu on  blog_knowledge.category_id = blog_menu.id  ORDER BY `lookcount` desc LIMIT 3   [ RunTime:0.0004s ]
SQL: SHOW COLUMNS FROM `blog_friendly` [ RunTime:0.0006s ]
SQL: SELECT * FROM `blog_friendly` LIMIT 5   [ RunTime:0.0003s ]
SQL: SHOW COLUMNS FROM `blog_info` [ RunTime:0.0006s ]
SQL: SELECT * FROM `blog_info` LIMIT 1   [ RunTime:0.0003s ]
SQL: SELECT blog_new_list.*,blog_menu.name as categoryname FROM `blog_new_list` left join blog_menu on blog_new_list.category_id = blog_menu.id  WHERE ( title like '%j%' )  [ RunTime:0.0004s ]
SQL: SELECT blog_knowledge.*,blog_menu.name as categoryname FROM `blog_knowledge` left join blog_menu on blog_knowledge.category_id = blog_menu.id  WHERE ( title like '%j%' )  [ RunTime:0.0004s ]

[ 2018-11-25T09:28:51+08:00 ] 127.0.0.1 /index.php?m=Home&c=Index&a=index&search_val=j
INFO: [ app_init ] --START--
INFO: Run Behavior\BuildLiteBehavior [ RunTime:0.000006s ]
INFO: [ app_init ] --END-- [ RunTime:0.000384s ]
INFO: [ app_begin ] --START--
INFO: Run Behavior\ReadHtmlCacheBehavior [ RunTime:0.000464s ]
INFO: [ app_begin ] --END-- [ RunTime:0.000489s ]
SQL: SHOW COLUMNS FROM `blog_new_list` [ RunTime:0.0009s ]
SQL: SHOW COLUMNS FROM `blog_knowledge` [ RunTime:0.0007s ]
SQL: SELECT blog_new_list.*,blog_menu.name as categoryname,blog_menu.pid FROM `blog_new_list` left join blog_menu on blog_new_list.category_id = blog_menu.id  WHERE ( istop = 1 )  [ RunTime:0.0004s ]
SQL: SELECT blog_knowledge.*,blog_menu.name as categoryname,blog_menu.pid FROM `blog_knowledge` left join blog_menu on blog_knowledge.category_id = blog_menu.id  WHERE ( istop = 1 )  [ RunTime:0.0004s ]
SQL: SELECT `name` FROM `blog_menu` WHERE `id` = '5' LIMIT 1   [ RunTime:0.0003s ]
SQL: SELECT blog_new_list.id,blog_new_list.title,blog_new_list.addtime,blog_menu.pid FROM `blog_new_list` left join blog_menu on blog_new_list.category_id = blog_menu.id  ORDER BY `addtime` desc LIMIT 3   [ RunTime:0.0004s ]
SQL: SELECT blog_knowledge.id,blog_knowledge.title,blog_knowledge.addtime,blog_menu.pid FROM `blog_knowledge` left join blog_menu on  blog_knowledge.category_id = blog_menu.id  ORDER BY `addtime` desc LIMIT 3   [ RunTime:0.0007s ]
SQL: SELECT blog_new_list.id,blog_new_list.title,blog_new_list.addtime,blog_new_list.lookcount,blog_menu.pid FROM `blog_new_list` left join blog_menu on blog_new_list.category_id = blog_menu.id  ORDER BY `lookcount` desc LIMIT 3   [ RunTime:0.0003s ]
SQL: SELECT blog_knowledge.id,blog_knowledge.title,blog_knowledge.addtime,blog_knowledge.lookcount,blog_menu.pid FROM `blog_knowledge` left join blog_menu on  blog_knowledge.category_id = blog_menu.id  ORDER BY `lookcount` desc LIMIT 3   [ RunTime:0.0003s ]
SQL: SHOW COLUMNS FROM `blog_friendly` [ RunTime:0.0263s ]
SQL: SELECT * FROM `blog_friendly` LIMIT 5   [ RunTime:0.0003s ]
SQL: SHOW COLUMNS FROM `blog_info` [ RunTime:0.0006s ]
SQL: SELECT * FROM `blog_info` LIMIT 1   [ RunTime:0.0003s ]
SQL: SELECT blog_new_list.*,blog_menu.name as categoryname FROM `blog_new_list` left join blog_menu on blog_new_list.category_id = blog_menu.id  WHERE ( title like '%j%' )  [ RunTime:0.0003s ]
SQL: SELECT blog_knowledge.*,blog_menu.name as categoryname FROM `blog_knowledge` left join blog_menu on blog_knowledge.category_id = blog_menu.id  WHERE ( title like '%j%' )  [ RunTime:0.0003s ]

[ 2018-11-25T09:30:10+08:00 ] 127.0.0.1 /index.php
INFO: [ app_init ] --START--
INFO: Run Behavior\BuildLiteBehavior [ RunTime:0.000007s ]
INFO: [ app_init ] --END-- [ RunTime:0.000363s ]
INFO: [ app_begin ] --START--
INFO: Run Behavior\ReadHtmlCacheBehavior [ RunTime:0.001815s ]
INFO: [ app_begin ] --END-- [ RunTime:0.001856s ]
SQL: SHOW COLUMNS FROM `blog_new_list` [ RunTime:0.0009s ]
SQL: SHOW COLUMNS FROM `blog_knowledge` [ RunTime:0.0007s ]
SQL: SELECT blog_new_list.*,blog_menu.name as categoryname,blog_menu.pid FROM `blog_new_list` left join blog_menu on blog_new_list.category_id = blog_menu.id  WHERE ( istop = 1 )  [ RunTime:0.0004s ]
SQL: SELECT blog_knowledge.*,blog_menu.name as categoryname,blog_menu.pid FROM `blog_knowledge` left join blog_menu on blog_knowledge.category_id = blog_menu.id  WHERE ( istop = 1 )  [ RunTime:0.0004s ]
SQL: SELECT `name` FROM `blog_menu` WHERE `id` = '5' LIMIT 1   [ RunTime:0.0004s ]
SQL: SELECT blog_new_list.id,blog_new_list.title,blog_new_list.addtime,blog_menu.pid FROM `blog_new_list` left join blog_menu on blog_new_list.category_id = blog_menu.id  ORDER BY `addtime` desc LIMIT 3   [ RunTime:0.0003s ]
SQL: SELECT blog_knowledge.id,blog_knowledge.title,blog_knowledge.addtime,blog_menu.pid FROM `blog_knowledge` left join blog_menu on  blog_knowledge.category_id = blog_menu.id  ORDER BY `addtime` desc LIMIT 3   [ RunTime:0.0003s ]
SQL: SELECT blog_new_list.id,blog_new_list.title,blog_new_list.addtime,blog_new_list.lookcount,blog_menu.pid FROM `blog_new_list` left join blog_menu on blog_new_list.category_id = blog_menu.id  ORDER BY `lookcount` desc LIMIT 3   [ RunTime:0.0003s ]
SQL: SELECT blog_knowledge.id,blog_knowledge.title,blog_knowledge.addtime,blog_knowledge.lookcount,blog_menu.pid FROM `blog_knowledge` left join blog_menu on  blog_knowledge.category_id = blog_menu.id  ORDER BY `lookcount` desc LIMIT 3   [ RunTime:0.0003s ]
SQL: SHOW COLUMNS FROM `blog_friendly` [ RunTime:0.0007s ]
SQL: SELECT * FROM `blog_friendly` LIMIT 5   [ RunTime:0.0003s ]
SQL: SHOW COLUMNS FROM `blog_info` [ RunTime:0.0006s ]
SQL: SELECT * FROM `blog_info` LIMIT 1   [ RunTime:0.0003s ]
INFO: [ view_parse ] --START--
INFO: [ template_filter ] --START--
INFO: Run Behavior\ContentReplaceBehavior [ RunTime:0.000072s ]
INFO: [ template_filter ] --END-- [ RunTime:0.000122s ]
NOTIC: [8] Undefined variable: pos_val F:\Blog\Application\Common\Common\function.php 第 81 行.
INFO: Run Behavior\ParseTemplateBehavior [ RunTime:0.011854s ]
INFO: [ view_parse ] --END-- [ RunTime:0.011894s ]
INFO: [ view_filter ] --START--
INFO: Run Behavior\WriteHtmlCacheBehavior [ RunTime:0.000688s ]
INFO: [ view_filter ] --END-- [ RunTime:0.000716s ]
INFO: [ app_end ] --START--
INFO: Run Behavior\ShowPageTraceBehavior [ RunTime:0.000657s ]
INFO: [ app_end ] --END-- [ RunTime:0.000702s ]

[ 2018-11-25T09:30:11+08:00 ] 127.0.0.1 /index.php
INFO: [ app_init ] --START--
INFO: Run Behavior\BuildLiteBehavior [ RunTime:0.000006s ]
INFO: [ app_init ] --END-- [ RunTime:0.000374s ]
INFO: [ app_begin ] --START--
INFO: Run Behavior\ReadHtmlCacheBehavior [ RunTime:0.000450s ]
INFO: [ app_begin ] --END-- [ RunTime:0.000470s ]
SQL: SHOW COLUMNS FROM `blog_new_list` [ RunTime:0.0008s ]
SQL: SHOW COLUMNS FROM `blog_knowledge` [ RunTime:0.0010s ]
SQL: SELECT blog_new_list.*,blog_menu.name as categoryname,blog_menu.pid FROM `blog_new_list` left join blog_menu on blog_new_list.category_id = blog_menu.id  WHERE ( istop = 1 )  [ RunTime:0.0005s ]
SQL: SELECT blog_knowledge.*,blog_menu.name as categoryname,blog_menu.pid FROM `blog_knowledge` left join blog_menu on blog_knowledge.category_id = blog_menu.id  WHERE ( istop = 1 )  [ RunTime:0.0004s ]
SQL: SELECT `name` FROM `blog_menu` WHERE `id` = '5' LIMIT 1   [ RunTime:0.0003s ]
SQL: SELECT blog_new_list.id,blog_new_list.title,blog_new_list.addtime,blog_menu.pid FROM `blog_new_list` left join blog_menu on blog_new_list.category_id = blog_menu.id  ORDER BY `addtime` desc LIMIT 3   [ RunTime:0.0003s ]
SQL: SELECT blog_knowledge.id,blog_knowledge.title,blog_knowledge.addtime,blog_menu.pid FROM `blog_knowledge` left join blog_menu on  blog_knowledge.category_id = blog_menu.id  ORDER BY `addtime` desc LIMIT 3   [ RunTime:0.0003s ]
SQL: SELECT blog_new_list.id,blog_new_list.title,blog_new_list.addtime,blog_new_list.lookcount,blog_menu.pid FROM `blog_new_list` left join blog_menu on blog_new_list.category_id = blog_menu.id  ORDER BY `lookcount` desc LIMIT 3   [ RunTime:0.0003s ]
SQL: SELECT blog_knowledge.id,blog_knowledge.title,blog_knowledge.addtime,blog_knowledge.lookcount,blog_menu.pid FROM `blog_knowledge` left join blog_menu on  blog_knowledge.category_id = blog_menu.id  ORDER BY `lookcount` desc LIMIT 3   [ RunTime:0.0003s ]
SQL: SHOW COLUMNS FROM `blog_friendly` [ RunTime:0.0006s ]
SQL: SELECT * FROM `blog_friendly` LIMIT 5   [ RunTime:0.0003s ]
SQL: SHOW COLUMNS FROM `blog_info` [ RunTime:0.0006s ]
SQL: SELECT * FROM `blog_info` LIMIT 1   [ RunTime:0.0003s ]
INFO: [ view_parse ] --START--
INFO: [ template_filter ] --START--
INFO: Run Behavior\ContentReplaceBehavior [ RunTime:0.000068s ]
INFO: [ template_filter ] --END-- [ RunTime:0.000094s ]
NOTIC: [8] Undefined variable: pos_val F:\Blog\Application\Common\Common\function.php 第 81 行.
INFO: Run Behavior\ParseTemplateBehavior [ RunTime:0.012539s ]
INFO: [ view_parse ] --END-- [ RunTime:0.012562s ]
INFO: [ view_filter ] --START--
INFO: Run Behavior\WriteHtmlCacheBehavior [ RunTime:0.000285s ]
INFO: [ view_filter ] --END-- [ RunTime:0.000302s ]
INFO: [ app_end ] --START--
INFO: Run Behavior\ShowPageTraceBehavior [ RunTime:0.000515s ]
INFO: [ app_end ] --END-- [ RunTime:0.000541s ]

[ 2018-11-25T09:30:17+08:00 ] 127.0.0.1 /index.php
INFO: [ app_init ] --START--
INFO: Run Behavior\BuildLiteBehavior [ RunTime:0.000011s ]
INFO: [ app_init ] --END-- [ RunTime:0.000467s ]
INFO: [ app_begin ] --START--
INFO: Run Behavior\ReadHtmlCacheBehavior [ RunTime:0.007911s ]
INFO: [ app_begin ] --END-- [ RunTime:0.007963s ]
SQL: SHOW COLUMNS FROM `blog_new_list` [ RunTime:0.0008s ]
SQL: SHOW COLUMNS FROM `blog_knowledge` [ RunTime:0.0008s ]
SQL: SELECT blog_new_list.*,blog_menu.name as categoryname,blog_menu.pid FROM `blog_new_list` left join blog_menu on blog_new_list.category_id = blog_menu.id  WHERE ( istop = 1 )  [ RunTime:0.0005s ]
SQL: SELECT blog_knowledge.*,blog_menu.name as categoryname,blog_menu.pid FROM `blog_knowledge` left join blog_menu on blog_knowledge.category_id = blog_menu.id  WHERE ( istop = 1 )  [ RunTime:0.0005s ]
SQL: SELECT `name` FROM `blog_menu` WHERE `id` = '5' LIMIT 1   [ RunTime:0.0003s ]
SQL: SELECT blog_new_list.id,blog_new_list.title,blog_new_list.addtime,blog_menu.pid FROM `blog_new_list` left join blog_menu on blog_new_list.category_id = blog_menu.id  ORDER BY `addtime` desc LIMIT 3   [ RunTime:0.0003s ]
SQL: SELECT blog_knowledge.id,blog_knowledge.title,blog_knowledge.addtime,blog_menu.pid FROM `blog_knowledge` left join blog_menu on  blog_knowledge.category_id = blog_menu.id  ORDER BY `addtime` desc LIMIT 3   [ RunTime:0.0003s ]
SQL: SELECT blog_new_list.id,blog_new_list.title,blog_new_list.addtime,blog_new_list.lookcount,blog_menu.pid FROM `blog_new_list` left join blog_menu on blog_new_list.category_id = blog_menu.id  ORDER BY `lookcount` desc LIMIT 3   [ RunTime:0.0003s ]
SQL: SELECT blog_knowledge.id,blog_knowledge.title,blog_knowledge.addtime,blog_knowledge.lookcount,blog_menu.pid FROM `blog_knowledge` left join blog_menu on  blog_knowledge.category_id = blog_menu.id  ORDER BY `lookcount` desc LIMIT 3   [ RunTime:0.0003s ]
SQL: SHOW COLUMNS FROM `blog_friendly` [ RunTime:0.0006s ]
SQL: SELECT * FROM `blog_friendly` LIMIT 5   [ RunTime:0.0003s ]
SQL: SHOW COLUMNS FROM `blog_info` [ RunTime:0.0007s ]
SQL: SELECT * FROM `blog_info` LIMIT 1   [ RunTime:0.0003s ]
INFO: [ view_parse ] --START--
INFO: [ template_filter ] --START--
INFO: Run Behavior\ContentReplaceBehavior [ RunTime:0.000047s ]
INFO: [ template_filter ] --END-- [ RunTime:0.000072s ]
NOTIC: [8] Undefined variable: pos_val F:\Blog\Application\Common\Common\function.php 第 81 行.
INFO: Run Behavior\ParseTemplateBehavior [ RunTime:0.010624s ]
INFO: [ view_parse ] --END-- [ RunTime:0.010648s ]
INFO: [ view_filter ] --START--
INFO: Run Behavior\WriteHtmlCacheBehavior [ RunTime:0.000351s ]
INFO: [ view_filter ] --END-- [ RunTime:0.000369s ]
INFO: [ app_end ] --START--
INFO: Run Behavior\ShowPageTraceBehavior [ RunTime:0.000689s ]
INFO: [ app_end ] --END-- [ RunTime:0.000720s ]

[ 2018-11-25T09:30:19+08:00 ] 127.0.0.1 /index.php?m=Home&c=Index&a=index&search_val=
INFO: [ app_init ] --START--
INFO: Run Behavior\BuildLiteBehavior [ RunTime:0.000006s ]
INFO: [ app_init ] --END-- [ RunTime:0.000377s ]
INFO: [ app_begin ] --START--
INFO: Run Behavior\ReadHtmlCacheBehavior [ RunTime:0.000637s ]
INFO: [ app_begin ] --END-- [ RunTime:0.000657s ]
SQL: SHOW COLUMNS FROM `blog_new_list` [ RunTime:0.0141s ]
SQL: SHOW COLUMNS FROM `blog_knowledge` [ RunTime:0.0010s ]
SQL: SELECT blog_new_list.*,blog_menu.name as categoryname,blog_menu.pid FROM `blog_new_list` left join blog_menu on blog_new_list.category_id = blog_menu.id  WHERE ( istop = 1 )  [ RunTime:0.0007s ]
SQL: SELECT blog_knowledge.*,blog_menu.name as categoryname,blog_menu.pid FROM `blog_knowledge` left join blog_menu on blog_knowledge.category_id = blog_menu.id  WHERE ( istop = 1 )  [ RunTime:0.0006s ]
SQL: SELECT `name` FROM `blog_menu` WHERE `id` = '5' LIMIT 1   [ RunTime:0.0004s ]
SQL: SELECT blog_new_list.id,blog_new_list.title,blog_new_list.addtime,blog_menu.pid FROM `blog_new_list` left join blog_menu on blog_new_list.category_id = blog_menu.id  ORDER BY `addtime` desc LIMIT 3   [ RunTime:0.0003s ]
SQL: SELECT blog_knowledge.id,blog_knowledge.title,blog_knowledge.addtime,blog_menu.pid FROM `blog_knowledge` left join blog_menu on  blog_knowledge.category_id = blog_menu.id  ORDER BY `addtime` desc LIMIT 3   [ RunTime:0.0003s ]
SQL: SELECT blog_new_list.id,blog_new_list.title,blog_new_list.addtime,blog_new_list.lookcount,blog_menu.pid FROM `blog_new_list` left join blog_menu on blog_new_list.category_id = blog_menu.id  ORDER BY `lookcount` desc LIMIT 3   [ RunTime:0.0003s ]
SQL: SELECT blog_knowledge.id,blog_knowledge.title,blog_knowledge.addtime,blog_knowledge.lookcount,blog_menu.pid FROM `blog_knowledge` left join blog_menu on  blog_knowledge.category_id = blog_menu.id  ORDER BY `lookcount` desc LIMIT 3   [ RunTime:0.0003s ]
SQL: SHOW COLUMNS FROM `blog_friendly` [ RunTime:0.0005s ]
SQL: SELECT * FROM `blog_friendly` LIMIT 5   [ RunTime:0.0003s ]
SQL: SHOW COLUMNS FROM `blog_info` [ RunTime:0.0008s ]
SQL: SELECT * FROM `blog_info` LIMIT 1   [ RunTime:0.0004s ]
SQL: SELECT blog_new_list.*,blog_menu.name as categoryname FROM `blog_new_list` left join blog_menu on blog_new_list.category_id = blog_menu.id  WHERE ( title like '%%' )  [ RunTime:0.0003s ]
SQL: SELECT blog_knowledge.*,blog_menu.name as categoryname FROM `blog_knowledge` left join blog_menu on blog_knowledge.category_id = blog_menu.id  WHERE ( title like '%%' )  [ RunTime:0.0004s ]

[ 2018-11-25T09:30:21+08:00 ] 127.0.0.1 /index.php?m=Home&c=Index&a=index&search_val=
INFO: [ app_init ] --START--
INFO: Run Behavior\BuildLiteBehavior [ RunTime:0.000009s ]
INFO: [ app_init ] --END-- [ RunTime:0.000532s ]
INFO: [ app_begin ] --START--
INFO: Run Behavior\ReadHtmlCacheBehavior [ RunTime:0.000623s ]
INFO: [ app_begin ] --END-- [ RunTime:0.000653s ]
SQL: SHOW COLUMNS FROM `blog_new_list` [ RunTime:0.0008s ]
SQL: SHOW COLUMNS FROM `blog_knowledge` [ RunTime:0.0010s ]
SQL: SELECT blog_new_list.*,blog_menu.name as categoryname,blog_menu.pid FROM `blog_new_list` left join blog_menu on blog_new_list.category_id = blog_menu.id  WHERE ( istop = 1 )  [ RunTime:0.0004s ]
SQL: SELECT blog_knowledge.*,blog_menu.name as categoryname,blog_menu.pid FROM `blog_knowledge` left join blog_menu on blog_knowledge.category_id = blog_menu.id  WHERE ( istop = 1 )  [ RunTime:0.0004s ]
SQL: SELECT `name` FROM `blog_menu` WHERE `id` = '5' LIMIT 1   [ RunTime:0.0003s ]
SQL: SELECT blog_new_list.id,blog_new_list.title,blog_new_list.addtime,blog_menu.pid FROM `blog_new_list` left join blog_menu on blog_new_list.category_id = blog_menu.id  ORDER BY `addtime` desc LIMIT 3   [ RunTime:0.0002s ]
SQL: SELECT blog_knowledge.id,blog_knowledge.title,blog_knowledge.addtime,blog_menu.pid FROM `blog_knowledge` left join blog_menu on  blog_knowledge.category_id = blog_menu.id  ORDER BY `addtime` desc LIMIT 3   [ RunTime:0.0003s ]
SQL: SELECT blog_new_list.id,blog_new_list.title,blog_new_list.addtime,blog_new_list.lookcount,blog_menu.pid FROM `blog_new_list` left join blog_menu on blog_new_list.category_id = blog_menu.id  ORDER BY `lookcount` desc LIMIT 3   [ RunTime:0.0002s ]
SQL: SELECT blog_knowledge.id,blog_knowledge.title,blog_knowledge.addtime,blog_knowledge.lookcount,blog_menu.pid FROM `blog_knowledge` left join blog_menu on  blog_knowledge.category_id = blog_menu.id  ORDER BY `lookcount` desc LIMIT 3   [ RunTime:0.0003s ]
SQL: SHOW COLUMNS FROM `blog_friendly` [ RunTime:0.0008s ]
SQL: SELECT * FROM `blog_friendly` LIMIT 5   [ RunTime:0.0002s ]
SQL: SHOW COLUMNS FROM `blog_info` [ RunTime:0.0005s ]
SQL: SELECT * FROM `blog_info` LIMIT 1   [ RunTime:0.0005s ]
SQL: SELECT blog_new_list.*,blog_menu.name as categoryname FROM `blog_new_list` left join blog_menu on blog_new_list.category_id = blog_menu.id  WHERE ( title like '%%' )  [ RunTime:0.0002s ]
SQL: SELECT blog_knowledge.*,blog_menu.name as categoryname FROM `blog_knowledge` left join blog_menu on blog_knowledge.category_id = blog_menu.id  WHERE ( title like '%%' )  [ RunTime:0.0003s ]

[ 2018-11-25T09:30:22+08:00 ] 127.0.0.1 /index.php?m=Home&c=Index&a=index&search_val=
INFO: [ app_init ] --START--
INFO: Run Behavior\BuildLiteBehavior [ RunTime:0.000005s ]
INFO: [ app_init ] --END-- [ RunTime:0.000319s ]
INFO: [ app_begin ] --START--
INFO: Run Behavior\ReadHtmlCacheBehavior [ RunTime:0.000388s ]
INFO: [ app_begin ] --END-- [ RunTime:0.000406s ]
SQL: SHOW COLUMNS FROM `blog_new_list` [ RunTime:0.0008s ]
SQL: SHOW COLUMNS FROM `blog_knowledge` [ RunTime:0.0008s ]
SQL: SELECT blog_new_list.*,blog_menu.name as categoryname,blog_menu.pid FROM `blog_new_list` left join blog_menu on blog_new_list.category_id = blog_menu.id  WHERE ( istop = 1 )  [ RunTime:0.0005s ]
SQL: SELECT blog_knowledge.*,blog_menu.name as categoryname,blog_menu.pid FROM `blog_knowledge` left join blog_menu on blog_knowledge.category_id = blog_menu.id  WHERE ( istop = 1 )  [ RunTime:0.0004s ]
SQL: SELECT `name` FROM `blog_menu` WHERE `id` = '5' LIMIT 1   [ RunTime:0.0004s ]
SQL: SELECT blog_new_list.id,blog_new_list.title,blog_new_list.addtime,blog_menu.pid FROM `blog_new_list` left join blog_menu on blog_new_list.category_id = blog_menu.id  ORDER BY `addtime` desc LIMIT 3   [ RunTime:0.0003s ]
SQL: SELECT blog_knowledge.id,blog_knowledge.title,blog_knowledge.addtime,blog_menu.pid FROM `blog_knowledge` left join blog_menu on  blog_knowledge.category_id = blog_menu.id  ORDER BY `addtime` desc LIMIT 3   [ RunTime:0.0005s ]
SQL: SELECT blog_new_list.id,blog_new_list.title,blog_new_list.addtime,blog_new_list.lookcount,blog_menu.pid FROM `blog_new_list` left join blog_menu on blog_new_list.category_id = blog_menu.id  ORDER BY `lookcount` desc LIMIT 3   [ RunTime:0.0003s ]
SQL: SELECT blog_knowledge.id,blog_knowledge.title,blog_knowledge.addtime,blog_knowledge.lookcount,blog_menu.pid FROM `blog_knowledge` left join blog_menu on  blog_knowledge.category_id = blog_menu.id  ORDER BY `lookcount` desc LIMIT 3   [ RunTime:0.0004s ]
SQL: SHOW COLUMNS FROM `blog_friendly` [ RunTime:0.0006s ]
SQL: SELECT * FROM `blog_friendly` LIMIT 5   [ RunTime:0.0004s ]
SQL: SHOW COLUMNS FROM `blog_info` [ RunTime:0.0007s ]
SQL: SELECT * FROM `blog_info` LIMIT 1   [ RunTime:0.0003s ]
SQL: SELECT blog_new_list.*,blog_menu.name as categoryname FROM `blog_new_list` left join blog_menu on blog_new_list.category_id = blog_menu.id  WHERE ( title like '%%' )  [ RunTime:0.0003s ]
SQL: SELECT blog_knowledge.*,blog_menu.name as categoryname FROM `blog_knowledge` left join blog_menu on blog_knowledge.category_id = blog_menu.id  WHERE ( title like '%%' )  [ RunTime:0.0003s ]

[ 2018-11-25T09:30:24+08:00 ] 127.0.0.1 /index.php?m=Home&c=Index&a=index&search_val=ja
INFO: [ app_init ] --START--
INFO: Run Behavior\BuildLiteBehavior [ RunTime:0.000006s ]
INFO: [ app_init ] --END-- [ RunTime:0.000349s ]
INFO: [ app_begin ] --START--
INFO: Run Behavior\ReadHtmlCacheBehavior [ RunTime:0.000429s ]
INFO: [ app_begin ] --END-- [ RunTime:0.000447s ]
SQL: SHOW COLUMNS FROM `blog_new_list` [ RunTime:0.0008s ]
SQL: SHOW COLUMNS FROM `blog_knowledge` [ RunTime:0.0007s ]
SQL: SELECT blog_new_list.*,blog_menu.name as categoryname,blog_menu.pid FROM `blog_new_list` left join blog_menu on blog_new_list.category_id = blog_menu.id  WHERE ( istop = 1 )  [ RunTime:0.0005s ]
SQL: SELECT blog_knowledge.*,blog_menu.name as categoryname,blog_menu.pid FROM `blog_knowledge` left join blog_menu on blog_knowledge.category_id = blog_menu.id  WHERE ( istop = 1 )  [ RunTime:0.0004s ]
SQL: SELECT `name` FROM `blog_menu` WHERE `id` = '5' LIMIT 1   [ RunTime:0.0003s ]
SQL: SELECT blog_new_list.id,blog_new_list.title,blog_new_list.addtime,blog_menu.pid FROM `blog_new_list` left join blog_menu on blog_new_list.category_id = blog_menu.id  ORDER BY `addtime` desc LIMIT 3   [ RunTime:0.0003s ]
SQL: SELECT blog_knowledge.id,blog_knowledge.title,blog_knowledge.addtime,blog_menu.pid FROM `blog_knowledge` left join blog_menu on  blog_knowledge.category_id = blog_menu.id  ORDER BY `addtime` desc LIMIT 3   [ RunTime:0.0003s ]
SQL: SELECT blog_new_list.id,blog_new_list.title,blog_new_list.addtime,blog_new_list.lookcount,blog_menu.pid FROM `blog_new_list` left join blog_menu on blog_new_list.category_id = blog_menu.id  ORDER BY `lookcount` desc LIMIT 3   [ RunTime:0.0002s ]
SQL: SELECT blog_knowledge.id,blog_knowledge.title,blog_knowledge.addtime,blog_knowledge.lookcount,blog_menu.pid FROM `blog_knowledge` left join blog_menu on  blog_knowledge.category_id = blog_menu.id  ORDER BY `lookcount` desc LIMIT 3   [ RunTime:0.0003s ]
SQL: SHOW COLUMNS FROM `blog_friendly` [ RunTime:0.0006s ]
SQL: SELECT * FROM `blog_friendly` LIMIT 5   [ RunTime:0.0004s ]
SQL: SHOW COLUMNS FROM `blog_info` [ RunTime:0.0007s ]
SQL: SELECT * FROM `blog_info` LIMIT 1   [ RunTime:0.0004s ]
SQL: SELECT blog_new_list.*,blog_menu.name as categoryname FROM `blog_new_list` left join blog_menu on blog_new_list.category_id = blog_menu.id  WHERE ( title like '%ja%' )  [ RunTime:0.0004s ]
SQL: SELECT blog_knowledge.*,blog_menu.name as categoryname FROM `blog_knowledge` left join blog_menu on blog_knowledge.category_id = blog_menu.id  WHERE ( title like '%ja%' )  [ RunTime:0.0004s ]

[ 2018-11-25T09:30:27+08:00 ] 127.0.0.1 /index.php?m=Home&c=Index&a=index&search_val=j
INFO: [ app_init ] --START--
INFO: Run Behavior\BuildLiteBehavior [ RunTime:0.000007s ]
INFO: [ app_init ] --END-- [ RunTime:0.000321s ]
INFO: [ app_begin ] --START--
INFO: Run Behavior\ReadHtmlCacheBehavior [ RunTime:0.000461s ]
INFO: [ app_begin ] --END-- [ RunTime:0.000498s ]
SQL: SHOW COLUMNS FROM `blog_new_list` [ RunTime:0.0007s ]
SQL: SHOW COLUMNS FROM `blog_knowledge` [ RunTime:0.0007s ]
SQL: SELECT blog_new_list.*,blog_menu.name as categoryname,blog_menu.pid FROM `blog_new_list` left join blog_menu on blog_new_list.category_id = blog_menu.id  WHERE ( istop = 1 )  [ RunTime:0.0004s ]
SQL: SELECT blog_knowledge.*,blog_menu.name as categoryname,blog_menu.pid FROM `blog_knowledge` left join blog_menu on blog_knowledge.category_id = blog_menu.id  WHERE ( istop = 1 )  [ RunTime:0.0004s ]
SQL: SELECT `name` FROM `blog_menu` WHERE `id` = '5' LIMIT 1   [ RunTime:0.0003s ]
SQL: SELECT blog_new_list.id,blog_new_list.title,blog_new_list.addtime,blog_menu.pid FROM `blog_new_list` left join blog_menu on blog_new_list.category_id = blog_menu.id  ORDER BY `addtime` desc LIMIT 3   [ RunTime:0.0003s ]
SQL: SELECT blog_knowledge.id,blog_knowledge.title,blog_knowledge.addtime,blog_menu.pid FROM `blog_knowledge` left join blog_menu on  blog_knowledge.category_id = blog_menu.id  ORDER BY `addtime` desc LIMIT 3   [ RunTime:0.0003s ]
SQL: SELECT blog_new_list.id,blog_new_list.title,blog_new_list.addtime,blog_new_list.lookcount,blog_menu.pid FROM `blog_new_list` left join blog_menu on blog_new_list.category_id = blog_menu.id  ORDER BY `lookcount` desc LIMIT 3   [ RunTime:0.0003s ]
SQL: SELECT blog_knowledge.id,blog_knowledge.title,blog_knowledge.addtime,blog_knowledge.lookcount,blog_menu.pid FROM `blog_knowledge` left join blog_menu on  blog_knowledge.category_id = blog_menu.id  ORDER BY `lookcount` desc LIMIT 3   [ RunTime:0.0003s ]
SQL: SHOW COLUMNS FROM `blog_friendly` [ RunTime:0.0007s ]
SQL: SELECT * FROM `blog_friendly` LIMIT 5   [ RunTime:0.0002s ]
SQL: SHOW COLUMNS FROM `blog_info` [ RunTime:0.0007s ]
SQL: SELECT * FROM `blog_info` LIMIT 1   [ RunTime:0.0003s ]
SQL: SELECT blog_new_list.*,blog_menu.name as categoryname FROM `blog_new_list` left join blog_menu on blog_new_list.category_id = blog_menu.id  WHERE ( title like '%j%' )  [ RunTime:0.0004s ]
SQL: SELECT blog_knowledge.*,blog_menu.name as categoryname FROM `blog_knowledge` left join blog_menu on blog_knowledge.category_id = blog_menu.id  WHERE ( title like '%j%' )  [ RunTime:0.0004s ]

[ 2018-11-25T09:30:53+08:00 ] 127.0.0.1 /index.php?m=Home&c=Index&a=index&search_val=
INFO: [ app_init ] --START--
INFO: Run Behavior\BuildLiteBehavior [ RunTime:0.000008s ]
INFO: [ app_init ] --END-- [ RunTime:0.000513s ]
INFO: [ app_begin ] --START--
INFO: Run Behavior\ReadHtmlCacheBehavior [ RunTime:0.000649s ]
INFO: [ app_begin ] --END-- [ RunTime:0.000680s ]
SQL: SHOW COLUMNS FROM `blog_new_list` [ RunTime:0.0012s ]
SQL: SHOW COLUMNS FROM `blog_knowledge` [ RunTime:0.0008s ]
SQL: SELECT blog_new_list.*,blog_menu.name as categoryname,blog_menu.pid FROM `blog_new_list` left join blog_menu on blog_new_list.category_id = blog_menu.id  WHERE ( istop = 1 )  [ RunTime:0.0004s ]
SQL: SELECT blog_knowledge.*,blog_menu.name as categoryname,blog_menu.pid FROM `blog_knowledge` left join blog_menu on blog_knowledge.category_id = blog_menu.id  WHERE ( istop = 1 )  [ RunTime:0.0004s ]
SQL: SELECT `name` FROM `blog_menu` WHERE `id` = '5' LIMIT 1   [ RunTime:0.0003s ]
SQL: SELECT blog_new_list.id,blog_new_list.title,blog_new_list.addtime,blog_menu.pid FROM `blog_new_list` left join blog_menu on blog_new_list.category_id = blog_menu.id  ORDER BY `addtime` desc LIMIT 3   [ RunTime:0.0003s ]
SQL: SELECT blog_knowledge.id,blog_knowledge.title,blog_knowledge.addtime,blog_menu.pid FROM `blog_knowledge` left join blog_menu on  blog_knowledge.category_id = blog_menu.id  ORDER BY `addtime` desc LIMIT 3   [ RunTime:0.0003s ]
SQL: SELECT blog_new_list.id,blog_new_list.title,blog_new_list.addtime,blog_new_list.lookcount,blog_menu.pid FROM `blog_new_list` left join blog_menu on blog_new_list.category_id = blog_menu.id  ORDER BY `lookcount` desc LIMIT 3   [ RunTime:0.0003s ]
SQL: SELECT blog_knowledge.id,blog_knowledge.title,blog_knowledge.addtime,blog_knowledge.lookcount,blog_menu.pid FROM `blog_knowledge` left join blog_menu on  blog_knowledge.category_id = blog_menu.id  ORDER BY `lookcount` desc LIMIT 3   [ RunTime:0.0003s ]
SQL: SHOW COLUMNS FROM `blog_friendly` [ RunTime:0.0005s ]
SQL: SELECT * FROM `blog_friendly` LIMIT 5   [ RunTime:0.0003s ]
SQL: SHOW COLUMNS FROM `blog_info` [ RunTime:0.0006s ]
SQL: SELECT * FROM `blog_info` LIMIT 1   [ RunTime:0.0003s ]
SQL: SELECT blog_new_list.*,blog_menu.name as categoryname FROM `blog_new_list` left join blog_menu on blog_new_list.category_id = blog_menu.id  WHERE ( title like '%%' )  [ RunTime:0.0004s ]
SQL: SELECT blog_knowledge.*,blog_menu.name as categoryname FROM `blog_knowledge` left join blog_menu on blog_knowledge.category_id = blog_menu.id  WHERE ( title like '%%' )  [ RunTime:0.0004s ]

[ 2018-11-25T09:31:31+08:00 ] 127.0.0.1 /index.php
INFO: [ app_init ] --START--
INFO: Run Behavior\BuildLiteBehavior [ RunTime:0.000011s ]
INFO: [ app_init ] --END-- [ RunTime:0.000600s ]
INFO: [ app_begin ] --START--
INFO: Run Behavior\ReadHtmlCacheBehavior [ RunTime:0.000517s ]
INFO: [ app_begin ] --END-- [ RunTime:0.000546s ]
SQL: SHOW COLUMNS FROM `blog_new_list` [ RunTime:0.0010s ]
SQL: SHOW COLUMNS FROM `blog_knowledge` [ RunTime:0.0008s ]
SQL: SELECT blog_new_list.*,blog_menu.name as categoryname,blog_menu.pid FROM `blog_new_list` left join blog_menu on blog_new_list.category_id = blog_menu.id  WHERE ( istop = 1 )  [ RunTime:0.0005s ]
SQL: SELECT blog_knowledge.*,blog_menu.name as categoryname,blog_menu.pid FROM `blog_knowledge` left join blog_menu on blog_knowledge.category_id = blog_menu.id  WHERE ( istop = 1 )  [ RunTime:0.0004s ]
SQL: SELECT `name` FROM `blog_menu` WHERE `id` = '5' LIMIT 1   [ RunTime:0.0004s ]
SQL: SELECT blog_new_list.id,blog_new_list.title,blog_new_list.addtime,blog_menu.pid FROM `blog_new_list` left join blog_menu on blog_new_list.category_id = blog_menu.id  ORDER BY `addtime` desc LIMIT 3   [ RunTime:0.0003s ]
SQL: SELECT blog_knowledge.id,blog_knowledge.title,blog_knowledge.addtime,blog_menu.pid FROM `blog_knowledge` left join blog_menu on  blog_knowledge.category_id = blog_menu.id  ORDER BY `addtime` desc LIMIT 3   [ RunTime:0.0003s ]
SQL: SELECT blog_new_list.id,blog_new_list.title,blog_new_list.addtime,blog_new_list.lookcount,blog_menu.pid FROM `blog_new_list` left join blog_menu on blog_new_list.category_id = blog_menu.id  ORDER BY `lookcount` desc LIMIT 3   [ RunTime:0.0003s ]
SQL: SELECT blog_knowledge.id,blog_knowledge.title,blog_knowledge.addtime,blog_knowledge.lookcount,blog_menu.pid FROM `blog_knowledge` left join blog_menu on  blog_knowledge.category_id = blog_menu.id  ORDER BY `lookcount` desc LIMIT 3   [ RunTime:0.0003s ]
SQL: SHOW COLUMNS FROM `blog_friendly` [ RunTime:0.0007s ]
SQL: SELECT * FROM `blog_friendly` LIMIT 5   [ RunTime:0.0003s ]
SQL: SHOW COLUMNS FROM `blog_info` [ RunTime:0.0007s ]
SQL: SELECT * FROM `blog_info` LIMIT 1   [ RunTime:0.0004s ]
INFO: [ view_parse ] --START--
INFO: [ template_filter ] --START--
INFO: Run Behavior\ContentReplaceBehavior [ RunTime:0.000050s ]
INFO: [ template_filter ] --END-- [ RunTime:0.000076s ]
NOTIC: [8] Undefined variable: pos_val F:\Blog\Application\Common\Common\function.php 第 81 行.
INFO: Run Behavior\ParseTemplateBehavior [ RunTime:0.036524s ]
INFO: [ view_parse ] --END-- [ RunTime:0.036553s ]
INFO: [ view_filter ] --START--
INFO: Run Behavior\WriteHtmlCacheBehavior [ RunTime:0.000565s ]
INFO: [ view_filter ] --END-- [ RunTime:0.000587s ]
INFO: [ app_end ] --START--
INFO: Run Behavior\ShowPageTraceBehavior [ RunTime:0.002474s ]
INFO: [ app_end ] --END-- [ RunTime:0.002515s ]

[ 2018-11-25T09:31:36+08:00 ] 127.0.0.1 /index.php?m=Home&c=Index&a=index&search_val=
INFO: [ app_init ] --START--
INFO: Run Behavior\BuildLiteBehavior [ RunTime:0.000008s ]
INFO: [ app_init ] --END-- [ RunTime:0.000443s ]
INFO: [ app_begin ] --START--
INFO: Run Behavior\ReadHtmlCacheBehavior [ RunTime:0.000436s ]
INFO: [ app_begin ] --END-- [ RunTime:0.000457s ]
SQL: SHOW COLUMNS FROM `blog_new_list` [ RunTime:0.0009s ]
SQL: SHOW COLUMNS FROM `blog_knowledge` [ RunTime:0.0007s ]
SQL: SELECT blog_new_list.*,blog_menu.name as categoryname,blog_menu.pid FROM `blog_new_list` left join blog_menu on blog_new_list.category_id = blog_menu.id  WHERE ( istop = 1 )  [ RunTime:0.0004s ]
SQL: SELECT blog_knowledge.*,blog_menu.name as categoryname,blog_menu.pid FROM `blog_knowledge` left join blog_menu on blog_knowledge.category_id = blog_menu.id  WHERE ( istop = 1 )  [ RunTime:0.0005s ]
SQL: SELECT `name` FROM `blog_menu` WHERE `id` = '5' LIMIT 1   [ RunTime:0.0003s ]
SQL: SELECT blog_new_list.id,blog_new_list.title,blog_new_list.addtime,blog_menu.pid FROM `blog_new_list` left join blog_menu on blog_new_list.category_id = blog_menu.id  ORDER BY `addtime` desc LIMIT 3   [ RunTime:0.0003s ]
SQL: SELECT blog_knowledge.id,blog_knowledge.title,blog_knowledge.addtime,blog_menu.pid FROM `blog_knowledge` left join blog_menu on  blog_knowledge.category_id = blog_menu.id  ORDER BY `addtime` desc LIMIT 3   [ RunTime:0.0003s ]
SQL: SELECT blog_new_list.id,blog_new_list.title,blog_new_list.addtime,blog_new_list.lookcount,blog_menu.pid FROM `blog_new_list` left join blog_menu on blog_new_list.category_id = blog_menu.id  ORDER BY `lookcount` desc LIMIT 3   [ RunTime:0.0003s ]
SQL: SELECT blog_knowledge.id,blog_knowledge.title,blog_knowledge.addtime,blog_knowledge.lookcount,blog_menu.pid FROM `blog_knowledge` left join blog_menu on  blog_knowledge.category_id = blog_menu.id  ORDER BY `lookcount` desc LIMIT 3   [ RunTime:0.0003s ]
SQL: SHOW COLUMNS FROM `blog_friendly` [ RunTime:0.0007s ]
SQL: SELECT * FROM `blog_friendly` LIMIT 5   [ RunTime:0.0004s ]
SQL: SHOW COLUMNS FROM `blog_info` [ RunTime:0.0007s ]
SQL: SELECT * FROM `blog_info` LIMIT 1   [ RunTime:0.0003s ]
SQL: SELECT blog_new_list.*,blog_menu.name as categoryname FROM `blog_new_list` left join blog_menu on blog_new_list.category_id = blog_menu.id  WHERE ( title like '%%' )  [ RunTime:0.0003s ]
SQL: SELECT blog_knowledge.*,blog_menu.name as categoryname FROM `blog_knowledge` left join blog_menu on blog_knowledge.category_id = blog_menu.id  WHERE ( title like '%%' )  [ RunTime:0.0004s ]

[ 2018-11-25T09:34:38+08:00 ] 127.0.0.1 /index.php
INFO: [ app_init ] --START--
INFO: Run Behavior\BuildLiteBehavior [ RunTime:0.000019s ]
INFO: [ app_init ] --END-- [ RunTime:0.000851s ]
INFO: [ app_begin ] --START--
INFO: Run Behavior\ReadHtmlCacheBehavior [ RunTime:0.001205s ]
INFO: [ app_begin ] --END-- [ RunTime:0.001269s ]
SQL: SHOW COLUMNS FROM `blog_new_list` [ RunTime:0.0007s ]
SQL: SHOW COLUMNS FROM `blog_knowledge` [ RunTime:0.0010s ]
SQL: SELECT blog_new_list.*,blog_menu.name as categoryname,blog_menu.pid FROM `blog_new_list` left join blog_menu on blog_new_list.category_id = blog_menu.id  WHERE ( istop = 1 )  [ RunTime:0.0006s ]
SQL: SELECT blog_knowledge.*,blog_menu.name as categoryname,blog_menu.pid FROM `blog_knowledge` left join blog_menu on blog_knowledge.category_id = blog_menu.id  WHERE ( istop = 1 )  [ RunTime:0.0004s ]
SQL: SELECT `name` FROM `blog_menu` WHERE `id` = '5' LIMIT 1   [ RunTime:0.0003s ]
SQL: SELECT blog_new_list.id,blog_new_list.title,blog_new_list.addtime,blog_menu.pid FROM `blog_new_list` left join blog_menu on blog_new_list.category_id = blog_menu.id  ORDER BY `addtime` desc LIMIT 3   [ RunTime:0.0004s ]
SQL: SELECT blog_knowledge.id,blog_knowledge.title,blog_knowledge.addtime,blog_menu.pid FROM `blog_knowledge` left join blog_menu on  blog_knowledge.category_id = blog_menu.id  ORDER BY `addtime` desc LIMIT 3   [ RunTime:0.0003s ]
SQL: SELECT blog_new_list.id,blog_new_list.title,blog_new_list.addtime,blog_new_list.lookcount,blog_menu.pid FROM `blog_new_list` left join blog_menu on blog_new_list.category_id = blog_menu.id  ORDER BY `lookcount` desc LIMIT 3   [ RunTime:0.0003s ]
SQL: SELECT blog_knowledge.id,blog_knowledge.title,blog_knowledge.addtime,blog_knowledge.lookcount,blog_menu.pid FROM `blog_knowledge` left join blog_menu on  blog_knowledge.category_id = blog_menu.id  ORDER BY `lookcount` desc LIMIT 3   [ RunTime:0.0005s ]
SQL: SHOW COLUMNS FROM `blog_friendly` [ RunTime:0.0007s ]
SQL: SELECT * FROM `blog_friendly` LIMIT 5   [ RunTime:0.0002s ]
SQL: SHOW COLUMNS FROM `blog_info` [ RunTime:0.0004s ]
SQL: SELECT * FROM `blog_info` LIMIT 1   [ RunTime:0.0002s ]
INFO: [ view_parse ] --START--
INFO: [ template_filter ] --START--
INFO: Run Behavior\ContentReplaceBehavior [ RunTime:0.000053s ]
INFO: [ template_filter ] --END-- [ RunTime:0.000078s ]
NOTIC: [8] Undefined variable: pos_val F:\Blog\Application\Common\Common\function.php 第 81 行.
INFO: Run Behavior\ParseTemplateBehavior [ RunTime:0.026047s ]
INFO: [ view_parse ] --END-- [ RunTime:0.026099s ]
INFO: [ view_filter ] --START--
INFO: Run Behavior\WriteHtmlCacheBehavior [ RunTime:0.000952s ]
INFO: [ view_filter ] --END-- [ RunTime:0.001067s ]
INFO: [ app_end ] --START--
INFO: Run Behavior\ShowPageTraceBehavior [ RunTime:0.001614s ]
INFO: [ app_end ] --END-- [ RunTime:0.001830s ]

[ 2018-11-25T09:34:40+08:00 ] 127.0.0.1 /index.php?m=Home&c=Index&a=index&search_val=
INFO: [ app_init ] --START--
INFO: Run Behavior\BuildLiteBehavior [ RunTime:0.000007s ]
INFO: [ app_init ] --END-- [ RunTime:0.000322s ]
INFO: [ app_begin ] --START--
INFO: Run Behavior\ReadHtmlCacheBehavior [ RunTime:0.000456s ]
INFO: [ app_begin ] --END-- [ RunTime:0.000474s ]
SQL: SHOW COLUMNS FROM `blog_new_list` [ RunTime:0.0008s ]
SQL: SHOW COLUMNS FROM `blog_knowledge` [ RunTime:0.0007s ]
SQL: SELECT blog_new_list.*,blog_menu.name as categoryname,blog_menu.pid FROM `blog_new_list` left join blog_menu on blog_new_list.category_id = blog_menu.id  WHERE ( istop = 1 )  [ RunTime:0.0004s ]
SQL: SELECT blog_knowledge.*,blog_menu.name as categoryname,blog_menu.pid FROM `blog_knowledge` left join blog_menu on blog_knowledge.category_id = blog_menu.id  WHERE ( istop = 1 )  [ RunTime:0.0004s ]
SQL: SELECT `name` FROM `blog_menu` WHERE `id` = '5' LIMIT 1   [ RunTime:0.0004s ]
SQL: SELECT blog_new_list.id,blog_new_list.title,blog_new_list.addtime,blog_menu.pid FROM `blog_new_list` left join blog_menu on blog_new_list.category_id = blog_menu.id  ORDER BY `addtime` desc LIMIT 3   [ RunTime:0.0003s ]
SQL: SELECT blog_knowledge.id,blog_knowledge.title,blog_knowledge.addtime,blog_menu.pid FROM `blog_knowledge` left join blog_menu on  blog_knowledge.category_id = blog_menu.id  ORDER BY `addtime` desc LIMIT 3   [ RunTime:0.0004s ]
SQL: SELECT blog_new_list.id,blog_new_list.title,blog_new_list.addtime,blog_new_list.lookcount,blog_menu.pid FROM `blog_new_list` left join blog_menu on blog_new_list.category_id = blog_menu.id  ORDER BY `lookcount` desc LIMIT 3   [ RunTime:0.0004s ]
SQL: SELECT blog_knowledge.id,blog_knowledge.title,blog_knowledge.addtime,blog_knowledge.lookcount,blog_menu.pid FROM `blog_knowledge` left join blog_menu on  blog_knowledge.category_id = blog_menu.id  ORDER BY `lookcount` desc LIMIT 3   [ RunTime:0.0003s ]
SQL: SHOW COLUMNS FROM `blog_friendly` [ RunTime:0.0252s ]
SQL: SELECT * FROM `blog_friendly` LIMIT 5   [ RunTime:0.0003s ]
SQL: SHOW COLUMNS FROM `blog_info` [ RunTime:0.0005s ]
SQL: SELECT * FROM `blog_info` LIMIT 1   [ RunTime:0.0003s ]
SQL: SELECT blog_new_list.*,blog_menu.name as categoryname FROM `blog_new_list` left join blog_menu on blog_new_list.category_id = blog_menu.id  WHERE ( title like '%%' )  [ RunTime:0.0003s ]
SQL: SELECT blog_knowledge.*,blog_menu.name as categoryname FROM `blog_knowledge` left join blog_menu on blog_knowledge.category_id = blog_menu.id  WHERE ( title like '%%' )  [ RunTime:0.0004s ]
NOTIC: [8] Undefined variable: pos_val F:\Blog\Application\Common\Common\function.php 第 81 行.
NOTIC: [8] Undefined variable: pos_val F:\Blog\Application\Common\Common\function.php 第 81 行.
NOTIC: [8] Undefined variable: pos_val F:\Blog\Application\Common\Common\function.php 第 81 行.

[ 2018-11-25T09:35:38+08:00 ] 127.0.0.1 /index.php
INFO: [ app_init ] --START--
INFO: Run Behavior\BuildLiteBehavior [ RunTime:0.000007s ]
INFO: [ app_init ] --END-- [ RunTime:0.000482s ]
INFO: [ app_begin ] --START--
INFO: Run Behavior\ReadHtmlCacheBehavior [ RunTime:0.001360s ]
INFO: [ app_begin ] --END-- [ RunTime:0.001395s ]
SQL: SHOW COLUMNS FROM `blog_new_list` [ RunTime:0.0010s ]
SQL: SHOW COLUMNS FROM `blog_knowledge` [ RunTime:0.0009s ]
SQL: SELECT blog_new_list.*,blog_menu.name as categoryname,blog_menu.pid FROM `blog_new_list` left join blog_menu on blog_new_list.category_id = blog_menu.id  WHERE ( istop = 1 )  [ RunTime:0.0004s ]
SQL: SELECT blog_knowledge.*,blog_menu.name as categoryname,blog_menu.pid FROM `blog_knowledge` left join blog_menu on blog_knowledge.category_id = blog_menu.id  WHERE ( istop = 1 )  [ RunTime:0.0006s ]
SQL: SELECT `name` FROM `blog_menu` WHERE `id` = '5' LIMIT 1   [ RunTime:0.0003s ]
SQL: SELECT blog_new_list.id,blog_new_list.title,blog_new_list.addtime,blog_menu.pid FROM `blog_new_list` left join blog_menu on blog_new_list.category_id = blog_menu.id  ORDER BY `addtime` desc LIMIT 3   [ RunTime:0.0004s ]
SQL: SELECT blog_knowledge.id,blog_knowledge.title,blog_knowledge.addtime,blog_menu.pid FROM `blog_knowledge` left join blog_menu on  blog_knowledge.category_id = blog_menu.id  ORDER BY `addtime` desc LIMIT 3   [ RunTime:0.0004s ]
SQL: SELECT blog_new_list.id,blog_new_list.title,blog_new_list.addtime,blog_new_list.lookcount,blog_menu.pid FROM `blog_new_list` left join blog_menu on blog_new_list.category_id = blog_menu.id  ORDER BY `lookcount` desc LIMIT 3   [ RunTime:0.0004s ]
SQL: SELECT blog_knowledge.id,blog_knowledge.title,blog_knowledge.addtime,blog_knowledge.lookcount,blog_menu.pid FROM `blog_knowledge` left join blog_menu on  blog_knowledge.category_id = blog_menu.id  ORDER BY `lookcount` desc LIMIT 3   [ RunTime:0.0003s ]
SQL: SHOW COLUMNS FROM `blog_friendly` [ RunTime:0.0006s ]
SQL: SELECT * FROM `blog_friendly` LIMIT 5   [ RunTime:0.0002s ]
SQL: SHOW COLUMNS FROM `blog_info` [ RunTime:0.0005s ]
SQL: SELECT * FROM `blog_info` LIMIT 1   [ RunTime:0.0003s ]
INFO: [ view_parse ] --START--
INFO: [ template_filter ] --START--
INFO: Run Behavior\ContentReplaceBehavior [ RunTime:0.000055s ]
INFO: [ template_filter ] --END-- [ RunTime:0.000086s ]
NOTIC: [8] Undefined variable: pos_val F:\Blog\Application\Common\Common\function.php 第 81 行.
INFO: Run Behavior\ParseTemplateBehavior [ RunTime:0.011326s ]
INFO: [ view_parse ] --END-- [ RunTime:0.011363s ]
INFO: [ view_filter ] --START--
INFO: Run Behavior\WriteHtmlCacheBehavior [ RunTime:0.000665s ]
INFO: [ view_filter ] --END-- [ RunTime:0.000695s ]
INFO: [ app_end ] --START--
INFO: Run Behavior\ShowPageTraceBehavior [ RunTime:0.000971s ]
INFO: [ app_end ] --END-- [ RunTime:0.001013s ]

[ 2018-11-25T09:35:39+08:00 ] 127.0.0.1 /index.php?m=Home&c=Index&a=index&search_val=
INFO: [ app_init ] --START--
INFO: Run Behavior\BuildLiteBehavior [ RunTime:0.000006s ]
INFO: [ app_init ] --END-- [ RunTime:0.000324s ]
INFO: [ app_begin ] --START--
INFO: Run Behavior\ReadHtmlCacheBehavior [ RunTime:0.000598s ]
INFO: [ app_begin ] --END-- [ RunTime:0.000633s ]
SQL: SHOW COLUMNS FROM `blog_new_list` [ RunTime:0.0009s ]
SQL: SHOW COLUMNS FROM `blog_knowledge` [ RunTime:0.0008s ]
SQL: SELECT blog_new_list.*,blog_menu.name as categoryname,blog_menu.pid FROM `blog_new_list` left join blog_menu on blog_new_list.category_id = blog_menu.id  WHERE ( istop = 1 )  [ RunTime:0.0004s ]
SQL: SELECT blog_knowledge.*,blog_menu.name as categoryname,blog_menu.pid FROM `blog_knowledge` left join blog_menu on blog_knowledge.category_id = blog_menu.id  WHERE ( istop = 1 )  [ RunTime:0.0004s ]
SQL: SELECT `name` FROM `blog_menu` WHERE `id` = '5' LIMIT 1   [ RunTime:0.0003s ]
SQL: SELECT blog_new_list.id,blog_new_list.title,blog_new_list.addtime,blog_menu.pid FROM `blog_new_list` left join blog_menu on blog_new_list.category_id = blog_menu.id  ORDER BY `addtime` desc LIMIT 3   [ RunTime:0.0003s ]
SQL: SELECT blog_knowledge.id,blog_knowledge.title,blog_knowledge.addtime,blog_menu.pid FROM `blog_knowledge` left join blog_menu on  blog_knowledge.category_id = blog_menu.id  ORDER BY `addtime` desc LIMIT 3   [ RunTime:0.0003s ]
SQL: SELECT blog_new_list.id,blog_new_list.title,blog_new_list.addtime,blog_new_list.lookcount,blog_menu.pid FROM `blog_new_list` left join blog_menu on blog_new_list.category_id = blog_menu.id  ORDER BY `lookcount` desc LIMIT 3   [ RunTime:0.0003s ]
SQL: SELECT blog_knowledge.id,blog_knowledge.title,blog_knowledge.addtime,blog_knowledge.lookcount,blog_menu.pid FROM `blog_knowledge` left join blog_menu on  blog_knowledge.category_id = blog_menu.id  ORDER BY `lookcount` desc LIMIT 3   [ RunTime:0.0003s ]
SQL: SHOW COLUMNS FROM `blog_friendly` [ RunTime:0.0008s ]
SQL: SELECT * FROM `blog_friendly` LIMIT 5   [ RunTime:0.0002s ]
SQL: SHOW COLUMNS FROM `blog_info` [ RunTime:0.0005s ]
SQL: SELECT * FROM `blog_info` LIMIT 1   [ RunTime:0.0003s ]
SQL: SELECT blog_new_list.*,blog_menu.name as categoryname FROM `blog_new_list` left join blog_menu on blog_new_list.category_id = blog_menu.id  WHERE ( title like '%%' )  [ RunTime:0.0003s ]
SQL: SELECT blog_knowledge.*,blog_menu.name as categoryname FROM `blog_knowledge` left join blog_menu on blog_knowledge.category_id = blog_menu.id  WHERE ( title like '%%' )  [ RunTime:0.0003s ]
NOTIC: [8] Undefined variable: pos_val F:\Blog\Application\Common\Common\function.php 第 81 行.
NOTIC: [8] Undefined variable: pos_val F:\Blog\Application\Common\Common\function.php 第 81 行.
NOTIC: [8] Undefined variable: pos_val F:\Blog\Application\Common\Common\function.php 第 81 行.

[ 2018-11-25T09:35:48+08:00 ] 127.0.0.1 /index.php?m=Home&c=Index&a=index
INFO: [ app_init ] --START--
INFO: Run Behavior\BuildLiteBehavior [ RunTime:0.000015s ]
INFO: [ app_init ] --END-- [ RunTime:0.000531s ]
INFO: [ app_begin ] --START--
INFO: Run Behavior\ReadHtmlCacheBehavior [ RunTime:0.000704s ]
INFO: [ app_begin ] --END-- [ RunTime:0.000753s ]
SQL: SHOW COLUMNS FROM `blog_new_list` [ RunTime:0.0011s ]
SQL: SHOW COLUMNS FROM `blog_knowledge` [ RunTime:0.0009s ]
SQL: SELECT blog_new_list.*,blog_menu.name as categoryname,blog_menu.pid FROM `blog_new_list` left join blog_menu on blog_new_list.category_id = blog_menu.id  WHERE ( istop = 1 )  [ RunTime:0.0005s ]
SQL: SELECT blog_knowledge.*,blog_menu.name as categoryname,blog_menu.pid FROM `blog_knowledge` left join blog_menu on blog_knowledge.category_id = blog_menu.id  WHERE ( istop = 1 )  [ RunTime:0.0006s ]
SQL: SELECT `name` FROM `blog_menu` WHERE `id` = '5' LIMIT 1   [ RunTime:0.0003s ]
SQL: SELECT blog_new_list.id,blog_new_list.title,blog_new_list.addtime,blog_menu.pid FROM `blog_new_list` left join blog_menu on blog_new_list.category_id = blog_menu.id  ORDER BY `addtime` desc LIMIT 3   [ RunTime:0.0003s ]
SQL: SELECT blog_knowledge.id,blog_knowledge.title,blog_knowledge.addtime,blog_menu.pid FROM `blog_knowledge` left join blog_menu on  blog_knowledge.category_id = blog_menu.id  ORDER BY `addtime` desc LIMIT 3   [ RunTime:0.0003s ]
SQL: SELECT blog_new_list.id,blog_new_list.title,blog_new_list.addtime,blog_new_list.lookcount,blog_menu.pid FROM `blog_new_list` left join blog_menu on blog_new_list.category_id = blog_menu.id  ORDER BY `lookcount` desc LIMIT 3   [ RunTime:0.0003s ]
SQL: SELECT blog_knowledge.id,blog_knowledge.title,blog_knowledge.addtime,blog_knowledge.lookcount,blog_menu.pid FROM `blog_knowledge` left join blog_menu on  blog_knowledge.category_id = blog_menu.id  ORDER BY `lookcount` desc LIMIT 3   [ RunTime:0.0003s ]
SQL: SHOW COLUMNS FROM `blog_friendly` [ RunTime:0.0006s ]
SQL: SELECT * FROM `blog_friendly` LIMIT 5   [ RunTime:0.0003s ]
SQL: SHOW COLUMNS FROM `blog_info` [ RunTime:0.0005s ]
SQL: SELECT * FROM `blog_info` LIMIT 1   [ RunTime:0.0003s ]
INFO: [ view_parse ] --START--
INFO: [ template_filter ] --START--
INFO: Run Behavior\ContentReplaceBehavior [ RunTime:0.000051s ]
INFO: [ template_filter ] --END-- [ RunTime:0.000090s ]
NOTIC: [8] Undefined variable: pos_val F:\Blog\Application\Common\Common\function.php 第 81 行.
INFO: Run Behavior\ParseTemplateBehavior [ RunTime:0.009960s ]
INFO: [ view_parse ] --END-- [ RunTime:0.009988s ]
INFO: [ view_filter ] --START--
INFO: Run Behavior\WriteHtmlCacheBehavior [ RunTime:0.000485s ]
INFO: [ view_filter ] --END-- [ RunTime:0.000514s ]
INFO: [ app_end ] --START--
INFO: Run Behavior\ShowPageTraceBehavior [ RunTime:0.000838s ]
INFO: [ app_end ] --END-- [ RunTime:0.000884s ]

[ 2018-11-25T09:35:51+08:00 ] 127.0.0.1 /index.php?m=Home&c=Index&a=index
INFO: [ app_init ] --START--
INFO: Run Behavior\BuildLiteBehavior [ RunTime:0.000011s ]
INFO: [ app_init ] --END-- [ RunTime:0.000572s ]
INFO: [ app_begin ] --START--
INFO: Run Behavior\ReadHtmlCacheBehavior [ RunTime:0.000705s ]
INFO: [ app_begin ] --END-- [ RunTime:0.000750s ]
SQL: SHOW COLUMNS FROM `blog_new_list` [ RunTime:0.0010s ]
SQL: SHOW COLUMNS FROM `blog_knowledge` [ RunTime:0.0007s ]
SQL: SELECT blog_new_list.*,blog_menu.name as categoryname,blog_menu.pid FROM `blog_new_list` left join blog_menu on blog_new_list.category_id = blog_menu.id  WHERE ( istop = 1 )  [ RunTime:0.0004s ]
SQL: SELECT blog_knowledge.*,blog_menu.name as categoryname,blog_menu.pid FROM `blog_knowledge` left join blog_menu on blog_knowledge.category_id = blog_menu.id  WHERE ( istop = 1 )  [ RunTime:0.0005s ]
SQL: SELECT `name` FROM `blog_menu` WHERE `id` = '5' LIMIT 1   [ RunTime:0.0003s ]
SQL: SELECT blog_new_list.id,blog_new_list.title,blog_new_list.addtime,blog_menu.pid FROM `blog_new_list` left join blog_menu on blog_new_list.category_id = blog_menu.id  ORDER BY `addtime` desc LIMIT 3   [ RunTime:0.0003s ]
SQL: SELECT blog_knowledge.id,blog_knowledge.title,blog_knowledge.addtime,blog_menu.pid FROM `blog_knowledge` left join blog_menu on  blog_knowledge.category_id = blog_menu.id  ORDER BY `addtime` desc LIMIT 3   [ RunTime:0.0003s ]
SQL: SELECT blog_new_list.id,blog_new_list.title,blog_new_list.addtime,blog_new_list.lookcount,blog_menu.pid FROM `blog_new_list` left join blog_menu on blog_new_list.category_id = blog_menu.id  ORDER BY `lookcount` desc LIMIT 3   [ RunTime:0.0002s ]
SQL: SELECT blog_knowledge.id,blog_knowledge.title,blog_knowledge.addtime,blog_knowledge.lookcount,blog_menu.pid FROM `blog_knowledge` left join blog_menu on  blog_knowledge.category_id = blog_menu.id  ORDER BY `lookcount` desc LIMIT 3   [ RunTime:0.0003s ]
SQL: SHOW COLUMNS FROM `blog_friendly` [ RunTime:0.0007s ]
SQL: SELECT * FROM `blog_friendly` LIMIT 5   [ RunTime:0.0003s ]
SQL: SHOW COLUMNS FROM `blog_info` [ RunTime:0.0007s ]
SQL: SELECT * FROM `blog_info` LIMIT 1   [ RunTime:0.0003s ]
INFO: [ view_parse ] --START--
INFO: [ template_filter ] --START--
INFO: Run Behavior\ContentReplaceBehavior [ RunTime:0.000082s ]
INFO: [ template_filter ] --END-- [ RunTime:0.000129s ]
NOTIC: [8] Undefined variable: pos_val F:\Blog\Application\Common\Common\function.php 第 81 行.
INFO: Run Behavior\ParseTemplateBehavior [ RunTime:0.012218s ]
INFO: [ view_parse ] --END-- [ RunTime:0.012251s ]
INFO: [ view_filter ] --START--
INFO: Run Behavior\WriteHtmlCacheBehavior [ RunTime:0.000292s ]
INFO: [ view_filter ] --END-- [ RunTime:0.000326s ]
INFO: [ app_end ] --START--
INFO: Run Behavior\ShowPageTraceBehavior [ RunTime:0.000756s ]
INFO: [ app_end ] --END-- [ RunTime:0.000781s ]

[ 2018-11-25T09:35:54+08:00 ] 127.0.0.1 /index.php?m=Home&c=Index&a=index&search_val=
INFO: [ app_init ] --START--
INFO: Run Behavior\BuildLiteBehavior [ RunTime:0.000007s ]
INFO: [ app_init ] --END-- [ RunTime:0.000380s ]
INFO: [ app_begin ] --START--
INFO: Run Behavior\ReadHtmlCacheBehavior [ RunTime:0.000490s ]
INFO: [ app_begin ] --END-- [ RunTime:0.000513s ]
SQL: SHOW COLUMNS FROM `blog_new_list` [ RunTime:0.0008s ]
SQL: SHOW COLUMNS FROM `blog_knowledge` [ RunTime:0.0008s ]
SQL: SELECT blog_new_list.*,blog_menu.name as categoryname,blog_menu.pid FROM `blog_new_list` left join blog_menu on blog_new_list.category_id = blog_menu.id  WHERE ( istop = 1 )  [ RunTime:0.0004s ]
SQL: SELECT blog_knowledge.*,blog_menu.name as categoryname,blog_menu.pid FROM `blog_knowledge` left join blog_menu on blog_knowledge.category_id = blog_menu.id  WHERE ( istop = 1 )  [ RunTime:0.0004s ]
SQL: SELECT `name` FROM `blog_menu` WHERE `id` = '5' LIMIT 1   [ RunTime:0.0003s ]
SQL: SELECT blog_new_list.id,blog_new_list.title,blog_new_list.addtime,blog_menu.pid FROM `blog_new_list` left join blog_menu on blog_new_list.category_id = blog_menu.id  ORDER BY `addtime` desc LIMIT 3   [ RunTime:0.0003s ]
SQL: SELECT blog_knowledge.id,blog_knowledge.title,blog_knowledge.addtime,blog_menu.pid FROM `blog_knowledge` left join blog_menu on  blog_knowledge.category_id = blog_menu.id  ORDER BY `addtime` desc LIMIT 3   [ RunTime:0.0003s ]
SQL: SELECT blog_new_list.id,blog_new_list.title,blog_new_list.addtime,blog_new_list.lookcount,blog_menu.pid FROM `blog_new_list` left join blog_menu on blog_new_list.category_id = blog_menu.id  ORDER BY `lookcount` desc LIMIT 3   [ RunTime:0.0003s ]
SQL: SELECT blog_knowledge.id,blog_knowledge.title,blog_knowledge.addtime,blog_knowledge.lookcount,blog_menu.pid FROM `blog_knowledge` left join blog_menu on  blog_knowledge.category_id = blog_menu.id  ORDER BY `lookcount` desc LIMIT 3   [ RunTime:0.0003s ]
SQL: SHOW COLUMNS FROM `blog_friendly` [ RunTime:0.0005s ]
SQL: SELECT * FROM `blog_friendly` LIMIT 5   [ RunTime:0.0002s ]
SQL: SHOW COLUMNS FROM `blog_info` [ RunTime:0.0004s ]
SQL: SELECT * FROM `blog_info` LIMIT 1   [ RunTime:0.0003s ]
SQL: SELECT blog_new_list.*,blog_menu.name as categoryname FROM `blog_new_list` left join blog_menu on blog_new_list.category_id = blog_menu.id  WHERE ( title like '%%' )  [ RunTime:0.0004s ]
SQL: SELECT blog_knowledge.*,blog_menu.name as categoryname FROM `blog_knowledge` left join blog_menu on blog_knowledge.category_id = blog_menu.id  WHERE ( title like '%%' )  [ RunTime:0.0003s ]
NOTIC: [8] Undefined variable: pos_val F:\Blog\Application\Common\Common\function.php 第 81 行.
NOTIC: [8] Undefined variable: pos_val F:\Blog\Application\Common\Common\function.php 第 81 行.
NOTIC: [8] Undefined variable: pos_val F:\Blog\Application\Common\Common\function.php 第 81 行.

[ 2018-11-25T09:37:32+08:00 ] 127.0.0.1 /index.php?m=Home&c=Index&a=index
INFO: [ app_init ] --START--
INFO: Run Behavior\BuildLiteBehavior [ RunTime:0.000007s ]
INFO: [ app_init ] --END-- [ RunTime:0.000510s ]
INFO: [ app_begin ] --START--
INFO: Run Behavior\ReadHtmlCacheBehavior [ RunTime:0.000724s ]
INFO: [ app_begin ] --END-- [ RunTime:0.000762s ]
SQL: SHOW COLUMNS FROM `blog_new_list` [ RunTime:0.0008s ]
SQL: SHOW COLUMNS FROM `blog_knowledge` [ RunTime:0.0012s ]
SQL: SELECT blog_new_list.*,blog_menu.name as categoryname,blog_menu.pid FROM `blog_new_list` left join blog_menu on blog_new_list.category_id = blog_menu.id  WHERE ( istop = 1 )  [ RunTime:0.0005s ]
SQL: SELECT blog_knowledge.*,blog_menu.name as categoryname,blog_menu.pid FROM `blog_knowledge` left join blog_menu on blog_knowledge.category_id = blog_menu.id  WHERE ( istop = 1 )  [ RunTime:0.0006s ]
SQL: SELECT `name` FROM `blog_menu` WHERE `id` = '5' LIMIT 1   [ RunTime:0.0003s ]
SQL: SELECT blog_new_list.id,blog_new_list.title,blog_new_list.addtime,blog_menu.pid FROM `blog_new_list` left join blog_menu on blog_new_list.category_id = blog_menu.id  ORDER BY `addtime` desc LIMIT 3   [ RunTime:0.0003s ]
SQL: SELECT blog_knowledge.id,blog_knowledge.title,blog_knowledge.addtime,blog_menu.pid FROM `blog_knowledge` left join blog_menu on  blog_knowledge.category_id = blog_menu.id  ORDER BY `addtime` desc LIMIT 3   [ RunTime:0.0004s ]
SQL: SELECT blog_new_list.id,blog_new_list.title,blog_new_list.addtime,blog_new_list.lookcount,blog_menu.pid FROM `blog_new_list` left join blog_menu on blog_new_list.category_id = blog_menu.id  ORDER BY `lookcount` desc LIMIT 3   [ RunTime:0.0003s ]
SQL: SELECT blog_knowledge.id,blog_knowledge.title,blog_knowledge.addtime,blog_knowledge.lookcount,blog_menu.pid FROM `blog_knowledge` left join blog_menu on  blog_knowledge.category_id = blog_menu.id  ORDER BY `lookcount` desc LIMIT 3   [ RunTime:0.0005s ]
SQL: SHOW COLUMNS FROM `blog_friendly` [ RunTime:0.0007s ]
SQL: SELECT * FROM `blog_friendly` LIMIT 5   [ RunTime:0.0003s ]
SQL: SHOW COLUMNS FROM `blog_info` [ RunTime:0.0005s ]
SQL: SELECT * FROM `blog_info` LIMIT 1   [ RunTime:0.0002s ]
INFO: [ view_parse ] --START--
INFO: [ template_filter ] --START--
INFO: Run Behavior\ContentReplaceBehavior [ RunTime:0.000050s ]
INFO: [ template_filter ] --END-- [ RunTime:0.000074s ]
NOTIC: [8] Undefined variable: pos_val F:\Blog\Application\Common\Common\function.php 第 81 行.
INFO: Run Behavior\ParseTemplateBehavior [ RunTime:0.009930s ]
INFO: [ view_parse ] --END-- [ RunTime:0.009962s ]
INFO: [ view_filter ] --START--
INFO: Run Behavior\WriteHtmlCacheBehavior [ RunTime:0.000692s ]
INFO: [ view_filter ] --END-- [ RunTime:0.000729s ]
INFO: [ app_end ] --START--
INFO: Run Behavior\ShowPageTraceBehavior [ RunTime:0.000950s ]
INFO: [ app_end ] --END-- [ RunTime:0.000987s ]

