[ 2018-11-24T00:13:52+08:00 ] 127.0.0.1 /index.php
INFO: [ app_init ] --START--
INFO: Run Behavior\BuildLiteBehavior [ RunTime:0.000008s ]
INFO: [ app_init ] --END-- [ RunTime:0.000441s ]
INFO: [ app_begin ] --START--
INFO: Run Behavior\ReadHtmlCacheBehavior [ RunTime:0.002117s ]
INFO: [ app_begin ] --END-- [ RunTime:0.002158s ]
SQL: SHOW COLUMNS FROM `blog_new_list` [ RunTime:0.0030s ]
SQL: SHOW COLUMNS FROM `blog_knowledge` [ RunTime:0.0013s ]
SQL: SELECT blog_new_list.*,blog_menu.name as categoryname,blog_menu.pid FROM `blog_new_list` left join blog_menu on blog_new_list.category_id = blog_menu.id  WHERE ( istop = 1 )  [ RunTime:0.0009s ]
SQL: SELECT blog_knowledge.*,blog_menu.name as categoryname,blog_menu.pid FROM `blog_knowledge` left join blog_menu on blog_knowledge.category_id = blog_menu.id  WHERE ( istop = 1 )  [ RunTime:0.0008s ]
SQL: SELECT `name` FROM `blog_menu` WHERE `id` = '5' LIMIT 1   [ RunTime:0.0003s ]
SQL: SELECT blog_new_list.id,blog_new_list.title,blog_new_list.addtime,blog_menu.pid FROM `blog_new_list` left join blog_menu on blog_new_list.category_id = blog_menu.id  ORDER BY `addtime` desc LIMIT 3   [ RunTime:0.0005s ]
SQL: SELECT blog_knowledge.id,blog_knowledge.title,blog_knowledge.addtime,blog_menu.pid FROM `blog_knowledge` left join blog_menu on  blog_knowledge.category_id = blog_menu.id  ORDER BY `addtime` desc LIMIT 3   [ RunTime:0.0005s ]
SQL: SELECT blog_new_list.id,blog_new_list.title,blog_new_list.addtime,blog_new_list.lookcount,blog_menu.pid FROM `blog_new_list` left join blog_menu on blog_new_list.category_id = blog_menu.id  ORDER BY `lookcount` desc LIMIT 3   [ RunTime:0.0005s ]
SQL: SELECT blog_knowledge.id,blog_knowledge.title,blog_knowledge.addtime,blog_knowledge.lookcount,blog_menu.pid FROM `blog_knowledge` left join blog_menu on  blog_knowledge.category_id = blog_menu.id  ORDER BY `lookcount` desc LIMIT 3   [ RunTime:0.0004s ]
SQL: SHOW COLUMNS FROM `blog_friendly` [ RunTime:0.0008s ]
SQL: SELECT * FROM `blog_friendly` LIMIT 5   [ RunTime:0.0004s ]
SQL: SHOW COLUMNS FROM `blog_info` [ RunTime:0.0229s ]
SQL: SELECT * FROM `blog_info` LIMIT 1   [ RunTime:0.0005s ]
INFO: [ view_parse ] --START--
INFO: [ template_filter ] --START--
INFO: Run Behavior\ContentReplaceBehavior [ RunTime:0.000051s ]
INFO: [ template_filter ] --END-- [ RunTime:0.000078s ]
INFO: Run Behavior\ParseTemplateBehavior [ RunTime:0.010589s ]
INFO: [ view_parse ] --END-- [ RunTime:0.010618s ]
INFO: [ view_filter ] --START--
INFO: Run Behavior\WriteHtmlCacheBehavior [ RunTime:0.000777s ]
INFO: [ view_filter ] --END-- [ RunTime:0.000814s ]
INFO: [ app_end ] --START--
INFO: Run Behavior\ShowPageTraceBehavior [ RunTime:0.001017s ]
INFO: [ app_end ] --END-- [ RunTime:0.001062s ]

[ 2018-11-24T00:13:54+08:00 ] 127.0.0.1 /index.php?m=Home&c=Index&a=newlist
INFO: [ app_init ] --START--
INFO: Run Behavior\BuildLiteBehavior [ RunTime:0.000006s ]
INFO: [ app_init ] --END-- [ RunTime:0.000301s ]
INFO: [ app_begin ] --START--
INFO: Run Behavior\ReadHtmlCacheBehavior [ RunTime:0.000726s ]
INFO: [ app_begin ] --END-- [ RunTime:0.000769s ]
SQL: SHOW COLUMNS FROM `blog_new_list` [ RunTime:0.0012s ]
SQL: SELECT COUNT(*) AS tp_count FROM `blog_new_list` WHERE (  2>1  ) LIMIT 1   [ RunTime:0.0005s ]
SQL: SELECT blog_new_list.*,blog_menu.name FROM `blog_new_list` left join blog_menu on blog_new_list.category_id = blog_menu.id  WHERE ( 2>1 ) ORDER BY `istop` desc,`id` desc LIMIT 0,3   [ RunTime:0.0006s ]
SQL: SELECT `id`,`name` FROM `blog_menu` WHERE ( pid = 3 )  [ RunTime:0.0005s ]
SQL: SELECT blog_new_list.id,blog_new_list.title,blog_new_list.addtime,blog_menu.pid FROM `blog_new_list` left join blog_menu on blog_new_list.category_id = blog_menu.id  ORDER BY `addtime` desc LIMIT 5   [ RunTime:0.0003s ]
SQL: SELECT blog_new_list.id,blog_new_list.title,blog_new_list.addtime,blog_new_list.lookcount,blog_menu.pid FROM `blog_new_list` left join blog_menu on blog_new_list.category_id = blog_menu.id  ORDER BY `lookcount` desc LIMIT 5   [ RunTime:0.0003s ]
SQL: SHOW COLUMNS FROM `blog_info` [ RunTime:0.0007s ]
SQL: SELECT * FROM `blog_info` LIMIT 1   [ RunTime:0.0003s ]
INFO: [ view_parse ] --START--
INFO: [ template_filter ] --START--
INFO: Run Behavior\ContentReplaceBehavior [ RunTime:0.000050s ]
INFO: [ template_filter ] --END-- [ RunTime:0.000083s ]
INFO: Run Behavior\ParseTemplateBehavior [ RunTime:0.008227s ]
INFO: [ view_parse ] --END-- [ RunTime:0.008256s ]
INFO: [ view_filter ] --START--
INFO: Run Behavior\WriteHtmlCacheBehavior [ RunTime:0.000261s ]
INFO: [ view_filter ] --END-- [ RunTime:0.000278s ]
INFO: [ app_end ] --START--
INFO: Run Behavior\ShowPageTraceBehavior [ RunTime:0.000415s ]
INFO: [ app_end ] --END-- [ RunTime:0.000431s ]

[ 2018-11-24T00:13:56+08:00 ] 127.0.0.1 /index.php?m=Home&c=Index&a=moodlist
INFO: [ app_init ] --START--
INFO: Run Behavior\BuildLiteBehavior [ RunTime:0.000007s ]
INFO: [ app_init ] --END-- [ RunTime:0.000315s ]
INFO: [ app_begin ] --START--
INFO: Run Behavior\ReadHtmlCacheBehavior [ RunTime:0.000548s ]
INFO: [ app_begin ] --END-- [ RunTime:0.000581s ]
SQL: SHOW COLUMNS FROM `blog_moodlies` [ RunTime:0.0031s ]
SQL: SELECT COUNT(*) AS tp_count FROM `blog_moodlies` LIMIT 1   [ RunTime:0.0004s ]
SQL: SELECT * FROM `blog_moodlies` ORDER BY `istop` desc,`addtime` desc LIMIT 0,5   [ RunTime:0.0005s ]
SQL: SHOW COLUMNS FROM `blog_info` [ RunTime:0.0011s ]
SQL: SELECT * FROM `blog_info` LIMIT 1   [ RunTime:0.0004s ]
INFO: [ view_parse ] --START--
INFO: [ template_filter ] --START--
INFO: Run Behavior\ContentReplaceBehavior [ RunTime:0.000059s ]
INFO: [ template_filter ] --END-- [ RunTime:0.000088s ]
INFO: Run Behavior\ParseTemplateBehavior [ RunTime:0.007083s ]
INFO: [ view_parse ] --END-- [ RunTime:0.007121s ]
INFO: [ view_filter ] --START--
INFO: Run Behavior\WriteHtmlCacheBehavior [ RunTime:0.000310s ]
INFO: [ view_filter ] --END-- [ RunTime:0.000332s ]
INFO: [ app_end ] --START--
INFO: Run Behavior\ShowPageTraceBehavior [ RunTime:0.000557s ]
INFO: [ app_end ] --END-- [ RunTime:0.000578s ]

[ 2018-11-24T00:36:19+08:00 ] 127.0.0.1 /index.php?m=Home&c=Index&a=newlist
INFO: [ app_init ] --START--
INFO: Run Behavior\BuildLiteBehavior [ RunTime:0.000007s ]
INFO: [ app_init ] --END-- [ RunTime:0.000431s ]
INFO: [ app_begin ] --START--
INFO: Run Behavior\ReadHtmlCacheBehavior [ RunTime:0.000646s ]
INFO: [ app_begin ] --END-- [ RunTime:0.000673s ]
SQL: SHOW COLUMNS FROM `blog_new_list` [ RunTime:0.0011s ]
SQL: SELECT COUNT(*) AS tp_count FROM `blog_new_list` WHERE (  2>1  ) LIMIT 1   [ RunTime:0.0003s ]
SQL: SELECT blog_new_list.*,blog_menu.name FROM `blog_new_list` left join blog_menu on blog_new_list.category_id = blog_menu.id  WHERE ( 2>1 ) ORDER BY `istop` desc,`id` desc LIMIT 0,3   [ RunTime:0.0007s ]
SQL: SELECT `id`,`name` FROM `blog_menu` WHERE ( pid = 3 )  [ RunTime:0.0004s ]
SQL: SELECT blog_new_list.id,blog_new_list.title,blog_new_list.addtime,blog_menu.pid FROM `blog_new_list` left join blog_menu on blog_new_list.category_id = blog_menu.id  ORDER BY `addtime` desc LIMIT 5   [ RunTime:0.0002s ]
SQL: SELECT blog_new_list.id,blog_new_list.title,blog_new_list.addtime,blog_new_list.lookcount,blog_menu.pid FROM `blog_new_list` left join blog_menu on blog_new_list.category_id = blog_menu.id  ORDER BY `lookcount` desc LIMIT 5   [ RunTime:0.0004s ]
SQL: SHOW COLUMNS FROM `blog_info` [ RunTime:0.0009s ]
SQL: SELECT * FROM `blog_info` LIMIT 1   [ RunTime:0.0003s ]
INFO: [ view_parse ] --START--
INFO: [ template_filter ] --START--
INFO: Run Behavior\ContentReplaceBehavior [ RunTime:0.000051s ]
INFO: [ template_filter ] --END-- [ RunTime:0.000085s ]
INFO: Run Behavior\ParseTemplateBehavior [ RunTime:0.012882s ]
INFO: [ view_parse ] --END-- [ RunTime:0.012909s ]
INFO: [ view_filter ] --START--
INFO: Run Behavior\WriteHtmlCacheBehavior [ RunTime:0.000501s ]
INFO: [ view_filter ] --END-- [ RunTime:0.000538s ]
INFO: [ app_end ] --START--
INFO: Run Behavior\ShowPageTraceBehavior [ RunTime:0.000782s ]
INFO: [ app_end ] --END-- [ RunTime:0.000814s ]

[ 2018-11-24T00:36:20+08:00 ] 127.0.0.1 /index.php?m=Home&c=Index&a=moodlist
INFO: [ app_init ] --START--
INFO: Run Behavior\BuildLiteBehavior [ RunTime:0.000008s ]
INFO: [ app_init ] --END-- [ RunTime:0.000349s ]
INFO: [ app_begin ] --START--
INFO: Run Behavior\ReadHtmlCacheBehavior [ RunTime:0.000399s ]
INFO: [ app_begin ] --END-- [ RunTime:0.000422s ]
SQL: SHOW COLUMNS FROM `blog_moodlies` [ RunTime:0.0025s ]
SQL: SELECT COUNT(*) AS tp_count FROM `blog_moodlies` LIMIT 1   [ RunTime:0.0003s ]
SQL: SELECT * FROM `blog_moodlies` ORDER BY `istop` desc,`addtime` desc LIMIT 0,5   [ RunTime:0.0004s ]
SQL: SHOW COLUMNS FROM `blog_info` [ RunTime:0.0008s ]
SQL: SELECT * FROM `blog_info` LIMIT 1   [ RunTime:0.0003s ]
INFO: [ view_parse ] --START--
INFO: [ template_filter ] --START--
INFO: Run Behavior\ContentReplaceBehavior [ RunTime:0.000028s ]
INFO: [ template_filter ] --END-- [ RunTime:0.000049s ]
INFO: Run Behavior\ParseTemplateBehavior [ RunTime:0.006150s ]
INFO: [ view_parse ] --END-- [ RunTime:0.006183s ]
INFO: [ view_filter ] --START--
INFO: Run Behavior\WriteHtmlCacheBehavior [ RunTime:0.000505s ]
INFO: [ view_filter ] --END-- [ RunTime:0.000551s ]
INFO: [ app_end ] --START--
INFO: Run Behavior\ShowPageTraceBehavior [ RunTime:0.000600s ]
INFO: [ app_end ] --END-- [ RunTime:0.000625s ]

[ 2018-11-24T00:36:21+08:00 ] 127.0.0.1 /index.php?m=Home&c=Index&a=knowledge
INFO: [ app_init ] --START--
INFO: Run Behavior\BuildLiteBehavior [ RunTime:0.000013s ]
INFO: [ app_init ] --END-- [ RunTime:0.000644s ]
INFO: [ app_begin ] --START--
INFO: Run Behavior\ReadHtmlCacheBehavior [ RunTime:0.000790s ]
INFO: [ app_begin ] --END-- [ RunTime:0.000852s ]
SQL: SHOW COLUMNS FROM `blog_knowledge` [ RunTime:0.0010s ]
SQL: SELECT COUNT(*) AS tp_count FROM `blog_knowledge` WHERE (  2>1  ) LIMIT 1   [ RunTime:0.0004s ]
SQL: SELECT blog_knowledge.*,blog_menu.name FROM `blog_knowledge` left join blog_menu on blog_knowledge.category_id = blog_menu.id  WHERE ( 2>1 ) ORDER BY `istop` desc,`id` desc LIMIT 0,3   [ RunTime:0.0364s ]
SQL: SELECT `id`,`name` FROM `blog_menu` WHERE ( pid = 5 )  [ RunTime:0.0004s ]
SQL: SELECT blog_knowledge.id,blog_knowledge.title,blog_knowledge.addtime,blog_menu.pid FROM `blog_knowledge` left join blog_menu on  blog_knowledge.category_id = blog_menu.id  ORDER BY `addtime` desc LIMIT 5   [ RunTime:0.0004s ]
SQL: SELECT blog_knowledge.id,blog_knowledge.title,blog_knowledge.addtime,blog_knowledge.lookcount,blog_menu.pid FROM `blog_knowledge` left join blog_menu on  blog_knowledge.category_id = blog_menu.id  ORDER BY `lookcount` desc LIMIT 5   [ RunTime:0.0006s ]
SQL: SHOW COLUMNS FROM `blog_info` [ RunTime:0.0009s ]
SQL: SELECT * FROM `blog_info` LIMIT 1   [ RunTime:0.0004s ]
INFO: [ view_parse ] --START--
INFO: [ template_filter ] --START--
INFO: Run Behavior\ContentReplaceBehavior [ RunTime:0.000041s ]
INFO: [ template_filter ] --END-- [ RunTime:0.000064s ]
INFO: Run Behavior\ParseTemplateBehavior [ RunTime:0.008020s ]
INFO: [ view_parse ] --END-- [ RunTime:0.008046s ]
INFO: [ view_filter ] --START--
INFO: Run Behavior\WriteHtmlCacheBehavior [ RunTime:0.000324s ]
INFO: [ view_filter ] --END-- [ RunTime:0.000340s ]
INFO: [ app_end ] --START--
INFO: Run Behavior\ShowPageTraceBehavior [ RunTime:0.001698s ]
INFO: [ app_end ] --END-- [ RunTime:0.001738s ]

[ 2018-11-24T00:36:24+08:00 ] 127.0.0.1 /index.php?m=Home&c=Index&a=knowledge
INFO: [ app_init ] --START--
INFO: Run Behavior\BuildLiteBehavior [ RunTime:0.000008s ]
INFO: [ app_init ] --END-- [ RunTime:0.000506s ]
INFO: [ app_begin ] --START--
INFO: Run Behavior\ReadHtmlCacheBehavior [ RunTime:0.000809s ]
INFO: [ app_begin ] --END-- [ RunTime:0.000858s ]
SQL: SHOW COLUMNS FROM `blog_knowledge` [ RunTime:0.0009s ]
SQL: SELECT COUNT(*) AS tp_count FROM `blog_knowledge` WHERE (  2>1  ) LIMIT 1   [ RunTime:0.0003s ]
SQL: SELECT blog_knowledge.*,blog_menu.name FROM `blog_knowledge` left join blog_menu on blog_knowledge.category_id = blog_menu.id  WHERE ( 2>1 ) ORDER BY `istop` desc,`id` desc LIMIT 0,3   [ RunTime:0.0006s ]
SQL: SELECT `id`,`name` FROM `blog_menu` WHERE ( pid = 5 )  [ RunTime:0.0003s ]
SQL: SELECT blog_knowledge.id,blog_knowledge.title,blog_knowledge.addtime,blog_menu.pid FROM `blog_knowledge` left join blog_menu on  blog_knowledge.category_id = blog_menu.id  ORDER BY `addtime` desc LIMIT 5   [ RunTime:0.0003s ]
SQL: SELECT blog_knowledge.id,blog_knowledge.title,blog_knowledge.addtime,blog_knowledge.lookcount,blog_menu.pid FROM `blog_knowledge` left join blog_menu on  blog_knowledge.category_id = blog_menu.id  ORDER BY `lookcount` desc LIMIT 5   [ RunTime:0.0004s ]
SQL: SHOW COLUMNS FROM `blog_info` [ RunTime:0.0008s ]
SQL: SELECT * FROM `blog_info` LIMIT 1   [ RunTime:0.0004s ]
INFO: [ view_parse ] --START--
INFO: [ template_filter ] --START--
INFO: Run Behavior\ContentReplaceBehavior [ RunTime:0.000039s ]
INFO: [ template_filter ] --END-- [ RunTime:0.000062s ]
INFO: Run Behavior\ParseTemplateBehavior [ RunTime:0.008696s ]
INFO: [ view_parse ] --END-- [ RunTime:0.008761s ]
INFO: [ view_filter ] --START--
INFO: Run Behavior\WriteHtmlCacheBehavior [ RunTime:0.010594s ]
INFO: [ view_filter ] --END-- [ RunTime:0.010632s ]
INFO: [ app_end ] --START--
INFO: Run Behavior\ShowPageTraceBehavior [ RunTime:0.001402s ]
INFO: [ app_end ] --END-- [ RunTime:0.001465s ]

[ 2018-11-24T00:37:00+08:00 ] 127.0.0.1 /index.php?m=Home&c=Index&a=knowledge
INFO: [ app_init ] --START--
INFO: Run Behavior\BuildLiteBehavior [ RunTime:0.000007s ]
INFO: [ app_init ] --END-- [ RunTime:0.000496s ]
INFO: [ app_begin ] --START--
INFO: Run Behavior\ReadHtmlCacheBehavior [ RunTime:0.000479s ]
INFO: [ app_begin ] --END-- [ RunTime:0.000506s ]
SQL: SHOW COLUMNS FROM `blog_knowledge` [ RunTime:0.0009s ]
SQL: SELECT COUNT(*) AS tp_count FROM `blog_knowledge` WHERE (  2>1  ) LIMIT 1   [ RunTime:0.0004s ]
SQL: SELECT blog_knowledge.*,blog_menu.name FROM `blog_knowledge` left join blog_menu on blog_knowledge.category_id = blog_menu.id  WHERE ( 2>1 ) ORDER BY `istop` desc,`id` desc LIMIT 0,3   [ RunTime:0.0006s ]
SQL: SELECT `id`,`name` FROM `blog_menu` WHERE ( pid = 5 )  [ RunTime:0.0004s ]
SQL: SELECT blog_knowledge.id,blog_knowledge.title,blog_knowledge.addtime,blog_menu.pid FROM `blog_knowledge` left join blog_menu on  blog_knowledge.category_id = blog_menu.id  ORDER BY `addtime` desc LIMIT 5   [ RunTime:0.0003s ]
SQL: SELECT blog_knowledge.id,blog_knowledge.title,blog_knowledge.addtime,blog_knowledge.lookcount,blog_menu.pid FROM `blog_knowledge` left join blog_menu on  blog_knowledge.category_id = blog_menu.id  ORDER BY `lookcount` desc LIMIT 5   [ RunTime:0.0003s ]
SQL: SHOW COLUMNS FROM `blog_info` [ RunTime:0.0006s ]
SQL: SELECT * FROM `blog_info` LIMIT 1   [ RunTime:0.0003s ]
INFO: [ view_parse ] --START--
INFO: [ template_filter ] --START--
INFO: Run Behavior\ContentReplaceBehavior [ RunTime:0.000042s ]
INFO: [ template_filter ] --END-- [ RunTime:0.000065s ]
NOTIC: [8] Undefined variable: pos_val F:\Blog\Application\Common\Common\function.php 第 81 行.
NOTIC: [8] Undefined variable: pos_val F:\Blog\Application\Common\Common\function.php 第 81 行.
NOTIC: [8] Undefined variable: pos_val F:\Blog\Application\Common\Common\function.php 第 81 行.
INFO: Run Behavior\ParseTemplateBehavior [ RunTime:0.064229s ]
INFO: [ view_parse ] --END-- [ RunTime:0.064255s ]
INFO: [ view_filter ] --START--
INFO: Run Behavior\WriteHtmlCacheBehavior [ RunTime:0.000399s ]
INFO: [ view_filter ] --END-- [ RunTime:0.000428s ]
INFO: [ app_end ] --START--
INFO: Run Behavior\ShowPageTraceBehavior [ RunTime:0.000779s ]
INFO: [ app_end ] --END-- [ RunTime:0.000817s ]

[ 2018-11-24T00:37:02+08:00 ] 127.0.0.1 /index.php?m=Home&c=Index&a=knowledge
INFO: [ app_init ] --START--
INFO: Run Behavior\BuildLiteBehavior [ RunTime:0.000012s ]
INFO: [ app_init ] --END-- [ RunTime:0.000551s ]
INFO: [ app_begin ] --START--
INFO: Run Behavior\ReadHtmlCacheBehavior [ RunTime:0.000641s ]
INFO: [ app_begin ] --END-- [ RunTime:0.000676s ]
SQL: SHOW COLUMNS FROM `blog_knowledge` [ RunTime:0.0012s ]
SQL: SELECT COUNT(*) AS tp_count FROM `blog_knowledge` WHERE (  2>1  ) LIMIT 1   [ RunTime:0.0003s ]
SQL: SELECT blog_knowledge.*,blog_menu.name FROM `blog_knowledge` left join blog_menu on blog_knowledge.category_id = blog_menu.id  WHERE ( 2>1 ) ORDER BY `istop` desc,`id` desc LIMIT 0,3   [ RunTime:0.0008s ]
SQL: SELECT `id`,`name` FROM `blog_menu` WHERE ( pid = 5 )  [ RunTime:0.0004s ]
SQL: SELECT blog_knowledge.id,blog_knowledge.title,blog_knowledge.addtime,blog_menu.pid FROM `blog_knowledge` left join blog_menu on  blog_knowledge.category_id = blog_menu.id  ORDER BY `addtime` desc LIMIT 5   [ RunTime:0.0004s ]
SQL: SELECT blog_knowledge.id,blog_knowledge.title,blog_knowledge.addtime,blog_knowledge.lookcount,blog_menu.pid FROM `blog_knowledge` left join blog_menu on  blog_knowledge.category_id = blog_menu.id  ORDER BY `lookcount` desc LIMIT 5   [ RunTime:0.0004s ]
SQL: SHOW COLUMNS FROM `blog_info` [ RunTime:0.0007s ]
SQL: SELECT * FROM `blog_info` LIMIT 1   [ RunTime:0.0003s ]
INFO: [ view_parse ] --START--
INFO: [ template_filter ] --START--
INFO: Run Behavior\ContentReplaceBehavior [ RunTime:0.000081s ]
INFO: [ template_filter ] --END-- [ RunTime:0.000116s ]
NOTIC: [8] Undefined variable: pos_val F:\Blog\Application\Common\Common\function.php 第 81 行.
NOTIC: [8] Undefined variable: pos_val F:\Blog\Application\Common\Common\function.php 第 81 行.
NOTIC: [8] Undefined variable: pos_val F:\Blog\Application\Common\Common\function.php 第 81 行.
INFO: Run Behavior\ParseTemplateBehavior [ RunTime:0.009267s ]
INFO: [ view_parse ] --END-- [ RunTime:0.009303s ]
INFO: [ view_filter ] --START--
INFO: Run Behavior\WriteHtmlCacheBehavior [ RunTime:0.000486s ]
INFO: [ view_filter ] --END-- [ RunTime:0.000522s ]
INFO: [ app_end ] --START--
INFO: Run Behavior\ShowPageTraceBehavior [ RunTime:0.000725s ]
INFO: [ app_end ] --END-- [ RunTime:0.000766s ]

[ 2018-11-24T00:37:43+08:00 ] 127.0.0.1 /index.php?m=Home&c=Index&a=knowledge
INFO: [ app_init ] --START--
INFO: Run Behavior\BuildLiteBehavior [ RunTime:0.000007s ]
INFO: [ app_init ] --END-- [ RunTime:0.000331s ]
INFO: [ app_begin ] --START--
INFO: Run Behavior\ReadHtmlCacheBehavior [ RunTime:0.001606s ]
INFO: [ app_begin ] --END-- [ RunTime:0.001671s ]
SQL: SHOW COLUMNS FROM `blog_knowledge` [ RunTime:0.0009s ]
SQL: SELECT COUNT(*) AS tp_count FROM `blog_knowledge` WHERE (  2>1  ) LIMIT 1   [ RunTime:0.0003s ]
SQL: SELECT blog_knowledge.*,blog_menu.name FROM `blog_knowledge` left join blog_menu on blog_knowledge.category_id = blog_menu.id  WHERE ( 2>1 ) ORDER BY `istop` desc,`id` desc LIMIT 0,3   [ RunTime:0.0008s ]
SQL: SELECT `id`,`name` FROM `blog_menu` WHERE ( pid = 5 )  [ RunTime:0.0004s ]
SQL: SELECT blog_knowledge.id,blog_knowledge.title,blog_knowledge.addtime,blog_menu.pid FROM `blog_knowledge` left join blog_menu on  blog_knowledge.category_id = blog_menu.id  ORDER BY `addtime` desc LIMIT 5   [ RunTime:0.0003s ]
SQL: SELECT blog_knowledge.id,blog_knowledge.title,blog_knowledge.addtime,blog_knowledge.lookcount,blog_menu.pid FROM `blog_knowledge` left join blog_menu on  blog_knowledge.category_id = blog_menu.id  ORDER BY `lookcount` desc LIMIT 5   [ RunTime:0.0003s ]
SQL: SHOW COLUMNS FROM `blog_info` [ RunTime:0.0008s ]
SQL: SELECT * FROM `blog_info` LIMIT 1   [ RunTime:0.0003s ]
INFO: [ view_parse ] --START--
INFO: [ template_filter ] --START--
INFO: Run Behavior\ContentReplaceBehavior [ RunTime:0.000061s ]
INFO: [ template_filter ] --END-- [ RunTime:0.000174s ]
NOTIC: [8] Undefined variable: pos_val F:\Blog\Application\Common\Common\function.php 第 81 行.
NOTIC: [8] Undefined variable: pos_val F:\Blog\Application\Common\Common\function.php 第 81 行.
NOTIC: [8] Undefined variable: pos_val F:\Blog\Application\Common\Common\function.php 第 81 行.
INFO: Run Behavior\ParseTemplateBehavior [ RunTime:0.009326s ]
INFO: [ view_parse ] --END-- [ RunTime:0.009354s ]
INFO: [ view_filter ] --START--
INFO: Run Behavior\WriteHtmlCacheBehavior [ RunTime:0.000596s ]
INFO: [ view_filter ] --END-- [ RunTime:0.000616s ]
INFO: [ app_end ] --START--
INFO: Run Behavior\ShowPageTraceBehavior [ RunTime:0.001227s ]
INFO: [ app_end ] --END-- [ RunTime:0.001278s ]

[ 2018-11-24T00:37:44+08:00 ] 127.0.0.1 /index.php?m=Home&c=Index&a=knowledge
INFO: [ app_init ] --START--
INFO: Run Behavior\BuildLiteBehavior [ RunTime:0.000006s ]
INFO: [ app_init ] --END-- [ RunTime:0.000301s ]
INFO: [ app_begin ] --START--
INFO: Run Behavior\ReadHtmlCacheBehavior [ RunTime:0.000381s ]
INFO: [ app_begin ] --END-- [ RunTime:0.000401s ]
SQL: SHOW COLUMNS FROM `blog_knowledge` [ RunTime:0.0009s ]
SQL: SELECT COUNT(*) AS tp_count FROM `blog_knowledge` WHERE (  2>1  ) LIMIT 1   [ RunTime:0.0003s ]
SQL: SELECT blog_knowledge.*,blog_menu.name FROM `blog_knowledge` left join blog_menu on blog_knowledge.category_id = blog_menu.id  WHERE ( 2>1 ) ORDER BY `istop` desc,`id` desc LIMIT 0,3   [ RunTime:0.0006s ]
SQL: SELECT `id`,`name` FROM `blog_menu` WHERE ( pid = 5 )  [ RunTime:0.0004s ]
SQL: SELECT blog_knowledge.id,blog_knowledge.title,blog_knowledge.addtime,blog_menu.pid FROM `blog_knowledge` left join blog_menu on  blog_knowledge.category_id = blog_menu.id  ORDER BY `addtime` desc LIMIT 5   [ RunTime:0.0004s ]
SQL: SELECT blog_knowledge.id,blog_knowledge.title,blog_knowledge.addtime,blog_knowledge.lookcount,blog_menu.pid FROM `blog_knowledge` left join blog_menu on  blog_knowledge.category_id = blog_menu.id  ORDER BY `lookcount` desc LIMIT 5   [ RunTime:0.0003s ]
SQL: SHOW COLUMNS FROM `blog_info` [ RunTime:0.0007s ]
SQL: SELECT * FROM `blog_info` LIMIT 1   [ RunTime:0.0003s ]
INFO: [ view_parse ] --START--
INFO: [ template_filter ] --START--
INFO: Run Behavior\ContentReplaceBehavior [ RunTime:0.000060s ]
INFO: [ template_filter ] --END-- [ RunTime:0.000111s ]
NOTIC: [8] Undefined variable: pos_val F:\Blog\Application\Common\Common\function.php 第 81 行.
NOTIC: [8] Undefined variable: pos_val F:\Blog\Application\Common\Common\function.php 第 81 行.
NOTIC: [8] Undefined variable: pos_val F:\Blog\Application\Common\Common\function.php 第 81 行.
INFO: Run Behavior\ParseTemplateBehavior [ RunTime:0.010590s ]
INFO: [ view_parse ] --END-- [ RunTime:0.010613s ]
INFO: [ view_filter ] --START--
INFO: Run Behavior\WriteHtmlCacheBehavior [ RunTime:0.000319s ]
INFO: [ view_filter ] --END-- [ RunTime:0.000334s ]
INFO: [ app_end ] --START--
INFO: Run Behavior\ShowPageTraceBehavior [ RunTime:0.000675s ]
INFO: [ app_end ] --END-- [ RunTime:0.000712s ]

[ 2018-11-24T00:37:44+08:00 ] 127.0.0.1 /index.php?m=Home&c=Index&a=knowledge
INFO: [ app_init ] --START--
INFO: Run Behavior\BuildLiteBehavior [ RunTime:0.000007s ]
INFO: [ app_init ] --END-- [ RunTime:0.000395s ]
INFO: [ app_begin ] --START--
INFO: Run Behavior\ReadHtmlCacheBehavior [ RunTime:0.000417s ]
INFO: [ app_begin ] --END-- [ RunTime:0.000440s ]
SQL: SHOW COLUMNS FROM `blog_knowledge` [ RunTime:0.0010s ]
SQL: SELECT COUNT(*) AS tp_count FROM `blog_knowledge` WHERE (  2>1  ) LIMIT 1   [ RunTime:0.0002s ]
SQL: SELECT blog_knowledge.*,blog_menu.name FROM `blog_knowledge` left join blog_menu on blog_knowledge.category_id = blog_menu.id  WHERE ( 2>1 ) ORDER BY `istop` desc,`id` desc LIMIT 0,3   [ RunTime:0.0005s ]
SQL: SELECT `id`,`name` FROM `blog_menu` WHERE ( pid = 5 )  [ RunTime:0.0003s ]
SQL: SELECT blog_knowledge.id,blog_knowledge.title,blog_knowledge.addtime,blog_menu.pid FROM `blog_knowledge` left join blog_menu on  blog_knowledge.category_id = blog_menu.id  ORDER BY `addtime` desc LIMIT 5   [ RunTime:0.0003s ]
SQL: SELECT blog_knowledge.id,blog_knowledge.title,blog_knowledge.addtime,blog_knowledge.lookcount,blog_menu.pid FROM `blog_knowledge` left join blog_menu on  blog_knowledge.category_id = blog_menu.id  ORDER BY `lookcount` desc LIMIT 5   [ RunTime:0.0003s ]
SQL: SHOW COLUMNS FROM `blog_info` [ RunTime:0.0007s ]
SQL: SELECT * FROM `blog_info` LIMIT 1   [ RunTime:0.0004s ]
INFO: [ view_parse ] --START--
INFO: [ template_filter ] --START--
INFO: Run Behavior\ContentReplaceBehavior [ RunTime:0.000042s ]
INFO: [ template_filter ] --END-- [ RunTime:0.000065s ]
NOTIC: [8] Undefined variable: pos_val F:\Blog\Application\Common\Common\function.php 第 81 行.
NOTIC: [8] Undefined variable: pos_val F:\Blog\Application\Common\Common\function.php 第 81 行.
NOTIC: [8] Undefined variable: pos_val F:\Blog\Application\Common\Common\function.php 第 81 行.
INFO: Run Behavior\ParseTemplateBehavior [ RunTime:0.016817s ]
INFO: [ view_parse ] --END-- [ RunTime:0.016858s ]
INFO: [ view_filter ] --START--
INFO: Run Behavior\WriteHtmlCacheBehavior [ RunTime:0.000374s ]
INFO: [ view_filter ] --END-- [ RunTime:0.000399s ]
INFO: [ app_end ] --START--
INFO: Run Behavior\ShowPageTraceBehavior [ RunTime:0.000742s ]
INFO: [ app_end ] --END-- [ RunTime:0.000783s ]

[ 2018-11-24T00:37:46+08:00 ] 127.0.0.1 /index.php?m=Home&c=Index&a=knowledge
INFO: [ app_init ] --START--
INFO: Run Behavior\BuildLiteBehavior [ RunTime:0.000008s ]
INFO: [ app_init ] --END-- [ RunTime:0.000360s ]
INFO: [ app_begin ] --START--
INFO: Run Behavior\ReadHtmlCacheBehavior [ RunTime:0.000684s ]
INFO: [ app_begin ] --END-- [ RunTime:0.000727s ]
SQL: SHOW COLUMNS FROM `blog_knowledge` [ RunTime:0.0008s ]
SQL: SELECT COUNT(*) AS tp_count FROM `blog_knowledge` WHERE (  2>1  ) LIMIT 1   [ RunTime:0.0003s ]
SQL: SELECT blog_knowledge.*,blog_menu.name FROM `blog_knowledge` left join blog_menu on blog_knowledge.category_id = blog_menu.id  WHERE ( 2>1 ) ORDER BY `istop` desc,`id` desc LIMIT 0,3   [ RunTime:0.0007s ]
SQL: SELECT `id`,`name` FROM `blog_menu` WHERE ( pid = 5 )  [ RunTime:0.0004s ]
SQL: SELECT blog_knowledge.id,blog_knowledge.title,blog_knowledge.addtime,blog_menu.pid FROM `blog_knowledge` left join blog_menu on  blog_knowledge.category_id = blog_menu.id  ORDER BY `addtime` desc LIMIT 5   [ RunTime:0.0003s ]
SQL: SELECT blog_knowledge.id,blog_knowledge.title,blog_knowledge.addtime,blog_knowledge.lookcount,blog_menu.pid FROM `blog_knowledge` left join blog_menu on  blog_knowledge.category_id = blog_menu.id  ORDER BY `lookcount` desc LIMIT 5   [ RunTime:0.0003s ]
SQL: SHOW COLUMNS FROM `blog_info` [ RunTime:0.0006s ]
SQL: SELECT * FROM `blog_info` LIMIT 1   [ RunTime:0.0003s ]
INFO: [ view_parse ] --START--
INFO: [ template_filter ] --START--
INFO: Run Behavior\ContentReplaceBehavior [ RunTime:0.000041s ]
INFO: [ template_filter ] --END-- [ RunTime:0.000065s ]
NOTIC: [8] Undefined variable: pos_val F:\Blog\Application\Common\Common\function.php 第 81 行.
NOTIC: [8] Undefined variable: pos_val F:\Blog\Application\Common\Common\function.php 第 81 行.
NOTIC: [8] Undefined variable: pos_val F:\Blog\Application\Common\Common\function.php 第 81 行.
INFO: Run Behavior\ParseTemplateBehavior [ RunTime:0.008074s ]
INFO: [ view_parse ] --END-- [ RunTime:0.008130s ]
INFO: [ view_filter ] --START--
INFO: Run Behavior\WriteHtmlCacheBehavior [ RunTime:0.000525s ]
INFO: [ view_filter ] --END-- [ RunTime:0.000563s ]
INFO: [ app_end ] --START--
INFO: Run Behavior\ShowPageTraceBehavior [ RunTime:0.000770s ]
INFO: [ app_end ] --END-- [ RunTime:0.000812s ]

[ 2018-11-24T00:37:57+08:00 ] 127.0.0.1 /index.php?m=Home&c=Index&a=knowledge
INFO: [ app_init ] --START--
INFO: Run Behavior\BuildLiteBehavior [ RunTime:0.000010s ]
INFO: [ app_init ] --END-- [ RunTime:0.000513s ]
INFO: [ app_begin ] --START--
INFO: Run Behavior\ReadHtmlCacheBehavior [ RunTime:0.000475s ]
INFO: [ app_begin ] --END-- [ RunTime:0.000497s ]
SQL: SHOW COLUMNS FROM `blog_knowledge` [ RunTime:0.0008s ]
SQL: SELECT COUNT(*) AS tp_count FROM `blog_knowledge` WHERE (  2>1  ) LIMIT 1   [ RunTime:0.0004s ]
SQL: SELECT blog_knowledge.*,blog_menu.name FROM `blog_knowledge` left join blog_menu on blog_knowledge.category_id = blog_menu.id  WHERE ( 2>1 ) ORDER BY `istop` desc,`id` desc LIMIT 0,3   [ RunTime:0.0007s ]
SQL: SELECT `id`,`name` FROM `blog_menu` WHERE ( pid = 5 )  [ RunTime:0.0004s ]
SQL: SELECT blog_knowledge.id,blog_knowledge.title,blog_knowledge.addtime,blog_menu.pid FROM `blog_knowledge` left join blog_menu on  blog_knowledge.category_id = blog_menu.id  ORDER BY `addtime` desc LIMIT 5   [ RunTime:0.0003s ]
SQL: SELECT blog_knowledge.id,blog_knowledge.title,blog_knowledge.addtime,blog_knowledge.lookcount,blog_menu.pid FROM `blog_knowledge` left join blog_menu on  blog_knowledge.category_id = blog_menu.id  ORDER BY `lookcount` desc LIMIT 5   [ RunTime:0.0003s ]
SQL: SHOW COLUMNS FROM `blog_info` [ RunTime:0.0006s ]
SQL: SELECT * FROM `blog_info` LIMIT 1   [ RunTime:0.0004s ]
INFO: [ view_parse ] --START--
INFO: [ template_filter ] --START--
INFO: Run Behavior\ContentReplaceBehavior [ RunTime:0.000042s ]
INFO: [ template_filter ] --END-- [ RunTime:0.000067s ]
NOTIC: [8] Undefined variable: pos_val F:\Blog\Application\Common\Common\function.php 第 81 行.
NOTIC: [8] Undefined variable: pos_val F:\Blog\Application\Common\Common\function.php 第 81 行.
NOTIC: [8] Undefined variable: pos_val F:\Blog\Application\Common\Common\function.php 第 81 行.
INFO: Run Behavior\ParseTemplateBehavior [ RunTime:0.010383s ]
INFO: [ view_parse ] --END-- [ RunTime:0.010424s ]
INFO: [ view_filter ] --START--
INFO: Run Behavior\WriteHtmlCacheBehavior [ RunTime:0.000341s ]
INFO: [ view_filter ] --END-- [ RunTime:0.000380s ]
INFO: [ app_end ] --START--
INFO: Run Behavior\ShowPageTraceBehavior [ RunTime:0.000672s ]
INFO: [ app_end ] --END-- [ RunTime:0.000703s ]

[ 2018-11-24T00:38:45+08:00 ] 127.0.0.1 /index.php?m=Home&c=Index&a=knowledge
INFO: [ app_init ] --START--
INFO: Run Behavior\BuildLiteBehavior [ RunTime:0.000007s ]
INFO: [ app_init ] --END-- [ RunTime:0.000432s ]
INFO: [ app_begin ] --START--
INFO: Run Behavior\ReadHtmlCacheBehavior [ RunTime:0.002869s ]
INFO: [ app_begin ] --END-- [ RunTime:0.002929s ]
SQL: SHOW COLUMNS FROM `blog_knowledge` [ RunTime:0.0010s ]
SQL: SELECT COUNT(*) AS tp_count FROM `blog_knowledge` WHERE (  2>1  ) LIMIT 1   [ RunTime:0.0004s ]
SQL: SELECT blog_knowledge.*,blog_menu.name FROM `blog_knowledge` left join blog_menu on blog_knowledge.category_id = blog_menu.id  WHERE ( 2>1 ) ORDER BY `istop` desc,`id` desc LIMIT 0,3   [ RunTime:0.0006s ]
SQL: SELECT `id`,`name` FROM `blog_menu` WHERE ( pid = 5 )  [ RunTime:0.0004s ]
SQL: SELECT blog_knowledge.id,blog_knowledge.title,blog_knowledge.addtime,blog_menu.pid FROM `blog_knowledge` left join blog_menu on  blog_knowledge.category_id = blog_menu.id  ORDER BY `addtime` desc LIMIT 5   [ RunTime:0.0004s ]
SQL: SELECT blog_knowledge.id,blog_knowledge.title,blog_knowledge.addtime,blog_knowledge.lookcount,blog_menu.pid FROM `blog_knowledge` left join blog_menu on  blog_knowledge.category_id = blog_menu.id  ORDER BY `lookcount` desc LIMIT 5   [ RunTime:0.0003s ]
SQL: SHOW COLUMNS FROM `blog_info` [ RunTime:0.0008s ]
SQL: SELECT * FROM `blog_info` LIMIT 1   [ RunTime:0.0004s ]
INFO: [ view_parse ] --START--
INFO: [ template_filter ] --START--
INFO: Run Behavior\ContentReplaceBehavior [ RunTime:0.000042s ]
INFO: [ template_filter ] --END-- [ RunTime:0.000064s ]
NOTIC: [8] Undefined variable: pos_val F:\Blog\Application\Common\Common\function.php 第 81 行.
NOTIC: [8] Undefined variable: pos_val F:\Blog\Application\Common\Common\function.php 第 81 行.
NOTIC: [8] Undefined variable: pos_val F:\Blog\Application\Common\Common\function.php 第 81 行.
INFO: Run Behavior\ParseTemplateBehavior [ RunTime:0.011713s ]
INFO: [ view_parse ] --END-- [ RunTime:0.011736s ]
INFO: [ view_filter ] --START--
INFO: Run Behavior\WriteHtmlCacheBehavior [ RunTime:0.000426s ]
INFO: [ view_filter ] --END-- [ RunTime:0.000459s ]
INFO: [ app_end ] --START--
INFO: Run Behavior\ShowPageTraceBehavior [ RunTime:0.000996s ]
INFO: [ app_end ] --END-- [ RunTime:0.001033s ]

[ 2018-11-24T00:38:47+08:00 ] 127.0.0.1 /index.php?m=Home&c=Index&a=knowledge
INFO: [ app_init ] --START--
INFO: Run Behavior\BuildLiteBehavior [ RunTime:0.000009s ]
INFO: [ app_init ] --END-- [ RunTime:0.000376s ]
INFO: [ app_begin ] --START--
INFO: Run Behavior\ReadHtmlCacheBehavior [ RunTime:0.000720s ]
INFO: [ app_begin ] --END-- [ RunTime:0.000762s ]
SQL: SHOW COLUMNS FROM `blog_knowledge` [ RunTime:0.0007s ]
SQL: SELECT COUNT(*) AS tp_count FROM `blog_knowledge` WHERE (  2>1  ) LIMIT 1   [ RunTime:0.0005s ]
SQL: SELECT blog_knowledge.*,blog_menu.name FROM `blog_knowledge` left join blog_menu on blog_knowledge.category_id = blog_menu.id  WHERE ( 2>1 ) ORDER BY `istop` desc,`id` desc LIMIT 0,3   [ RunTime:0.0010s ]
SQL: SELECT `id`,`name` FROM `blog_menu` WHERE ( pid = 5 )  [ RunTime:0.0004s ]
SQL: SELECT blog_knowledge.id,blog_knowledge.title,blog_knowledge.addtime,blog_menu.pid FROM `blog_knowledge` left join blog_menu on  blog_knowledge.category_id = blog_menu.id  ORDER BY `addtime` desc LIMIT 5   [ RunTime:0.0005s ]
SQL: SELECT blog_knowledge.id,blog_knowledge.title,blog_knowledge.addtime,blog_knowledge.lookcount,blog_menu.pid FROM `blog_knowledge` left join blog_menu on  blog_knowledge.category_id = blog_menu.id  ORDER BY `lookcount` desc LIMIT 5   [ RunTime:0.0003s ]
SQL: SHOW COLUMNS FROM `blog_info` [ RunTime:0.0008s ]
SQL: SELECT * FROM `blog_info` LIMIT 1   [ RunTime:0.0002s ]
INFO: [ view_parse ] --START--
INFO: [ template_filter ] --START--
INFO: Run Behavior\ContentReplaceBehavior [ RunTime:0.000053s ]
INFO: [ template_filter ] --END-- [ RunTime:0.000081s ]
NOTIC: [8] Undefined variable: pos_val F:\Blog\Application\Common\Common\function.php 第 81 行.
NOTIC: [8] Undefined variable: pos_val F:\Blog\Application\Common\Common\function.php 第 81 行.
NOTIC: [8] Undefined variable: pos_val F:\Blog\Application\Common\Common\function.php 第 81 行.
INFO: Run Behavior\ParseTemplateBehavior [ RunTime:0.008201s ]
INFO: [ view_parse ] --END-- [ RunTime:0.008232s ]
INFO: [ view_filter ] --START--
INFO: Run Behavior\WriteHtmlCacheBehavior [ RunTime:0.000258s ]
INFO: [ view_filter ] --END-- [ RunTime:0.000275s ]
INFO: [ app_end ] --START--
INFO: Run Behavior\ShowPageTraceBehavior [ RunTime:0.000705s ]
INFO: [ app_end ] --END-- [ RunTime:0.000740s ]

[ 2018-11-24T00:38:47+08:00 ] 127.0.0.1 /index.php?m=Home&c=Index&a=knowledge
INFO: [ app_init ] --START--
INFO: Run Behavior\BuildLiteBehavior [ RunTime:0.000010s ]
INFO: [ app_init ] --END-- [ RunTime:0.000474s ]
INFO: [ app_begin ] --START--
INFO: Run Behavior\ReadHtmlCacheBehavior [ RunTime:0.000905s ]
INFO: [ app_begin ] --END-- [ RunTime:0.000961s ]
SQL: SHOW COLUMNS FROM `blog_knowledge` [ RunTime:0.0007s ]
SQL: SELECT COUNT(*) AS tp_count FROM `blog_knowledge` WHERE (  2>1  ) LIMIT 1   [ RunTime:0.0003s ]
SQL: SELECT blog_knowledge.*,blog_menu.name FROM `blog_knowledge` left join blog_menu on blog_knowledge.category_id = blog_menu.id  WHERE ( 2>1 ) ORDER BY `istop` desc,`id` desc LIMIT 0,3   [ RunTime:0.0005s ]
SQL: SELECT `id`,`name` FROM `blog_menu` WHERE ( pid = 5 )  [ RunTime:0.0004s ]
SQL: SELECT blog_knowledge.id,blog_knowledge.title,blog_knowledge.addtime,blog_menu.pid FROM `blog_knowledge` left join blog_menu on  blog_knowledge.category_id = blog_menu.id  ORDER BY `addtime` desc LIMIT 5   [ RunTime:0.0002s ]
SQL: SELECT blog_knowledge.id,blog_knowledge.title,blog_knowledge.addtime,blog_knowledge.lookcount,blog_menu.pid FROM `blog_knowledge` left join blog_menu on  blog_knowledge.category_id = blog_menu.id  ORDER BY `lookcount` desc LIMIT 5   [ RunTime:0.0002s ]
SQL: SHOW COLUMNS FROM `blog_info` [ RunTime:0.0004s ]
SQL: SELECT * FROM `blog_info` LIMIT 1   [ RunTime:0.0001s ]
INFO: [ view_parse ] --START--
INFO: [ template_filter ] --START--
INFO: Run Behavior\ContentReplaceBehavior [ RunTime:0.000041s ]
INFO: [ template_filter ] --END-- [ RunTime:0.000065s ]
NOTIC: [8] Undefined variable: pos_val F:\Blog\Application\Common\Common\function.php 第 81 行.
NOTIC: [8] Undefined variable: pos_val F:\Blog\Application\Common\Common\function.php 第 81 行.
NOTIC: [8] Undefined variable: pos_val F:\Blog\Application\Common\Common\function.php 第 81 行.
INFO: Run Behavior\ParseTemplateBehavior [ RunTime:0.007232s ]
INFO: [ view_parse ] --END-- [ RunTime:0.007253s ]
INFO: [ view_filter ] --START--
INFO: Run Behavior\WriteHtmlCacheBehavior [ RunTime:0.000314s ]
INFO: [ view_filter ] --END-- [ RunTime:0.000332s ]
INFO: [ app_end ] --START--
INFO: Run Behavior\ShowPageTraceBehavior [ RunTime:0.001170s ]
INFO: [ app_end ] --END-- [ RunTime:0.001223s ]

[ 2018-11-24T00:39:11+08:00 ] 127.0.0.1 /index.php?m=Home&c=Index&a=knowledge
INFO: [ app_init ] --START--
INFO: Run Behavior\BuildLiteBehavior [ RunTime:0.000017s ]
INFO: [ app_init ] --END-- [ RunTime:0.000486s ]
INFO: [ app_begin ] --START--
INFO: Run Behavior\ReadHtmlCacheBehavior [ RunTime:0.000722s ]
INFO: [ app_begin ] --END-- [ RunTime:0.000759s ]
SQL: SHOW COLUMNS FROM `blog_knowledge` [ RunTime:0.0009s ]
SQL: SELECT COUNT(*) AS tp_count FROM `blog_knowledge` WHERE (  2>1  ) LIMIT 1   [ RunTime:0.0003s ]
SQL: SELECT blog_knowledge.*,blog_menu.name FROM `blog_knowledge` left join blog_menu on blog_knowledge.category_id = blog_menu.id  WHERE ( 2>1 ) ORDER BY `istop` desc,`id` desc LIMIT 0,3   [ RunTime:0.0005s ]
SQL: SELECT `id`,`name` FROM `blog_menu` WHERE ( pid = 5 )  [ RunTime:0.0003s ]
SQL: SELECT blog_knowledge.id,blog_knowledge.title,blog_knowledge.addtime,blog_menu.pid FROM `blog_knowledge` left join blog_menu on  blog_knowledge.category_id = blog_menu.id  ORDER BY `addtime` desc LIMIT 5   [ RunTime:0.0003s ]
SQL: SELECT blog_knowledge.id,blog_knowledge.title,blog_knowledge.addtime,blog_knowledge.lookcount,blog_menu.pid FROM `blog_knowledge` left join blog_menu on  blog_knowledge.category_id = blog_menu.id  ORDER BY `lookcount` desc LIMIT 5   [ RunTime:0.0003s ]
SQL: SHOW COLUMNS FROM `blog_info` [ RunTime:0.0007s ]
SQL: SELECT * FROM `blog_info` LIMIT 1   [ RunTime:0.0003s ]
INFO: [ view_parse ] --START--
INFO: [ template_filter ] --START--
INFO: Run Behavior\ContentReplaceBehavior [ RunTime:0.000050s ]
INFO: [ template_filter ] --END-- [ RunTime:0.000103s ]
NOTIC: [8] Undefined variable: pos_val F:\Blog\Application\Common\Common\function.php 第 81 行.
NOTIC: [8] Undefined variable: pos_val F:\Blog\Application\Common\Common\function.php 第 81 行.
NOTIC: [8] Undefined variable: pos_val F:\Blog\Application\Common\Common\function.php 第 81 行.
INFO: Run Behavior\ParseTemplateBehavior [ RunTime:0.007911s ]
INFO: [ view_parse ] --END-- [ RunTime:0.007949s ]
INFO: [ view_filter ] --START--
INFO: Run Behavior\WriteHtmlCacheBehavior [ RunTime:0.000463s ]
INFO: [ view_filter ] --END-- [ RunTime:0.000491s ]
INFO: [ app_end ] --START--
INFO: Run Behavior\ShowPageTraceBehavior [ RunTime:0.000683s ]
INFO: [ app_end ] --END-- [ RunTime:0.000733s ]

[ 2018-11-24T00:39:12+08:00 ] 127.0.0.1 /index.php?m=Home&c=Index&a=knowledge
INFO: [ app_init ] --START--
INFO: Run Behavior\BuildLiteBehavior [ RunTime:0.000009s ]
INFO: [ app_init ] --END-- [ RunTime:0.000710s ]
INFO: [ app_begin ] --START--
INFO: Run Behavior\ReadHtmlCacheBehavior [ RunTime:0.000550s ]
INFO: [ app_begin ] --END-- [ RunTime:0.000587s ]
SQL: SHOW COLUMNS FROM `blog_knowledge` [ RunTime:0.0008s ]
SQL: SELECT COUNT(*) AS tp_count FROM `blog_knowledge` WHERE (  2>1  ) LIMIT 1   [ RunTime:0.0003s ]
SQL: SELECT blog_knowledge.*,blog_menu.name FROM `blog_knowledge` left join blog_menu on blog_knowledge.category_id = blog_menu.id  WHERE ( 2>1 ) ORDER BY `istop` desc,`id` desc LIMIT 0,3   [ RunTime:0.0010s ]
SQL: SELECT `id`,`name` FROM `blog_menu` WHERE ( pid = 5 )  [ RunTime:0.0004s ]
SQL: SELECT blog_knowledge.id,blog_knowledge.title,blog_knowledge.addtime,blog_menu.pid FROM `blog_knowledge` left join blog_menu on  blog_knowledge.category_id = blog_menu.id  ORDER BY `addtime` desc LIMIT 5   [ RunTime:0.0004s ]
SQL: SELECT blog_knowledge.id,blog_knowledge.title,blog_knowledge.addtime,blog_knowledge.lookcount,blog_menu.pid FROM `blog_knowledge` left join blog_menu on  blog_knowledge.category_id = blog_menu.id  ORDER BY `lookcount` desc LIMIT 5   [ RunTime:0.0003s ]
SQL: SHOW COLUMNS FROM `blog_info` [ RunTime:0.0005s ]
SQL: SELECT * FROM `blog_info` LIMIT 1   [ RunTime:0.0003s ]
INFO: [ view_parse ] --START--
INFO: [ template_filter ] --START--
INFO: Run Behavior\ContentReplaceBehavior [ RunTime:0.000043s ]
INFO: [ template_filter ] --END-- [ RunTime:0.000105s ]
NOTIC: [8] Undefined variable: pos_val F:\Blog\Application\Common\Common\function.php 第 81 行.
NOTIC: [8] Undefined variable: pos_val F:\Blog\Application\Common\Common\function.php 第 81 行.
NOTIC: [8] Undefined variable: pos_val F:\Blog\Application\Common\Common\function.php 第 81 行.
INFO: Run Behavior\ParseTemplateBehavior [ RunTime:0.009130s ]
INFO: [ view_parse ] --END-- [ RunTime:0.009157s ]
INFO: [ view_filter ] --START--
INFO: Run Behavior\WriteHtmlCacheBehavior [ RunTime:0.001132s ]
INFO: [ view_filter ] --END-- [ RunTime:0.001151s ]
INFO: [ app_end ] --START--
INFO: Run Behavior\ShowPageTraceBehavior [ RunTime:0.000668s ]
INFO: [ app_end ] --END-- [ RunTime:0.000704s ]

[ 2018-11-24T00:39:37+08:00 ] 127.0.0.1 /index.php?m=Home&c=Index&a=knowledge
INFO: [ app_init ] --START--
INFO: Run Behavior\BuildLiteBehavior [ RunTime:0.000007s ]
INFO: [ app_init ] --END-- [ RunTime:0.000373s ]
INFO: [ app_begin ] --START--
INFO: Run Behavior\ReadHtmlCacheBehavior [ RunTime:0.000395s ]
INFO: [ app_begin ] --END-- [ RunTime:0.000417s ]
SQL: SHOW COLUMNS FROM `blog_knowledge` [ RunTime:0.0008s ]
SQL: SELECT COUNT(*) AS tp_count FROM `blog_knowledge` WHERE (  2>1  ) LIMIT 1   [ RunTime:0.0004s ]
SQL: SELECT blog_knowledge.*,blog_menu.name FROM `blog_knowledge` left join blog_menu on blog_knowledge.category_id = blog_menu.id  WHERE ( 2>1 ) ORDER BY `istop` desc,`id` desc LIMIT 0,3   [ RunTime:0.0005s ]
SQL: SELECT `id`,`name` FROM `blog_menu` WHERE ( pid = 5 )  [ RunTime:0.0003s ]
SQL: SELECT blog_knowledge.id,blog_knowledge.title,blog_knowledge.addtime,blog_menu.pid FROM `blog_knowledge` left join blog_menu on  blog_knowledge.category_id = blog_menu.id  ORDER BY `addtime` desc LIMIT 5   [ RunTime:0.0003s ]
SQL: SELECT blog_knowledge.id,blog_knowledge.title,blog_knowledge.addtime,blog_knowledge.lookcount,blog_menu.pid FROM `blog_knowledge` left join blog_menu on  blog_knowledge.category_id = blog_menu.id  ORDER BY `lookcount` desc LIMIT 5   [ RunTime:0.0003s ]
SQL: SHOW COLUMNS FROM `blog_info` [ RunTime:0.0005s ]
SQL: SELECT * FROM `blog_info` LIMIT 1   [ RunTime:0.0003s ]
INFO: [ view_parse ] --START--
INFO: [ template_filter ] --START--
INFO: Run Behavior\ContentReplaceBehavior [ RunTime:0.000045s ]
INFO: [ template_filter ] --END-- [ RunTime:0.000091s ]
NOTIC: [8] Undefined variable: pos_val F:\Blog\Application\Common\Common\function.php 第 81 行.

[ 2018-11-24T00:40:02+08:00 ] 127.0.0.1 /index.php?m=Home&c=Index&a=knowledge
INFO: [ app_init ] --START--
INFO: Run Behavior\BuildLiteBehavior [ RunTime:0.000007s ]
INFO: [ app_init ] --END-- [ RunTime:0.000430s ]
INFO: [ app_begin ] --START--
INFO: Run Behavior\ReadHtmlCacheBehavior [ RunTime:0.000658s ]
INFO: [ app_begin ] --END-- [ RunTime:0.000681s ]
SQL: SHOW COLUMNS FROM `blog_knowledge` [ RunTime:0.0009s ]
SQL: SELECT COUNT(*) AS tp_count FROM `blog_knowledge` WHERE (  2>1  ) LIMIT 1   [ RunTime:0.0003s ]
SQL: SELECT blog_knowledge.*,blog_menu.name FROM `blog_knowledge` left join blog_menu on blog_knowledge.category_id = blog_menu.id  WHERE ( 2>1 ) ORDER BY `istop` desc,`id` desc LIMIT 0,3   [ RunTime:0.0006s ]
SQL: SELECT `id`,`name` FROM `blog_menu` WHERE ( pid = 5 )  [ RunTime:0.0003s ]
SQL: SELECT blog_knowledge.id,blog_knowledge.title,blog_knowledge.addtime,blog_menu.pid FROM `blog_knowledge` left join blog_menu on  blog_knowledge.category_id = blog_menu.id  ORDER BY `addtime` desc LIMIT 5   [ RunTime:0.0004s ]
SQL: SELECT blog_knowledge.id,blog_knowledge.title,blog_knowledge.addtime,blog_knowledge.lookcount,blog_menu.pid FROM `blog_knowledge` left join blog_menu on  blog_knowledge.category_id = blog_menu.id  ORDER BY `lookcount` desc LIMIT 5   [ RunTime:0.0003s ]
SQL: SHOW COLUMNS FROM `blog_info` [ RunTime:0.0006s ]
SQL: SELECT * FROM `blog_info` LIMIT 1   [ RunTime:0.0003s ]
INFO: [ view_parse ] --START--
INFO: [ template_filter ] --START--
INFO: Run Behavior\ContentReplaceBehavior [ RunTime:0.000080s ]
INFO: [ template_filter ] --END-- [ RunTime:0.000122s ]
NOTIC: [8] Undefined variable: pos_val F:\Blog\Application\Common\Common\function.php 第 81 行.

[ 2018-11-24T00:40:27+08:00 ] 127.0.0.1 /index.php?m=Home&c=Index&a=knowledge
INFO: [ app_init ] --START--
INFO: Run Behavior\BuildLiteBehavior [ RunTime:0.000006s ]
INFO: [ app_init ] --END-- [ RunTime:0.000304s ]
INFO: [ app_begin ] --START--
INFO: Run Behavior\ReadHtmlCacheBehavior [ RunTime:0.000426s ]
INFO: [ app_begin ] --END-- [ RunTime:0.000448s ]
SQL: SHOW COLUMNS FROM `blog_knowledge` [ RunTime:0.0007s ]
SQL: SELECT COUNT(*) AS tp_count FROM `blog_knowledge` WHERE (  2>1  ) LIMIT 1   [ RunTime:0.0003s ]
SQL: SELECT blog_knowledge.*,blog_menu.name FROM `blog_knowledge` left join blog_menu on blog_knowledge.category_id = blog_menu.id  WHERE ( 2>1 ) ORDER BY `istop` desc,`id` desc LIMIT 0,3   [ RunTime:0.0005s ]
SQL: SELECT `id`,`name` FROM `blog_menu` WHERE ( pid = 5 )  [ RunTime:0.0003s ]
SQL: SELECT blog_knowledge.id,blog_knowledge.title,blog_knowledge.addtime,blog_menu.pid FROM `blog_knowledge` left join blog_menu on  blog_knowledge.category_id = blog_menu.id  ORDER BY `addtime` desc LIMIT 5   [ RunTime:0.0004s ]
SQL: SELECT blog_knowledge.id,blog_knowledge.title,blog_knowledge.addtime,blog_knowledge.lookcount,blog_menu.pid FROM `blog_knowledge` left join blog_menu on  blog_knowledge.category_id = blog_menu.id  ORDER BY `lookcount` desc LIMIT 5   [ RunTime:0.0003s ]
SQL: SHOW COLUMNS FROM `blog_info` [ RunTime:0.0005s ]
SQL: SELECT * FROM `blog_info` LIMIT 1   [ RunTime:0.0002s ]
INFO: [ view_parse ] --START--
INFO: [ template_filter ] --START--
INFO: Run Behavior\ContentReplaceBehavior [ RunTime:0.000065s ]
INFO: [ template_filter ] --END-- [ RunTime:0.000089s ]
NOTIC: [8] Undefined variable: pos_val F:\Blog\Application\Common\Common\function.php 第 81 行.
NOTIC: [8] Undefined variable: pos_val F:\Blog\Application\Common\Common\function.php 第 81 行.
NOTIC: [8] Undefined variable: pos_val F:\Blog\Application\Common\Common\function.php 第 81 行.
INFO: Run Behavior\ParseTemplateBehavior [ RunTime:0.008789s ]
INFO: [ view_parse ] --END-- [ RunTime:0.008812s ]
INFO: [ view_filter ] --START--
INFO: Run Behavior\WriteHtmlCacheBehavior [ RunTime:0.000411s ]
INFO: [ view_filter ] --END-- [ RunTime:0.000429s ]
INFO: [ app_end ] --START--
INFO: Run Behavior\ShowPageTraceBehavior [ RunTime:0.006815s ]
INFO: [ app_end ] --END-- [ RunTime:0.006867s ]

[ 2018-11-24T00:40:45+08:00 ] 127.0.0.1 /index.php?m=Home&c=Index&a=knowledge
INFO: [ app_init ] --START--
INFO: Run Behavior\BuildLiteBehavior [ RunTime:0.000007s ]
INFO: [ app_init ] --END-- [ RunTime:0.000387s ]
INFO: [ app_begin ] --START--
INFO: Run Behavior\ReadHtmlCacheBehavior [ RunTime:0.000427s ]
INFO: [ app_begin ] --END-- [ RunTime:0.000448s ]
SQL: SHOW COLUMNS FROM `blog_knowledge` [ RunTime:0.0008s ]
SQL: SELECT COUNT(*) AS tp_count FROM `blog_knowledge` WHERE (  2>1  ) LIMIT 1   [ RunTime:0.0003s ]
SQL: SELECT blog_knowledge.*,blog_menu.name FROM `blog_knowledge` left join blog_menu on blog_knowledge.category_id = blog_menu.id  WHERE ( 2>1 ) ORDER BY `istop` desc,`id` desc LIMIT 0,3   [ RunTime:0.0005s ]
SQL: SELECT `id`,`name` FROM `blog_menu` WHERE ( pid = 5 )  [ RunTime:0.0003s ]
SQL: SELECT blog_knowledge.id,blog_knowledge.title,blog_knowledge.addtime,blog_menu.pid FROM `blog_knowledge` left join blog_menu on  blog_knowledge.category_id = blog_menu.id  ORDER BY `addtime` desc LIMIT 5   [ RunTime:0.0003s ]
SQL: SELECT blog_knowledge.id,blog_knowledge.title,blog_knowledge.addtime,blog_knowledge.lookcount,blog_menu.pid FROM `blog_knowledge` left join blog_menu on  blog_knowledge.category_id = blog_menu.id  ORDER BY `lookcount` desc LIMIT 5   [ RunTime:0.0003s ]
SQL: SHOW COLUMNS FROM `blog_info` [ RunTime:0.0007s ]
SQL: SELECT * FROM `blog_info` LIMIT 1   [ RunTime:0.0003s ]
INFO: [ view_parse ] --START--
INFO: [ template_filter ] --START--
INFO: Run Behavior\ContentReplaceBehavior [ RunTime:0.000043s ]
INFO: [ template_filter ] --END-- [ RunTime:0.000067s ]
NOTIC: [8] Undefined variable: pos_val F:\Blog\Application\Common\Common\function.php 第 81 行.

[ 2018-11-24T00:40:57+08:00 ] 127.0.0.1 /index.php?m=Home&c=Index&a=knowledge
INFO: [ app_init ] --START--
INFO: Run Behavior\BuildLiteBehavior [ RunTime:0.000008s ]
INFO: [ app_init ] --END-- [ RunTime:0.000430s ]
INFO: [ app_begin ] --START--
INFO: Run Behavior\ReadHtmlCacheBehavior [ RunTime:0.001021s ]
INFO: [ app_begin ] --END-- [ RunTime:0.001069s ]
SQL: SHOW COLUMNS FROM `blog_knowledge` [ RunTime:0.0009s ]
SQL: SELECT COUNT(*) AS tp_count FROM `blog_knowledge` WHERE (  2>1  ) LIMIT 1   [ RunTime:0.0004s ]
SQL: SELECT blog_knowledge.*,blog_menu.name FROM `blog_knowledge` left join blog_menu on blog_knowledge.category_id = blog_menu.id  WHERE ( 2>1 ) ORDER BY `istop` desc,`id` desc LIMIT 0,3   [ RunTime:0.0005s ]
SQL: SELECT `id`,`name` FROM `blog_menu` WHERE ( pid = 5 )  [ RunTime:0.0003s ]
SQL: SELECT blog_knowledge.id,blog_knowledge.title,blog_knowledge.addtime,blog_menu.pid FROM `blog_knowledge` left join blog_menu on  blog_knowledge.category_id = blog_menu.id  ORDER BY `addtime` desc LIMIT 5   [ RunTime:0.0003s ]
SQL: SELECT blog_knowledge.id,blog_knowledge.title,blog_knowledge.addtime,blog_knowledge.lookcount,blog_menu.pid FROM `blog_knowledge` left join blog_menu on  blog_knowledge.category_id = blog_menu.id  ORDER BY `lookcount` desc LIMIT 5   [ RunTime:0.0003s ]
SQL: SHOW COLUMNS FROM `blog_info` [ RunTime:0.0006s ]
SQL: SELECT * FROM `blog_info` LIMIT 1   [ RunTime:0.0002s ]
INFO: [ view_parse ] --START--
INFO: [ template_filter ] --START--
INFO: Run Behavior\ContentReplaceBehavior [ RunTime:0.000043s ]
INFO: [ template_filter ] --END-- [ RunTime:0.000091s ]
NOTIC: [8] Undefined variable: pos_val F:\Blog\Application\Common\Common\function.php 第 81 行.

[ 2018-11-24T00:41:07+08:00 ] 127.0.0.1 /index.php?m=Home&c=Index&a=knowledge
INFO: [ app_init ] --START--
INFO: Run Behavior\BuildLiteBehavior [ RunTime:0.000006s ]
INFO: [ app_init ] --END-- [ RunTime:0.000342s ]
INFO: [ app_begin ] --START--
INFO: Run Behavior\ReadHtmlCacheBehavior [ RunTime:0.000444s ]
INFO: [ app_begin ] --END-- [ RunTime:0.000465s ]
SQL: SHOW COLUMNS FROM `blog_knowledge` [ RunTime:0.0007s ]
SQL: SELECT COUNT(*) AS tp_count FROM `blog_knowledge` WHERE (  2>1  ) LIMIT 1   [ RunTime:0.0003s ]
SQL: SELECT blog_knowledge.*,blog_menu.name FROM `blog_knowledge` left join blog_menu on blog_knowledge.category_id = blog_menu.id  WHERE ( 2>1 ) ORDER BY `istop` desc,`id` desc LIMIT 0,3   [ RunTime:0.0005s ]
SQL: SELECT `id`,`name` FROM `blog_menu` WHERE ( pid = 5 )  [ RunTime:0.0004s ]
SQL: SELECT blog_knowledge.id,blog_knowledge.title,blog_knowledge.addtime,blog_menu.pid FROM `blog_knowledge` left join blog_menu on  blog_knowledge.category_id = blog_menu.id  ORDER BY `addtime` desc LIMIT 5   [ RunTime:0.0004s ]
SQL: SELECT blog_knowledge.id,blog_knowledge.title,blog_knowledge.addtime,blog_knowledge.lookcount,blog_menu.pid FROM `blog_knowledge` left join blog_menu on  blog_knowledge.category_id = blog_menu.id  ORDER BY `lookcount` desc LIMIT 5   [ RunTime:0.0005s ]
SQL: SHOW COLUMNS FROM `blog_info` [ RunTime:0.0005s ]
SQL: SELECT * FROM `blog_info` LIMIT 1   [ RunTime:0.0002s ]
INFO: [ view_parse ] --START--
INFO: [ template_filter ] --START--
INFO: Run Behavior\ContentReplaceBehavior [ RunTime:0.000043s ]
INFO: [ template_filter ] --END-- [ RunTime:0.000065s ]
NOTIC: [8] Undefined variable: pos_val F:\Blog\Application\Common\Common\function.php 第 81 行.

[ 2018-11-24T00:41:19+08:00 ] 127.0.0.1 /index.php?m=Home&c=Index&a=knowledge
INFO: [ app_init ] --START--
INFO: Run Behavior\BuildLiteBehavior [ RunTime:0.000009s ]
INFO: [ app_init ] --END-- [ RunTime:0.000451s ]
INFO: [ app_begin ] --START--
INFO: Run Behavior\ReadHtmlCacheBehavior [ RunTime:0.000582s ]
INFO: [ app_begin ] --END-- [ RunTime:0.000617s ]
SQL: SHOW COLUMNS FROM `blog_knowledge` [ RunTime:0.0008s ]
SQL: SELECT COUNT(*) AS tp_count FROM `blog_knowledge` WHERE (  2>1  ) LIMIT 1   [ RunTime:0.0003s ]
SQL: SELECT blog_knowledge.*,blog_menu.name FROM `blog_knowledge` left join blog_menu on blog_knowledge.category_id = blog_menu.id  WHERE ( 2>1 ) ORDER BY `istop` desc,`id` desc LIMIT 0,3   [ RunTime:0.0005s ]
SQL: SELECT `id`,`name` FROM `blog_menu` WHERE ( pid = 5 )  [ RunTime:0.0003s ]
SQL: SELECT blog_knowledge.id,blog_knowledge.title,blog_knowledge.addtime,blog_menu.pid FROM `blog_knowledge` left join blog_menu on  blog_knowledge.category_id = blog_menu.id  ORDER BY `addtime` desc LIMIT 5   [ RunTime:0.0003s ]
SQL: SELECT blog_knowledge.id,blog_knowledge.title,blog_knowledge.addtime,blog_knowledge.lookcount,blog_menu.pid FROM `blog_knowledge` left join blog_menu on  blog_knowledge.category_id = blog_menu.id  ORDER BY `lookcount` desc LIMIT 5   [ RunTime:0.0003s ]
SQL: SHOW COLUMNS FROM `blog_info` [ RunTime:0.0005s ]
SQL: SELECT * FROM `blog_info` LIMIT 1   [ RunTime:0.0002s ]
INFO: [ view_parse ] --START--
INFO: [ template_filter ] --START--
INFO: Run Behavior\ContentReplaceBehavior [ RunTime:0.000043s ]
INFO: [ template_filter ] --END-- [ RunTime:0.000068s ]
NOTIC: [8] Undefined variable: pos_val F:\Blog\Application\Common\Common\function.php 第 81 行.
NOTIC: [8] Undefined variable: pos_val F:\Blog\Application\Common\Common\function.php 第 81 行.
NOTIC: [8] Undefined variable: pos_val F:\Blog\Application\Common\Common\function.php 第 81 行.
INFO: Run Behavior\ParseTemplateBehavior [ RunTime:0.009974s ]
INFO: [ view_parse ] --END-- [ RunTime:0.009995s ]
INFO: [ view_filter ] --START--
INFO: Run Behavior\WriteHtmlCacheBehavior [ RunTime:0.000433s ]
INFO: [ view_filter ] --END-- [ RunTime:0.000450s ]
INFO: [ app_end ] --START--
INFO: Run Behavior\ShowPageTraceBehavior [ RunTime:0.001239s ]
INFO: [ app_end ] --END-- [ RunTime:0.001290s ]

[ 2018-11-24T00:41:28+08:00 ] 127.0.0.1 /index.php?m=Home&c=Index&a=knowledge
INFO: [ app_init ] --START--
INFO: Run Behavior\BuildLiteBehavior [ RunTime:0.000006s ]
INFO: [ app_init ] --END-- [ RunTime:0.000306s ]
INFO: [ app_begin ] --START--
INFO: Run Behavior\ReadHtmlCacheBehavior [ RunTime:0.000672s ]
INFO: [ app_begin ] --END-- [ RunTime:0.000710s ]
SQL: SHOW COLUMNS FROM `blog_knowledge` [ RunTime:0.0008s ]
SQL: SELECT COUNT(*) AS tp_count FROM `blog_knowledge` WHERE (  2>1  ) LIMIT 1   [ RunTime:0.0003s ]
SQL: SELECT blog_knowledge.*,blog_menu.name FROM `blog_knowledge` left join blog_menu on blog_knowledge.category_id = blog_menu.id  WHERE ( 2>1 ) ORDER BY `istop` desc,`id` desc LIMIT 0,3   [ RunTime:0.0005s ]
SQL: SELECT `id`,`name` FROM `blog_menu` WHERE ( pid = 5 )  [ RunTime:0.0003s ]
SQL: SELECT blog_knowledge.id,blog_knowledge.title,blog_knowledge.addtime,blog_menu.pid FROM `blog_knowledge` left join blog_menu on  blog_knowledge.category_id = blog_menu.id  ORDER BY `addtime` desc LIMIT 5   [ RunTime:0.0003s ]
SQL: SELECT blog_knowledge.id,blog_knowledge.title,blog_knowledge.addtime,blog_knowledge.lookcount,blog_menu.pid FROM `blog_knowledge` left join blog_menu on  blog_knowledge.category_id = blog_menu.id  ORDER BY `lookcount` desc LIMIT 5   [ RunTime:0.0003s ]
SQL: SHOW COLUMNS FROM `blog_info` [ RunTime:0.0006s ]
SQL: SELECT * FROM `blog_info` LIMIT 1   [ RunTime:0.0003s ]
INFO: [ view_parse ] --START--
INFO: [ template_filter ] --START--
INFO: Run Behavior\ContentReplaceBehavior [ RunTime:0.000042s ]
INFO: [ template_filter ] --END-- [ RunTime:0.000066s ]
NOTIC: [8] Undefined variable: pos_val F:\Blog\Application\Common\Common\function.php 第 81 行.
NOTIC: [8] Undefined variable: pos_val F:\Blog\Application\Common\Common\function.php 第 81 行.
NOTIC: [8] Undefined variable: pos_val F:\Blog\Application\Common\Common\function.php 第 81 行.
INFO: Run Behavior\ParseTemplateBehavior [ RunTime:0.007918s ]
INFO: [ view_parse ] --END-- [ RunTime:0.007947s ]
INFO: [ view_filter ] --START--
INFO: Run Behavior\WriteHtmlCacheBehavior [ RunTime:0.000634s ]
INFO: [ view_filter ] --END-- [ RunTime:0.000658s ]
INFO: [ app_end ] --START--
INFO: Run Behavior\ShowPageTraceBehavior [ RunTime:0.000958s ]
INFO: [ app_end ] --END-- [ RunTime:0.000994s ]

[ 2018-11-24T00:41:47+08:00 ] 127.0.0.1 /index.php?m=Home&c=Index&a=knowledge
INFO: [ app_init ] --START--
INFO: Run Behavior\BuildLiteBehavior [ RunTime:0.000006s ]
INFO: [ app_init ] --END-- [ RunTime:0.000353s ]
INFO: [ app_begin ] --START--
INFO: Run Behavior\ReadHtmlCacheBehavior [ RunTime:0.000730s ]
INFO: [ app_begin ] --END-- [ RunTime:0.000779s ]
SQL: SHOW COLUMNS FROM `blog_knowledge` [ RunTime:0.0008s ]
SQL: SELECT COUNT(*) AS tp_count FROM `blog_knowledge` WHERE (  2>1  ) LIMIT 1   [ RunTime:0.0002s ]
SQL: SELECT blog_knowledge.*,blog_menu.name FROM `blog_knowledge` left join blog_menu on blog_knowledge.category_id = blog_menu.id  WHERE ( 2>1 ) ORDER BY `istop` desc,`id` desc LIMIT 0,3   [ RunTime:0.0005s ]
SQL: SELECT `id`,`name` FROM `blog_menu` WHERE ( pid = 5 )  [ RunTime:0.0003s ]
SQL: SELECT blog_knowledge.id,blog_knowledge.title,blog_knowledge.addtime,blog_menu.pid FROM `blog_knowledge` left join blog_menu on  blog_knowledge.category_id = blog_menu.id  ORDER BY `addtime` desc LIMIT 5   [ RunTime:0.0004s ]
SQL: SELECT blog_knowledge.id,blog_knowledge.title,blog_knowledge.addtime,blog_knowledge.lookcount,blog_menu.pid FROM `blog_knowledge` left join blog_menu on  blog_knowledge.category_id = blog_menu.id  ORDER BY `lookcount` desc LIMIT 5   [ RunTime:0.0003s ]
SQL: SHOW COLUMNS FROM `blog_info` [ RunTime:0.0007s ]
SQL: SELECT * FROM `blog_info` LIMIT 1   [ RunTime:0.0003s ]
INFO: [ view_parse ] --START--
INFO: [ template_filter ] --START--
INFO: Run Behavior\ContentReplaceBehavior [ RunTime:0.000041s ]
INFO: [ template_filter ] --END-- [ RunTime:0.000065s ]
NOTIC: [8] Undefined variable: pos_val F:\Blog\Application\Common\Common\function.php 第 81 行.
NOTIC: [8] Undefined variable: pos_val F:\Blog\Application\Common\Common\function.php 第 81 行.
NOTIC: [8] Undefined variable: pos_val F:\Blog\Application\Common\Common\function.php 第 81 行.
INFO: Run Behavior\ParseTemplateBehavior [ RunTime:0.009095s ]
INFO: [ view_parse ] --END-- [ RunTime:0.009123s ]
INFO: [ view_filter ] --START--
INFO: Run Behavior\WriteHtmlCacheBehavior [ RunTime:0.000306s ]
INFO: [ view_filter ] --END-- [ RunTime:0.000322s ]
INFO: [ app_end ] --START--
INFO: Run Behavior\ShowPageTraceBehavior [ RunTime:0.000713s ]
INFO: [ app_end ] --END-- [ RunTime:0.000740s ]

[ 2018-11-24T00:41:48+08:00 ] 127.0.0.1 /index.php?m=Home&c=Index&a=knowledge
INFO: [ app_init ] --START--
INFO: Run Behavior\BuildLiteBehavior [ RunTime:0.000007s ]
INFO: [ app_init ] --END-- [ RunTime:0.000315s ]
INFO: [ app_begin ] --START--
INFO: Run Behavior\ReadHtmlCacheBehavior [ RunTime:0.000387s ]
INFO: [ app_begin ] --END-- [ RunTime:0.000408s ]
SQL: SHOW COLUMNS FROM `blog_knowledge` [ RunTime:0.0006s ]
SQL: SELECT COUNT(*) AS tp_count FROM `blog_knowledge` WHERE (  2>1  ) LIMIT 1   [ RunTime:0.0003s ]
SQL: SELECT blog_knowledge.*,blog_menu.name FROM `blog_knowledge` left join blog_menu on blog_knowledge.category_id = blog_menu.id  WHERE ( 2>1 ) ORDER BY `istop` desc,`id` desc LIMIT 0,3   [ RunTime:0.0005s ]
SQL: SELECT `id`,`name` FROM `blog_menu` WHERE ( pid = 5 )  [ RunTime:0.0003s ]
SQL: SELECT blog_knowledge.id,blog_knowledge.title,blog_knowledge.addtime,blog_menu.pid FROM `blog_knowledge` left join blog_menu on  blog_knowledge.category_id = blog_menu.id  ORDER BY `addtime` desc LIMIT 5   [ RunTime:0.0003s ]
SQL: SELECT blog_knowledge.id,blog_knowledge.title,blog_knowledge.addtime,blog_knowledge.lookcount,blog_menu.pid FROM `blog_knowledge` left join blog_menu on  blog_knowledge.category_id = blog_menu.id  ORDER BY `lookcount` desc LIMIT 5   [ RunTime:0.0003s ]
SQL: SHOW COLUMNS FROM `blog_info` [ RunTime:0.0006s ]
SQL: SELECT * FROM `blog_info` LIMIT 1   [ RunTime:0.0002s ]
INFO: [ view_parse ] --START--
INFO: [ template_filter ] --START--
INFO: Run Behavior\ContentReplaceBehavior [ RunTime:0.000102s ]
INFO: [ template_filter ] --END-- [ RunTime:0.000139s ]
NOTIC: [8] Undefined variable: pos_val F:\Blog\Application\Common\Common\function.php 第 81 行.
NOTIC: [8] Undefined variable: pos_val F:\Blog\Application\Common\Common\function.php 第 81 行.
NOTIC: [8] Undefined variable: pos_val F:\Blog\Application\Common\Common\function.php 第 81 行.
INFO: Run Behavior\ParseTemplateBehavior [ RunTime:0.009770s ]
INFO: [ view_parse ] --END-- [ RunTime:0.009797s ]
INFO: [ view_filter ] --START--
INFO: Run Behavior\WriteHtmlCacheBehavior [ RunTime:0.004321s ]
INFO: [ view_filter ] --END-- [ RunTime:0.004348s ]
INFO: [ app_end ] --START--
INFO: Run Behavior\ShowPageTraceBehavior [ RunTime:0.001241s ]
INFO: [ app_end ] --END-- [ RunTime:0.001299s ]

[ 2018-11-24T00:41:48+08:00 ] 127.0.0.1 /index.php?m=Home&c=Index&a=knowledge
INFO: [ app_init ] --START--
INFO: Run Behavior\BuildLiteBehavior [ RunTime:0.000019s ]
INFO: [ app_init ] --END-- [ RunTime:0.000596s ]
INFO: [ app_begin ] --START--
INFO: Run Behavior\ReadHtmlCacheBehavior [ RunTime:0.000712s ]
INFO: [ app_begin ] --END-- [ RunTime:0.000754s ]
SQL: SHOW COLUMNS FROM `blog_knowledge` [ RunTime:0.0008s ]
SQL: SELECT COUNT(*) AS tp_count FROM `blog_knowledge` WHERE (  2>1  ) LIMIT 1   [ RunTime:0.0003s ]
SQL: SELECT blog_knowledge.*,blog_menu.name FROM `blog_knowledge` left join blog_menu on blog_knowledge.category_id = blog_menu.id  WHERE ( 2>1 ) ORDER BY `istop` desc,`id` desc LIMIT 0,3   [ RunTime:0.0005s ]
SQL: SELECT `id`,`name` FROM `blog_menu` WHERE ( pid = 5 )  [ RunTime:0.0003s ]
SQL: SELECT blog_knowledge.id,blog_knowledge.title,blog_knowledge.addtime,blog_menu.pid FROM `blog_knowledge` left join blog_menu on  blog_knowledge.category_id = blog_menu.id  ORDER BY `addtime` desc LIMIT 5   [ RunTime:0.0003s ]
SQL: SELECT blog_knowledge.id,blog_knowledge.title,blog_knowledge.addtime,blog_knowledge.lookcount,blog_menu.pid FROM `blog_knowledge` left join blog_menu on  blog_knowledge.category_id = blog_menu.id  ORDER BY `lookcount` desc LIMIT 5   [ RunTime:0.0003s ]
SQL: SHOW COLUMNS FROM `blog_info` [ RunTime:0.0006s ]
SQL: SELECT * FROM `blog_info` LIMIT 1   [ RunTime:0.0002s ]
INFO: [ view_parse ] --START--
INFO: [ template_filter ] --START--
INFO: Run Behavior\ContentReplaceBehavior [ RunTime:0.000056s ]
INFO: [ template_filter ] --END-- [ RunTime:0.000095s ]
NOTIC: [8] Undefined variable: pos_val F:\Blog\Application\Common\Common\function.php 第 81 行.
NOTIC: [8] Undefined variable: pos_val F:\Blog\Application\Common\Common\function.php 第 81 行.
NOTIC: [8] Undefined variable: pos_val F:\Blog\Application\Common\Common\function.php 第 81 行.
INFO: Run Behavior\ParseTemplateBehavior [ RunTime:0.011057s ]
INFO: [ view_parse ] --END-- [ RunTime:0.011093s ]
INFO: [ view_filter ] --START--
INFO: Run Behavior\WriteHtmlCacheBehavior [ RunTime:0.000393s ]
INFO: [ view_filter ] --END-- [ RunTime:0.000423s ]
INFO: [ app_end ] --START--
INFO: Run Behavior\ShowPageTraceBehavior [ RunTime:0.000828s ]
INFO: [ app_end ] --END-- [ RunTime:0.000871s ]

[ 2018-11-24T00:41:49+08:00 ] 127.0.0.1 /index.php?m=Home&c=Index&a=knowledge
INFO: [ app_init ] --START--
INFO: Run Behavior\BuildLiteBehavior [ RunTime:0.000011s ]
INFO: [ app_init ] --END-- [ RunTime:0.000566s ]
INFO: [ app_begin ] --START--
INFO: Run Behavior\ReadHtmlCacheBehavior [ RunTime:0.000655s ]
INFO: [ app_begin ] --END-- [ RunTime:0.000696s ]
SQL: SHOW COLUMNS FROM `blog_knowledge` [ RunTime:0.0006s ]
SQL: SELECT COUNT(*) AS tp_count FROM `blog_knowledge` WHERE (  2>1  ) LIMIT 1   [ RunTime:0.0002s ]
SQL: SELECT blog_knowledge.*,blog_menu.name FROM `blog_knowledge` left join blog_menu on blog_knowledge.category_id = blog_menu.id  WHERE ( 2>1 ) ORDER BY `istop` desc,`id` desc LIMIT 0,3   [ RunTime:0.0004s ]
SQL: SELECT `id`,`name` FROM `blog_menu` WHERE ( pid = 5 )  [ RunTime:0.0002s ]
SQL: SELECT blog_knowledge.id,blog_knowledge.title,blog_knowledge.addtime,blog_menu.pid FROM `blog_knowledge` left join blog_menu on  blog_knowledge.category_id = blog_menu.id  ORDER BY `addtime` desc LIMIT 5   [ RunTime:0.0002s ]
SQL: SELECT blog_knowledge.id,blog_knowledge.title,blog_knowledge.addtime,blog_knowledge.lookcount,blog_menu.pid FROM `blog_knowledge` left join blog_menu on  blog_knowledge.category_id = blog_menu.id  ORDER BY `lookcount` desc LIMIT 5   [ RunTime:0.0002s ]
SQL: SHOW COLUMNS FROM `blog_info` [ RunTime:0.0005s ]
SQL: SELECT * FROM `blog_info` LIMIT 1   [ RunTime:0.0002s ]
INFO: [ view_parse ] --START--
INFO: [ template_filter ] --START--
INFO: Run Behavior\ContentReplaceBehavior [ RunTime:0.000062s ]
INFO: [ template_filter ] --END-- [ RunTime:0.000103s ]
NOTIC: [8] Undefined variable: pos_val F:\Blog\Application\Common\Common\function.php 第 81 行.
NOTIC: [8] Undefined variable: pos_val F:\Blog\Application\Common\Common\function.php 第 81 行.
NOTIC: [8] Undefined variable: pos_val F:\Blog\Application\Common\Common\function.php 第 81 行.
INFO: Run Behavior\ParseTemplateBehavior [ RunTime:0.009085s ]
INFO: [ view_parse ] --END-- [ RunTime:0.009122s ]
INFO: [ view_filter ] --START--
INFO: Run Behavior\WriteHtmlCacheBehavior [ RunTime:0.000507s ]
INFO: [ view_filter ] --END-- [ RunTime:0.000551s ]
INFO: [ app_end ] --START--
INFO: Run Behavior\ShowPageTraceBehavior [ RunTime:0.000772s ]
INFO: [ app_end ] --END-- [ RunTime:0.000829s ]

[ 2018-11-24T00:42:14+08:00 ] 127.0.0.1 /index.php?m=Home&c=Index&a=knowledge
INFO: [ app_init ] --START--
INFO: Run Behavior\BuildLiteBehavior [ RunTime:0.000006s ]
INFO: [ app_init ] --END-- [ RunTime:0.000340s ]
INFO: [ app_begin ] --START--
INFO: Run Behavior\ReadHtmlCacheBehavior [ RunTime:0.000688s ]
INFO: [ app_begin ] --END-- [ RunTime:0.000735s ]
SQL: SHOW COLUMNS FROM `blog_knowledge` [ RunTime:0.0006s ]
SQL: SELECT COUNT(*) AS tp_count FROM `blog_knowledge` WHERE (  2>1  ) LIMIT 1   [ RunTime:0.0002s ]
SQL: SELECT blog_knowledge.*,blog_menu.name FROM `blog_knowledge` left join blog_menu on blog_knowledge.category_id = blog_menu.id  WHERE ( 2>1 ) ORDER BY `istop` desc,`id` desc LIMIT 0,3   [ RunTime:0.0004s ]
SQL: SELECT `id`,`name` FROM `blog_menu` WHERE ( pid = 5 )  [ RunTime:0.0002s ]
SQL: SELECT blog_knowledge.id,blog_knowledge.title,blog_knowledge.addtime,blog_menu.pid FROM `blog_knowledge` left join blog_menu on  blog_knowledge.category_id = blog_menu.id  ORDER BY `addtime` desc LIMIT 5   [ RunTime:0.0002s ]
SQL: SELECT blog_knowledge.id,blog_knowledge.title,blog_knowledge.addtime,blog_knowledge.lookcount,blog_menu.pid FROM `blog_knowledge` left join blog_menu on  blog_knowledge.category_id = blog_menu.id  ORDER BY `lookcount` desc LIMIT 5   [ RunTime:0.0002s ]
SQL: SHOW COLUMNS FROM `blog_info` [ RunTime:0.0008s ]
SQL: SELECT * FROM `blog_info` LIMIT 1   [ RunTime:0.0004s ]
INFO: [ view_parse ] --START--
INFO: [ template_filter ] --START--
INFO: Run Behavior\ContentReplaceBehavior [ RunTime:0.000040s ]
INFO: [ template_filter ] --END-- [ RunTime:0.000062s ]
NOTIC: [8] Undefined variable: pos_val F:\Blog\Application\Common\Common\function.php 第 81 行.
NOTIC: [8] Undefined variable: pos_val F:\Blog\Application\Common\Common\function.php 第 81 行.
NOTIC: [8] Undefined variable: pos_val F:\Blog\Application\Common\Common\function.php 第 81 行.
INFO: Run Behavior\ParseTemplateBehavior [ RunTime:0.009740s ]
INFO: [ view_parse ] --END-- [ RunTime:0.009772s ]
INFO: [ view_filter ] --START--
INFO: Run Behavior\WriteHtmlCacheBehavior [ RunTime:0.000273s ]
INFO: [ view_filter ] --END-- [ RunTime:0.000290s ]
INFO: [ app_end ] --START--
INFO: Run Behavior\ShowPageTraceBehavior [ RunTime:0.000750s ]
INFO: [ app_end ] --END-- [ RunTime:0.000781s ]

[ 2018-11-24T00:42:22+08:00 ] 127.0.0.1 /index.php?m=Home&c=Index&a=knowledge
INFO: [ app_init ] --START--
INFO: Run Behavior\BuildLiteBehavior [ RunTime:0.000005s ]
INFO: [ app_init ] --END-- [ RunTime:0.000303s ]
INFO: [ app_begin ] --START--
INFO: Run Behavior\ReadHtmlCacheBehavior [ RunTime:0.000382s ]
INFO: [ app_begin ] --END-- [ RunTime:0.000403s ]
SQL: SHOW COLUMNS FROM `blog_knowledge` [ RunTime:0.0007s ]
SQL: SELECT COUNT(*) AS tp_count FROM `blog_knowledge` WHERE (  2>1  ) LIMIT 1   [ RunTime:0.0003s ]
SQL: SELECT blog_knowledge.*,blog_menu.name FROM `blog_knowledge` left join blog_menu on blog_knowledge.category_id = blog_menu.id  WHERE ( 2>1 ) ORDER BY `istop` desc,`id` desc LIMIT 0,3   [ RunTime:0.0005s ]
SQL: SELECT `id`,`name` FROM `blog_menu` WHERE ( pid = 5 )  [ RunTime:0.0003s ]
SQL: SELECT blog_knowledge.id,blog_knowledge.title,blog_knowledge.addtime,blog_menu.pid FROM `blog_knowledge` left join blog_menu on  blog_knowledge.category_id = blog_menu.id  ORDER BY `addtime` desc LIMIT 5   [ RunTime:0.0003s ]
SQL: SELECT blog_knowledge.id,blog_knowledge.title,blog_knowledge.addtime,blog_knowledge.lookcount,blog_menu.pid FROM `blog_knowledge` left join blog_menu on  blog_knowledge.category_id = blog_menu.id  ORDER BY `lookcount` desc LIMIT 5   [ RunTime:0.0004s ]
SQL: SHOW COLUMNS FROM `blog_info` [ RunTime:0.0010s ]
SQL: SELECT * FROM `blog_info` LIMIT 1   [ RunTime:0.0003s ]
INFO: [ view_parse ] --START--
INFO: [ template_filter ] --START--
INFO: Run Behavior\ContentReplaceBehavior [ RunTime:0.000040s ]
INFO: [ template_filter ] --END-- [ RunTime:0.000063s ]
NOTIC: [8] Undefined variable: pos_val F:\Blog\Application\Common\Common\function.php 第 81 行.
NOTIC: [8] Undefined variable: pos_val F:\Blog\Application\Common\Common\function.php 第 81 行.
NOTIC: [8] Undefined variable: pos_val F:\Blog\Application\Common\Common\function.php 第 81 行.
INFO: Run Behavior\ParseTemplateBehavior [ RunTime:0.009041s ]
INFO: [ view_parse ] --END-- [ RunTime:0.009073s ]
INFO: [ view_filter ] --START--
INFO: Run Behavior\WriteHtmlCacheBehavior [ RunTime:0.000267s ]
INFO: [ view_filter ] --END-- [ RunTime:0.000283s ]
INFO: [ app_end ] --START--
INFO: Run Behavior\ShowPageTraceBehavior [ RunTime:0.000674s ]
INFO: [ app_end ] --END-- [ RunTime:0.000711s ]

[ 2018-11-24T00:44:30+08:00 ] 127.0.0.1 /index.php?m=Home&c=Index&a=knowledge
INFO: [ app_init ] --START--
INFO: Run Behavior\BuildLiteBehavior [ RunTime:0.000024s ]
INFO: [ app_init ] --END-- [ RunTime:0.000468s ]
INFO: [ app_begin ] --START--
INFO: Run Behavior\ReadHtmlCacheBehavior [ RunTime:0.000822s ]
INFO: [ app_begin ] --END-- [ RunTime:0.000853s ]
SQL: SHOW COLUMNS FROM `blog_knowledge` [ RunTime:0.0008s ]
SQL: SELECT COUNT(*) AS tp_count FROM `blog_knowledge` WHERE (  2>1  ) LIMIT 1   [ RunTime:0.0003s ]
SQL: SELECT blog_knowledge.*,blog_menu.name FROM `blog_knowledge` left join blog_menu on blog_knowledge.category_id = blog_menu.id  WHERE ( 2>1 ) ORDER BY `istop` desc,`id` desc LIMIT 0,3   [ RunTime:0.0005s ]
SQL: SELECT `id`,`name` FROM `blog_menu` WHERE ( pid = 5 )  [ RunTime:0.0004s ]
SQL: SELECT blog_knowledge.id,blog_knowledge.title,blog_knowledge.addtime,blog_menu.pid FROM `blog_knowledge` left join blog_menu on  blog_knowledge.category_id = blog_menu.id  ORDER BY `addtime` desc LIMIT 5   [ RunTime:0.0005s ]
SQL: SELECT blog_knowledge.id,blog_knowledge.title,blog_knowledge.addtime,blog_knowledge.lookcount,blog_menu.pid FROM `blog_knowledge` left join blog_menu on  blog_knowledge.category_id = blog_menu.id  ORDER BY `lookcount` desc LIMIT 5   [ RunTime:0.0005s ]
SQL: SHOW COLUMNS FROM `blog_info` [ RunTime:0.0006s ]
SQL: SELECT * FROM `blog_info` LIMIT 1   [ RunTime:0.0003s ]
INFO: [ view_parse ] --START--
INFO: [ template_filter ] --START--
INFO: Run Behavior\ContentReplaceBehavior [ RunTime:0.000041s ]
INFO: [ template_filter ] --END-- [ RunTime:0.000063s ]
NOTIC: [8] Undefined variable: pos_val F:\Blog\Application\Common\Common\function.php 第 81 行.
NOTIC: [8] Undefined variable: pos_val F:\Blog\Application\Common\Common\function.php 第 81 行.
NOTIC: [8] Undefined variable: pos_val F:\Blog\Application\Common\Common\function.php 第 81 行.
INFO: Run Behavior\ParseTemplateBehavior [ RunTime:0.008602s ]
INFO: [ view_parse ] --END-- [ RunTime:0.008632s ]
INFO: [ view_filter ] --START--
INFO: Run Behavior\WriteHtmlCacheBehavior [ RunTime:0.000587s ]
INFO: [ view_filter ] --END-- [ RunTime:0.000615s ]
INFO: [ app_end ] --START--
INFO: Run Behavior\ShowPageTraceBehavior [ RunTime:0.001336s ]
INFO: [ app_end ] --END-- [ RunTime:0.001415s ]

[ 2018-11-24T00:44:43+08:00 ] 127.0.0.1 /index.php?m=Home&c=Index&a=knowledge
INFO: [ app_init ] --START--
INFO: Run Behavior\BuildLiteBehavior [ RunTime:0.000008s ]
INFO: [ app_init ] --END-- [ RunTime:0.000431s ]
INFO: [ app_begin ] --START--
INFO: Run Behavior\ReadHtmlCacheBehavior [ RunTime:0.000769s ]
INFO: [ app_begin ] --END-- [ RunTime:0.000791s ]
SQL: SHOW COLUMNS FROM `blog_knowledge` [ RunTime:0.0007s ]
SQL: SELECT COUNT(*) AS tp_count FROM `blog_knowledge` WHERE (  2>1  ) LIMIT 1   [ RunTime:0.0004s ]
SQL: SELECT blog_knowledge.*,blog_menu.name FROM `blog_knowledge` left join blog_menu on blog_knowledge.category_id = blog_menu.id  WHERE ( 2>1 ) ORDER BY `istop` desc,`id` desc LIMIT 0,3   [ RunTime:0.0006s ]
SQL: SELECT `id`,`name` FROM `blog_menu` WHERE ( pid = 5 )  [ RunTime:0.0004s ]
SQL: SELECT blog_knowledge.id,blog_knowledge.title,blog_knowledge.addtime,blog_menu.pid FROM `blog_knowledge` left join blog_menu on  blog_knowledge.category_id = blog_menu.id  ORDER BY `addtime` desc LIMIT 5   [ RunTime:0.0003s ]
SQL: SELECT blog_knowledge.id,blog_knowledge.title,blog_knowledge.addtime,blog_knowledge.lookcount,blog_menu.pid FROM `blog_knowledge` left join blog_menu on  blog_knowledge.category_id = blog_menu.id  ORDER BY `lookcount` desc LIMIT 5   [ RunTime:0.0003s ]
SQL: SHOW COLUMNS FROM `blog_info` [ RunTime:0.0005s ]
SQL: SELECT * FROM `blog_info` LIMIT 1   [ RunTime:0.0002s ]
INFO: [ view_parse ] --START--
INFO: [ template_filter ] --START--
INFO: Run Behavior\ContentReplaceBehavior [ RunTime:0.000044s ]
INFO: [ template_filter ] --END-- [ RunTime:0.000068s ]
NOTIC: [8] Undefined variable: pos_val F:\Blog\Application\Common\Common\function.php 第 81 行.
NOTIC: [8] Undefined variable: pos_val F:\Blog\Application\Common\Common\function.php 第 81 行.
NOTIC: [8] Undefined variable: pos_val F:\Blog\Application\Common\Common\function.php 第 81 行.
INFO: Run Behavior\ParseTemplateBehavior [ RunTime:0.009720s ]
INFO: [ view_parse ] --END-- [ RunTime:0.009749s ]
INFO: [ view_filter ] --START--
INFO: Run Behavior\WriteHtmlCacheBehavior [ RunTime:0.000506s ]
INFO: [ view_filter ] --END-- [ RunTime:0.000525s ]
INFO: [ app_end ] --START--
INFO: Run Behavior\ShowPageTraceBehavior [ RunTime:0.000944s ]
INFO: [ app_end ] --END-- [ RunTime:0.000976s ]

[ 2018-11-24T00:44:58+08:00 ] 127.0.0.1 /index.php?m=Home&c=Index&a=knowledge
INFO: [ app_init ] --START--
INFO: Run Behavior\BuildLiteBehavior [ RunTime:0.000007s ]
INFO: [ app_init ] --END-- [ RunTime:0.000401s ]
INFO: [ app_begin ] --START--
INFO: Run Behavior\ReadHtmlCacheBehavior [ RunTime:0.000515s ]
INFO: [ app_begin ] --END-- [ RunTime:0.000543s ]
SQL: SHOW COLUMNS FROM `blog_knowledge` [ RunTime:0.0007s ]
SQL: SELECT COUNT(*) AS tp_count FROM `blog_knowledge` WHERE (  2>1  ) LIMIT 1   [ RunTime:0.0003s ]
SQL: SELECT blog_knowledge.*,blog_menu.name FROM `blog_knowledge` left join blog_menu on blog_knowledge.category_id = blog_menu.id  WHERE ( 2>1 ) ORDER BY `istop` desc,`id` desc LIMIT 0,3   [ RunTime:0.0004s ]
SQL: SELECT `id`,`name` FROM `blog_menu` WHERE ( pid = 5 )  [ RunTime:0.0003s ]
SQL: SELECT blog_knowledge.id,blog_knowledge.title,blog_knowledge.addtime,blog_menu.pid FROM `blog_knowledge` left join blog_menu on  blog_knowledge.category_id = blog_menu.id  ORDER BY `addtime` desc LIMIT 5   [ RunTime:0.0003s ]
SQL: SELECT blog_knowledge.id,blog_knowledge.title,blog_knowledge.addtime,blog_knowledge.lookcount,blog_menu.pid FROM `blog_knowledge` left join blog_menu on  blog_knowledge.category_id = blog_menu.id  ORDER BY `lookcount` desc LIMIT 5   [ RunTime:0.0003s ]
SQL: SHOW COLUMNS FROM `blog_info` [ RunTime:0.0006s ]
SQL: SELECT * FROM `blog_info` LIMIT 1   [ RunTime:0.0003s ]
INFO: [ view_parse ] --START--
INFO: [ template_filter ] --START--
INFO: Run Behavior\ContentReplaceBehavior [ RunTime:0.000040s ]
INFO: [ template_filter ] --END-- [ RunTime:0.000062s ]
NOTIC: [8] Undefined variable: pos_val F:\Blog\Application\Common\Common\function.php 第 81 行.
NOTIC: [8] Undefined variable: pos_val F:\Blog\Application\Common\Common\function.php 第 81 行.
NOTIC: [8] Undefined variable: pos_val F:\Blog\Application\Common\Common\function.php 第 81 行.
INFO: Run Behavior\ParseTemplateBehavior [ RunTime:0.015703s ]
INFO: [ view_parse ] --END-- [ RunTime:0.015736s ]
INFO: [ view_filter ] --START--
INFO: Run Behavior\WriteHtmlCacheBehavior [ RunTime:0.000895s ]
INFO: [ view_filter ] --END-- [ RunTime:0.000934s ]
INFO: [ app_end ] --START--
INFO: Run Behavior\ShowPageTraceBehavior [ RunTime:0.000895s ]
INFO: [ app_end ] --END-- [ RunTime:0.000942s ]

[ 2018-11-24T00:45:25+08:00 ] 127.0.0.1 /index.php?m=Home&c=Index&a=knowledge
INFO: [ app_init ] --START--
INFO: Run Behavior\BuildLiteBehavior [ RunTime:0.000007s ]
INFO: [ app_init ] --END-- [ RunTime:0.000319s ]
INFO: [ app_begin ] --START--
INFO: Run Behavior\ReadHtmlCacheBehavior [ RunTime:0.000449s ]
INFO: [ app_begin ] --END-- [ RunTime:0.000476s ]
SQL: SHOW COLUMNS FROM `blog_knowledge` [ RunTime:0.0007s ]
SQL: SELECT COUNT(*) AS tp_count FROM `blog_knowledge` WHERE (  2>1  ) LIMIT 1   [ RunTime:0.0004s ]
SQL: SELECT blog_knowledge.*,blog_menu.name FROM `blog_knowledge` left join blog_menu on blog_knowledge.category_id = blog_menu.id  WHERE ( 2>1 ) ORDER BY `istop` desc,`id` desc LIMIT 0,3   [ RunTime:0.0007s ]
SQL: SELECT `id`,`name` FROM `blog_menu` WHERE ( pid = 5 )  [ RunTime:0.0003s ]
SQL: SELECT blog_knowledge.id,blog_knowledge.title,blog_knowledge.addtime,blog_menu.pid FROM `blog_knowledge` left join blog_menu on  blog_knowledge.category_id = blog_menu.id  ORDER BY `addtime` desc LIMIT 5   [ RunTime:0.0004s ]
SQL: SELECT blog_knowledge.id,blog_knowledge.title,blog_knowledge.addtime,blog_knowledge.lookcount,blog_menu.pid FROM `blog_knowledge` left join blog_menu on  blog_knowledge.category_id = blog_menu.id  ORDER BY `lookcount` desc LIMIT 5   [ RunTime:0.0003s ]
SQL: SHOW COLUMNS FROM `blog_info` [ RunTime:0.0010s ]
SQL: SELECT * FROM `blog_info` LIMIT 1   [ RunTime:0.0003s ]
INFO: [ view_parse ] --START--
INFO: [ template_filter ] --START--
INFO: Run Behavior\ContentReplaceBehavior [ RunTime:0.000066s ]
INFO: [ template_filter ] --END-- [ RunTime:0.000113s ]
NOTIC: [8] Undefined variable: pos_val F:\Blog\Application\Common\Common\function.php 第 81 行.
NOTIC: [8] Undefined variable: pos_val F:\Blog\Application\Common\Common\function.php 第 81 行.
NOTIC: [8] Undefined variable: pos_val F:\Blog\Application\Common\Common\function.php 第 81 行.
INFO: Run Behavior\ParseTemplateBehavior [ RunTime:0.007424s ]
INFO: [ view_parse ] --END-- [ RunTime:0.007455s ]
INFO: [ view_filter ] --START--
INFO: Run Behavior\WriteHtmlCacheBehavior [ RunTime:0.000311s ]
INFO: [ view_filter ] --END-- [ RunTime:0.000327s ]
INFO: [ app_end ] --START--
INFO: Run Behavior\ShowPageTraceBehavior [ RunTime:0.000765s ]
INFO: [ app_end ] --END-- [ RunTime:0.000812s ]

[ 2018-11-24T00:47:32+08:00 ] 127.0.0.1 /index.php?m=Home&c=Index&a=knowledge
INFO: [ app_init ] --START--
INFO: Run Behavior\BuildLiteBehavior [ RunTime:0.000007s ]
INFO: [ app_init ] --END-- [ RunTime:0.000406s ]
INFO: [ app_begin ] --START--
INFO: Run Behavior\ReadHtmlCacheBehavior [ RunTime:0.000664s ]
INFO: [ app_begin ] --END-- [ RunTime:0.000687s ]
SQL: SHOW COLUMNS FROM `blog_knowledge` [ RunTime:0.0008s ]
SQL: SELECT COUNT(*) AS tp_count FROM `blog_knowledge` WHERE (  2>1  ) LIMIT 1   [ RunTime:0.0002s ]
SQL: SELECT blog_knowledge.*,blog_menu.name FROM `blog_knowledge` left join blog_menu on blog_knowledge.category_id = blog_menu.id  WHERE ( 2>1 ) ORDER BY `istop` desc,`id` desc LIMIT 0,3   [ RunTime:0.0005s ]
SQL: SELECT `id`,`name` FROM `blog_menu` WHERE ( pid = 5 )  [ RunTime:0.0004s ]
SQL: SELECT blog_knowledge.id,blog_knowledge.title,blog_knowledge.addtime,blog_menu.pid FROM `blog_knowledge` left join blog_menu on  blog_knowledge.category_id = blog_menu.id  ORDER BY `addtime` desc LIMIT 5   [ RunTime:0.0005s ]
SQL: SELECT blog_knowledge.id,blog_knowledge.title,blog_knowledge.addtime,blog_knowledge.lookcount,blog_menu.pid FROM `blog_knowledge` left join blog_menu on  blog_knowledge.category_id = blog_menu.id  ORDER BY `lookcount` desc LIMIT 5   [ RunTime:0.0003s ]
SQL: SHOW COLUMNS FROM `blog_info` [ RunTime:0.0005s ]
SQL: SELECT * FROM `blog_info` LIMIT 1   [ RunTime:0.0003s ]
INFO: [ view_parse ] --START--
INFO: [ template_filter ] --START--
INFO: Run Behavior\ContentReplaceBehavior [ RunTime:0.000063s ]
INFO: [ template_filter ] --END-- [ RunTime:0.000102s ]
NOTIC: [8] Undefined variable: pos_val F:\Blog\Application\Common\Common\function.php 第 81 行.
NOTIC: [8] Undefined variable: pos_val F:\Blog\Application\Common\Common\function.php 第 81 行.
NOTIC: [8] Undefined variable: pos_val F:\Blog\Application\Common\Common\function.php 第 81 行.
INFO: Run Behavior\ParseTemplateBehavior [ RunTime:0.017952s ]
INFO: [ view_parse ] --END-- [ RunTime:0.017982s ]
INFO: [ view_filter ] --START--
INFO: Run Behavior\WriteHtmlCacheBehavior [ RunTime:0.001127s ]
INFO: [ view_filter ] --END-- [ RunTime:0.001212s ]
INFO: [ app_end ] --START--
INFO: Run Behavior\ShowPageTraceBehavior [ RunTime:0.001594s ]
INFO: [ app_end ] --END-- [ RunTime:0.001644s ]

[ 2018-11-24T00:48:10+08:00 ] 127.0.0.1 /index.php?m=Home&c=Index&a=knowledge
INFO: [ app_init ] --START--
INFO: Run Behavior\BuildLiteBehavior [ RunTime:0.000006s ]
INFO: [ app_init ] --END-- [ RunTime:0.000405s ]
INFO: [ app_begin ] --START--
INFO: Run Behavior\ReadHtmlCacheBehavior [ RunTime:0.000438s ]
INFO: [ app_begin ] --END-- [ RunTime:0.000459s ]
SQL: SHOW COLUMNS FROM `blog_knowledge` [ RunTime:0.0007s ]
SQL: SELECT COUNT(*) AS tp_count FROM `blog_knowledge` WHERE (  2>1  ) LIMIT 1   [ RunTime:0.0003s ]
SQL: SELECT blog_knowledge.*,blog_menu.name FROM `blog_knowledge` left join blog_menu on blog_knowledge.category_id = blog_menu.id  WHERE ( 2>1 ) ORDER BY `istop` desc,`id` desc LIMIT 0,3   [ RunTime:0.0006s ]
SQL: SELECT `id`,`name` FROM `blog_menu` WHERE ( pid = 5 )  [ RunTime:0.0005s ]
SQL: SELECT blog_knowledge.id,blog_knowledge.title,blog_knowledge.addtime,blog_menu.pid FROM `blog_knowledge` left join blog_menu on  blog_knowledge.category_id = blog_menu.id  ORDER BY `addtime` desc LIMIT 5   [ RunTime:0.0004s ]
SQL: SELECT blog_knowledge.id,blog_knowledge.title,blog_knowledge.addtime,blog_knowledge.lookcount,blog_menu.pid FROM `blog_knowledge` left join blog_menu on  blog_knowledge.category_id = blog_menu.id  ORDER BY `lookcount` desc LIMIT 5   [ RunTime:0.0005s ]
SQL: SHOW COLUMNS FROM `blog_info` [ RunTime:0.0007s ]
SQL: SELECT * FROM `blog_info` LIMIT 1   [ RunTime:0.0004s ]
INFO: [ view_parse ] --START--
INFO: [ template_filter ] --START--
INFO: Run Behavior\ContentReplaceBehavior [ RunTime:0.000042s ]
INFO: [ template_filter ] --END-- [ RunTime:0.000064s ]
NOTIC: [8] Undefined variable: pos_val F:\Blog\Application\Common\Common\function.php 第 81 行.
NOTIC: [8] Undefined variable: pos_val F:\Blog\Application\Common\Common\function.php 第 81 行.
NOTIC: [8] Undefined variable: pos_val F:\Blog\Application\Common\Common\function.php 第 81 行.
INFO: Run Behavior\ParseTemplateBehavior [ RunTime:0.014002s ]
INFO: [ view_parse ] --END-- [ RunTime:0.014034s ]
INFO: [ view_filter ] --START--
INFO: Run Behavior\WriteHtmlCacheBehavior [ RunTime:0.000433s ]
INFO: [ view_filter ] --END-- [ RunTime:0.000456s ]
INFO: [ app_end ] --START--
INFO: Run Behavior\ShowPageTraceBehavior [ RunTime:0.000907s ]
INFO: [ app_end ] --END-- [ RunTime:0.000950s ]

[ 2018-11-24T00:51:20+08:00 ] 127.0.0.1 /index.php?m=Home&c=Index&a=knowledge
INFO: [ app_init ] --START--
INFO: Run Behavior\BuildLiteBehavior [ RunTime:0.000008s ]
INFO: [ app_init ] --END-- [ RunTime:0.000440s ]
INFO: [ app_begin ] --START--
INFO: Run Behavior\ReadHtmlCacheBehavior [ RunTime:0.000667s ]
INFO: [ app_begin ] --END-- [ RunTime:0.000693s ]
SQL: SHOW COLUMNS FROM `blog_knowledge` [ RunTime:0.0030s ]
SQL: SELECT COUNT(*) AS tp_count FROM `blog_knowledge` WHERE (  2>1  ) LIMIT 1   [ RunTime:0.0004s ]
SQL: SELECT blog_knowledge.*,blog_menu.name FROM `blog_knowledge` left join blog_menu on blog_knowledge.category_id = blog_menu.id  WHERE ( 2>1 ) ORDER BY `istop` desc,`id` desc LIMIT 0,3   [ RunTime:0.0006s ]
SQL: SELECT `id`,`name` FROM `blog_menu` WHERE ( pid = 5 )  [ RunTime:0.0003s ]
SQL: SELECT blog_knowledge.id,blog_knowledge.title,blog_knowledge.addtime,blog_menu.pid FROM `blog_knowledge` left join blog_menu on  blog_knowledge.category_id = blog_menu.id  ORDER BY `addtime` desc LIMIT 5   [ RunTime:0.0004s ]
SQL: SELECT blog_knowledge.id,blog_knowledge.title,blog_knowledge.addtime,blog_knowledge.lookcount,blog_menu.pid FROM `blog_knowledge` left join blog_menu on  blog_knowledge.category_id = blog_menu.id  ORDER BY `lookcount` desc LIMIT 5   [ RunTime:0.0004s ]
SQL: SHOW COLUMNS FROM `blog_info` [ RunTime:0.0006s ]
SQL: SELECT * FROM `blog_info` LIMIT 1   [ RunTime:0.0003s ]
INFO: [ view_parse ] --START--
INFO: [ template_filter ] --START--
INFO: Run Behavior\ContentReplaceBehavior [ RunTime:0.000055s ]
INFO: [ template_filter ] --END-- [ RunTime:0.000090s ]
NOTIC: [8] Undefined variable: pos_val F:\Blog\Application\Common\Common\function.php 第 81 行.
NOTIC: [8] Undefined variable: pos_val F:\Blog\Application\Common\Common\function.php 第 81 行.
NOTIC: [8] Undefined variable: pos_val F:\Blog\Application\Common\Common\function.php 第 81 行.
INFO: Run Behavior\ParseTemplateBehavior [ RunTime:0.011041s ]
INFO: [ view_parse ] --END-- [ RunTime:0.011076s ]
INFO: [ view_filter ] --START--
INFO: Run Behavior\WriteHtmlCacheBehavior [ RunTime:0.000863s ]
INFO: [ view_filter ] --END-- [ RunTime:0.000901s ]
INFO: [ app_end ] --START--
INFO: Run Behavior\ShowPageTraceBehavior [ RunTime:0.001084s ]
INFO: [ app_end ] --END-- [ RunTime:0.001125s ]

