[ 2018-12-05T13:03:38+08:00 ] 127.0.0.1 /index.php
INFO: [ app_init ] --START--
INFO: Run Behavior\BuildLiteBehavior [ RunTime:0.000031s ]
INFO: [ app_init ] --END-- [ RunTime:0.000697s ]
INFO: [ app_begin ] --START--
INFO: Run Behavior\ReadHtmlCacheBehavior [ RunTime:0.000765s ]
INFO: [ app_begin ] --END-- [ RunTime:0.000809s ]
SQL: SHOW COLUMNS FROM `blog_new_list` [ RunTime:1.1665s ]
SQL: SHOW COLUMNS FROM `blog_knowledge` [ RunTime:0.0011s ]
SQL: SELECT blog_new_list.*,blog_menu.name as categoryname,blog_menu.pid FROM `blog_new_list` left join blog_menu on blog_new_list.category_id = blog_menu.id  WHERE ( istop = 1 )  [ RunTime:0.1346s ]
SQL: SELECT blog_knowledge.*,blog_menu.name as categoryname,blog_menu.pid FROM `blog_knowledge` left join blog_menu on blog_knowledge.category_id = blog_menu.id  WHERE ( istop = 1 )  [ RunTime:0.0069s ]
SQL: SELECT `name` FROM `blog_menu` WHERE `id` = '5' LIMIT 1   [ RunTime:0.0107s ]
SQL: SELECT blog_new_list.id,blog_new_list.title,blog_new_list.addtime,blog_menu.pid FROM `blog_new_list` left join blog_menu on blog_new_list.category_id = blog_menu.id  ORDER BY `addtime` desc LIMIT 3   [ RunTime:0.0011s ]
SQL: SELECT blog_knowledge.id,blog_knowledge.title,blog_knowledge.addtime,blog_menu.pid FROM `blog_knowledge` left join blog_menu on  blog_knowledge.category_id = blog_menu.id  ORDER BY `addtime` desc LIMIT 3   [ RunTime:0.0005s ]
SQL: SELECT blog_new_list.id,blog_new_list.title,blog_new_list.addtime,blog_new_list.lookcount,blog_menu.pid FROM `blog_new_list` left join blog_menu on blog_new_list.category_id = blog_menu.id  ORDER BY `lookcount` desc LIMIT 3   [ RunTime:0.0003s ]
SQL: SELECT blog_knowledge.id,blog_knowledge.title,blog_knowledge.addtime,blog_knowledge.lookcount,blog_menu.pid FROM `blog_knowledge` left join blog_menu on  blog_knowledge.category_id = blog_menu.id  ORDER BY `lookcount` desc LIMIT 3   [ RunTime:0.0004s ]
SQL: SHOW COLUMNS FROM `blog_friendly` [ RunTime:0.0008s ]
SQL: SELECT * FROM `blog_friendly` LIMIT 5   [ RunTime:0.0003s ]
SQL: SHOW COLUMNS FROM `blog_info` [ RunTime:0.0006s ]
SQL: SELECT * FROM `blog_info` LIMIT 1   [ RunTime:0.0003s ]
INFO: [ view_parse ] --START--
INFO: [ template_filter ] --START--
INFO: Run Behavior\ContentReplaceBehavior [ RunTime:0.000047s ]
INFO: [ template_filter ] --END-- [ RunTime:0.000071s ]
NOTIC: [8] Undefined variable: pos_val F:\Blog\Application\Common\Common\function.php 第 81 行.
INFO: Run Behavior\ParseTemplateBehavior [ RunTime:0.249178s ]
INFO: [ view_parse ] --END-- [ RunTime:0.249208s ]
INFO: [ view_filter ] --START--
INFO: Run Behavior\WriteHtmlCacheBehavior [ RunTime:0.000528s ]
INFO: [ view_filter ] --END-- [ RunTime:0.000556s ]
INFO: [ app_end ] --START--
INFO: Run Behavior\ShowPageTraceBehavior [ RunTime:0.000622s ]
INFO: [ app_end ] --END-- [ RunTime:0.000674s ]

[ 2018-12-05T13:03:38+08:00 ] 127.0.0.1 /index.php
INFO: [ app_init ] --START--
INFO: Run Behavior\BuildLiteBehavior [ RunTime:0.000011s ]
INFO: [ app_init ] --END-- [ RunTime:0.000409s ]
INFO: [ app_begin ] --START--
INFO: Run Behavior\ReadHtmlCacheBehavior [ RunTime:0.000641s ]
INFO: [ app_begin ] --END-- [ RunTime:0.000689s ]
SQL: SHOW COLUMNS FROM `blog_new_list` [ RunTime:0.0118s ]
SQL: SHOW COLUMNS FROM `blog_knowledge` [ RunTime:0.0010s ]
SQL: SELECT blog_new_list.*,blog_menu.name as categoryname,blog_menu.pid FROM `blog_new_list` left join blog_menu on blog_new_list.category_id = blog_menu.id  WHERE ( istop = 1 )  [ RunTime:0.0005s ]
SQL: SELECT blog_knowledge.*,blog_menu.name as categoryname,blog_menu.pid FROM `blog_knowledge` left join blog_menu on blog_knowledge.category_id = blog_menu.id  WHERE ( istop = 1 )  [ RunTime:0.0005s ]
SQL: SELECT `name` FROM `blog_menu` WHERE `id` = '5' LIMIT 1   [ RunTime:0.0003s ]
SQL: SELECT blog_new_list.id,blog_new_list.title,blog_new_list.addtime,blog_menu.pid FROM `blog_new_list` left join blog_menu on blog_new_list.category_id = blog_menu.id  ORDER BY `addtime` desc LIMIT 3   [ RunTime:0.0003s ]
SQL: SELECT blog_knowledge.id,blog_knowledge.title,blog_knowledge.addtime,blog_menu.pid FROM `blog_knowledge` left join blog_menu on  blog_knowledge.category_id = blog_menu.id  ORDER BY `addtime` desc LIMIT 3   [ RunTime:0.0003s ]
SQL: SELECT blog_new_list.id,blog_new_list.title,blog_new_list.addtime,blog_new_list.lookcount,blog_menu.pid FROM `blog_new_list` left join blog_menu on blog_new_list.category_id = blog_menu.id  ORDER BY `lookcount` desc LIMIT 3   [ RunTime:0.0002s ]
SQL: SELECT blog_knowledge.id,blog_knowledge.title,blog_knowledge.addtime,blog_knowledge.lookcount,blog_menu.pid FROM `blog_knowledge` left join blog_menu on  blog_knowledge.category_id = blog_menu.id  ORDER BY `lookcount` desc LIMIT 3   [ RunTime:0.0002s ]
SQL: SHOW COLUMNS FROM `blog_friendly` [ RunTime:0.0006s ]
SQL: SELECT * FROM `blog_friendly` LIMIT 5   [ RunTime:0.0002s ]
SQL: SHOW COLUMNS FROM `blog_info` [ RunTime:0.0005s ]
SQL: SELECT * FROM `blog_info` LIMIT 1   [ RunTime:0.0003s ]
INFO: [ view_parse ] --START--
INFO: [ template_filter ] --START--
INFO: Run Behavior\ContentReplaceBehavior [ RunTime:0.000063s ]
INFO: [ template_filter ] --END-- [ RunTime:0.000102s ]
NOTIC: [8] Undefined variable: pos_val F:\Blog\Application\Common\Common\function.php 第 81 行.
INFO: Run Behavior\ParseTemplateBehavior [ RunTime:0.011640s ]
INFO: [ view_parse ] --END-- [ RunTime:0.011685s ]
INFO: [ view_filter ] --START--
INFO: Run Behavior\WriteHtmlCacheBehavior [ RunTime:0.000487s ]
INFO: [ view_filter ] --END-- [ RunTime:0.000523s ]
INFO: [ app_end ] --START--
INFO: Run Behavior\ShowPageTraceBehavior [ RunTime:0.000832s ]
INFO: [ app_end ] --END-- [ RunTime:0.001247s ]

[ 2018-12-05T13:03:45+08:00 ] 127.0.0.1 /index.php?m=Home&c=Index&a=about
INFO: [ app_init ] --START--
INFO: Run Behavior\BuildLiteBehavior [ RunTime:0.000007s ]
INFO: [ app_init ] --END-- [ RunTime:0.000375s ]
INFO: [ app_begin ] --START--
INFO: Run Behavior\ReadHtmlCacheBehavior [ RunTime:0.092533s ]
INFO: [ app_begin ] --END-- [ RunTime:0.092597s ]
SQL: SHOW COLUMNS FROM `blog_about` [ RunTime:0.2987s ]
SQL: SELECT * FROM `blog_about` LIMIT 1   [ RunTime:0.0189s ]
SQL: SHOW COLUMNS FROM `blog_info` [ RunTime:0.0084s ]
SQL: SELECT * FROM `blog_info` LIMIT 1   [ RunTime:0.0004s ]
INFO: [ view_parse ] --START--
INFO: [ template_filter ] --START--
INFO: Run Behavior\ContentReplaceBehavior [ RunTime:0.000037s ]
INFO: [ template_filter ] --END-- [ RunTime:0.000076s ]
INFO: Run Behavior\ParseTemplateBehavior [ RunTime:0.075643s ]
INFO: [ view_parse ] --END-- [ RunTime:0.075684s ]
INFO: [ view_filter ] --START--
INFO: Run Behavior\WriteHtmlCacheBehavior [ RunTime:0.000713s ]
INFO: [ view_filter ] --END-- [ RunTime:0.000762s ]
INFO: [ app_end ] --START--
INFO: Run Behavior\ShowPageTraceBehavior [ RunTime:0.000921s ]
INFO: [ app_end ] --END-- [ RunTime:0.000975s ]

[ 2018-12-05T13:03:47+08:00 ] 127.0.0.1 /index.php?m=Home&c=Index&a=newlist
INFO: [ app_init ] --START--
INFO: Run Behavior\BuildLiteBehavior [ RunTime:0.000006s ]
INFO: [ app_init ] --END-- [ RunTime:0.000314s ]
INFO: [ app_begin ] --START--
INFO: Run Behavior\ReadHtmlCacheBehavior [ RunTime:0.000517s ]
INFO: [ app_begin ] --END-- [ RunTime:0.000543s ]
SQL: SHOW COLUMNS FROM `blog_new_list` [ RunTime:0.0011s ]
SQL: SELECT COUNT(*) AS tp_count FROM `blog_new_list` WHERE (  2>1  ) LIMIT 1   [ RunTime:0.0734s ]
SQL: SELECT blog_new_list.*,blog_menu.name FROM `blog_new_list` left join blog_menu on blog_new_list.category_id = blog_menu.id  WHERE ( 2>1 ) ORDER BY `istop` desc,`id` desc LIMIT 0,3   [ RunTime:0.0006s ]
SQL: SELECT `id`,`name` FROM `blog_menu` WHERE ( pid = 3 )  [ RunTime:0.0153s ]
SQL: SELECT blog_new_list.id,blog_new_list.title,blog_new_list.addtime,blog_menu.pid FROM `blog_new_list` left join blog_menu on blog_new_list.category_id = blog_menu.id  ORDER BY `addtime` desc LIMIT 5   [ RunTime:0.0004s ]
SQL: SELECT blog_new_list.id,blog_new_list.title,blog_new_list.addtime,blog_new_list.lookcount,blog_menu.pid FROM `blog_new_list` left join blog_menu on blog_new_list.category_id = blog_menu.id  ORDER BY `lookcount` desc LIMIT 5   [ RunTime:0.0003s ]
SQL: SHOW COLUMNS FROM `blog_info` [ RunTime:0.0008s ]
SQL: SELECT * FROM `blog_info` LIMIT 1   [ RunTime:0.0004s ]
INFO: [ view_parse ] --START--
INFO: [ template_filter ] --START--
INFO: Run Behavior\ContentReplaceBehavior [ RunTime:0.000039s ]
INFO: [ template_filter ] --END-- [ RunTime:0.000062s ]
INFO: Run Behavior\ParseTemplateBehavior [ RunTime:0.026223s ]
INFO: [ view_parse ] --END-- [ RunTime:0.026254s ]
INFO: [ view_filter ] --START--
INFO: Run Behavior\WriteHtmlCacheBehavior [ RunTime:0.000246s ]
INFO: [ view_filter ] --END-- [ RunTime:0.000264s ]
INFO: [ app_end ] --START--
INFO: Run Behavior\ShowPageTraceBehavior [ RunTime:0.000688s ]
INFO: [ app_end ] --END-- [ RunTime:0.000731s ]

[ 2018-12-05T13:03:48+08:00 ] 127.0.0.1 /index.php?m=Home&c=Index&a=moodlist
INFO: [ app_init ] --START--
INFO: Run Behavior\BuildLiteBehavior [ RunTime:0.000009s ]
INFO: [ app_init ] --END-- [ RunTime:0.000407s ]
INFO: [ app_begin ] --START--
INFO: Run Behavior\ReadHtmlCacheBehavior [ RunTime:0.000392s ]
INFO: [ app_begin ] --END-- [ RunTime:0.000413s ]
SQL: SHOW COLUMNS FROM `blog_moodlies` [ RunTime:0.0009s ]
SQL: SELECT COUNT(*) AS tp_count FROM `blog_moodlies` LIMIT 1   [ RunTime:0.0004s ]
SQL: SELECT * FROM `blog_moodlies` ORDER BY `istop` desc,`addtime` desc LIMIT 0,5   [ RunTime:0.0682s ]
SQL: SHOW COLUMNS FROM `blog_info` [ RunTime:0.0007s ]
SQL: SELECT * FROM `blog_info` LIMIT 1   [ RunTime:0.0004s ]
INFO: [ view_parse ] --START--
INFO: [ template_filter ] --START--
INFO: Run Behavior\ContentReplaceBehavior [ RunTime:0.000042s ]
INFO: [ template_filter ] --END-- [ RunTime:0.000097s ]
INFO: Run Behavior\ParseTemplateBehavior [ RunTime:0.006815s ]
INFO: [ view_parse ] --END-- [ RunTime:0.006842s ]
INFO: [ view_filter ] --START--
INFO: Run Behavior\WriteHtmlCacheBehavior [ RunTime:0.000273s ]
INFO: [ view_filter ] --END-- [ RunTime:0.000290s ]
INFO: [ app_end ] --START--
INFO: Run Behavior\ShowPageTraceBehavior [ RunTime:0.000484s ]
INFO: [ app_end ] --END-- [ RunTime:0.000503s ]

[ 2018-12-05T13:03:49+08:00 ] 127.0.0.1 /index.php?m=Home&c=Index&a=knowledge
INFO: [ app_init ] --START--
INFO: Run Behavior\BuildLiteBehavior [ RunTime:0.000007s ]
INFO: [ app_init ] --END-- [ RunTime:0.000331s ]
INFO: [ app_begin ] --START--
INFO: Run Behavior\ReadHtmlCacheBehavior [ RunTime:0.000574s ]
INFO: [ app_begin ] --END-- [ RunTime:0.000611s ]
SQL: SHOW COLUMNS FROM `blog_knowledge` [ RunTime:0.0008s ]
SQL: SELECT COUNT(*) AS tp_count FROM `blog_knowledge` WHERE (  2>1  ) LIMIT 1   [ RunTime:0.0003s ]
SQL: SELECT blog_knowledge.*,blog_menu.name FROM `blog_knowledge` left join blog_menu on blog_knowledge.category_id = blog_menu.id  WHERE ( 2>1 ) ORDER BY `istop` desc,`id` desc LIMIT 0,3   [ RunTime:0.0006s ]
SQL: SELECT `id`,`name` FROM `blog_menu` WHERE ( pid = 5 )  [ RunTime:0.0005s ]
SQL: SELECT blog_knowledge.id,blog_knowledge.title,blog_knowledge.addtime,blog_menu.pid FROM `blog_knowledge` left join blog_menu on  blog_knowledge.category_id = blog_menu.id  ORDER BY `addtime` desc LIMIT 5   [ RunTime:0.0003s ]
SQL: SELECT blog_knowledge.id,blog_knowledge.title,blog_knowledge.addtime,blog_knowledge.lookcount,blog_menu.pid FROM `blog_knowledge` left join blog_menu on  blog_knowledge.category_id = blog_menu.id  ORDER BY `lookcount` desc LIMIT 5   [ RunTime:0.0003s ]
SQL: SHOW COLUMNS FROM `blog_info` [ RunTime:0.0006s ]
SQL: SELECT * FROM `blog_info` LIMIT 1   [ RunTime:0.0003s ]
INFO: [ view_parse ] --START--
INFO: [ template_filter ] --START--
INFO: Run Behavior\ContentReplaceBehavior [ RunTime:0.000045s ]
INFO: [ template_filter ] --END-- [ RunTime:0.000079s ]
NOTIC: [8] Undefined variable: pos_val F:\Blog\Application\Common\Common\function.php 第 81 行.
NOTIC: [8] Undefined variable: pos_val F:\Blog\Application\Common\Common\function.php 第 81 行.
NOTIC: [8] Undefined variable: pos_val F:\Blog\Application\Common\Common\function.php 第 81 行.
INFO: Run Behavior\ParseTemplateBehavior [ RunTime:0.041205s ]
INFO: [ view_parse ] --END-- [ RunTime:0.041229s ]
INFO: [ view_filter ] --START--
INFO: Run Behavior\WriteHtmlCacheBehavior [ RunTime:0.000257s ]
INFO: [ view_filter ] --END-- [ RunTime:0.000273s ]
INFO: [ app_end ] --START--
INFO: Run Behavior\ShowPageTraceBehavior [ RunTime:0.000675s ]
INFO: [ app_end ] --END-- [ RunTime:0.000708s ]

[ 2018-12-05T13:03:51+08:00 ] 127.0.0.1 /index.php?m=Home&c=Index&a=resume
INFO: [ app_init ] --START--
INFO: Run Behavior\BuildLiteBehavior [ RunTime:0.000006s ]
INFO: [ app_init ] --END-- [ RunTime:0.000333s ]
INFO: [ app_begin ] --START--
INFO: Run Behavior\ReadHtmlCacheBehavior [ RunTime:0.000843s ]
INFO: [ app_begin ] --END-- [ RunTime:0.000892s ]
SQL: SHOW COLUMNS FROM `blog_resume` [ RunTime:0.4343s ]
SQL: SELECT * FROM `blog_resume` ORDER BY `sort` asc LIMIT 1   [ RunTime:0.0004s ]
SQL: SHOW COLUMNS FROM `blog_resume_skill` [ RunTime:0.0553s ]
SQL: SELECT * FROM `blog_resume_skill` ORDER BY `sort`  [ RunTime:0.0007s ]
SQL: SHOW COLUMNS FROM `blog_resume_experience` [ RunTime:0.1134s ]
SQL: SELECT * FROM `blog_resume_experience`  [ RunTime:0.0003s ]
SQL: SHOW COLUMNS FROM `blog_info` [ RunTime:0.0006s ]
SQL: SELECT * FROM `blog_info` LIMIT 1   [ RunTime:0.0003s ]
INFO: [ view_parse ] --START--
INFO: [ template_filter ] --START--
INFO: Run Behavior\ContentReplaceBehavior [ RunTime:0.000077s ]
INFO: [ template_filter ] --END-- [ RunTime:0.000115s ]
INFO: Run Behavior\ParseTemplateBehavior [ RunTime:0.033683s ]
INFO: [ view_parse ] --END-- [ RunTime:0.033711s ]
INFO: [ view_filter ] --START--
INFO: Run Behavior\WriteHtmlCacheBehavior [ RunTime:0.000492s ]
INFO: [ view_filter ] --END-- [ RunTime:0.000510s ]
INFO: [ app_end ] --START--
INFO: Run Behavior\ShowPageTraceBehavior [ RunTime:0.001024s ]
INFO: [ app_end ] --END-- [ RunTime:0.001062s ]

[ 2018-12-05T13:03:52+08:00 ] 127.0.0.1 /index.php?m=Home&c=Index&a=book
INFO: [ app_init ] --START--
INFO: Run Behavior\BuildLiteBehavior [ RunTime:0.000011s ]
INFO: [ app_init ] --END-- [ RunTime:0.000587s ]
INFO: [ app_begin ] --START--
INFO: Run Behavior\ReadHtmlCacheBehavior [ RunTime:0.000638s ]
INFO: [ app_begin ] --END-- [ RunTime:0.000678s ]
SQL: SHOW COLUMNS FROM `blog_info` [ RunTime:0.0014s ]
SQL: SELECT * FROM `blog_info` LIMIT 1   [ RunTime:0.0003s ]
INFO: [ view_parse ] --START--
INFO: [ template_filter ] --START--
INFO: Run Behavior\ContentReplaceBehavior [ RunTime:0.000032s ]
INFO: [ template_filter ] --END-- [ RunTime:0.000058s ]
INFO: Run Behavior\ParseTemplateBehavior [ RunTime:0.035859s ]
INFO: [ view_parse ] --END-- [ RunTime:0.035888s ]
INFO: [ view_filter ] --START--
INFO: Run Behavior\WriteHtmlCacheBehavior [ RunTime:0.000360s ]
INFO: [ view_filter ] --END-- [ RunTime:0.000400s ]
INFO: [ app_end ] --START--
INFO: Run Behavior\ShowPageTraceBehavior [ RunTime:0.000837s ]
INFO: [ app_end ] --END-- [ RunTime:0.000888s ]

