[ 2018-11-16T08:26:23+08:00 ] 127.0.0.1 /index.php/Home/Index/
INFO: [ app_init ] --START--
INFO: Run Behavior\BuildLiteBehavior [ RunTime:0.000008s ]
INFO: [ app_init ] --END-- [ RunTime:0.000441s ]
INFO: [ app_begin ] --START--
INFO: Run Behavior\ReadHtmlCacheBehavior [ RunTime:0.000497s ]
INFO: [ app_begin ] --END-- [ RunTime:0.000526s ]
SQL: SHOW COLUMNS FROM `blog_new_list` [ RunTime:0.0010s ]
SQL: SHOW COLUMNS FROM `blog_knowledge` [ RunTime:0.0011s ]
SQL: SELECT blog_new_list.*,blog_menu.name as categoryname,blog_menu.pid FROM `blog_new_list` left join blog_menu on blog_new_list.category_id = blog_menu.id  WHERE ( istop = 1 )  [ RunTime:0.0010s ]
SQL: SELECT `name` FROM `blog_menu` WHERE `id` = '3' LIMIT 1   [ RunTime:0.0003s ]
SQL: SELECT blog_knowledge.*,blog_menu.name as categoryname,blog_menu.pid FROM `blog_knowledge` left join blog_menu on blog_knowledge.category_id = blog_menu.id  WHERE ( istop = 1 )  [ RunTime:0.0005s ]
SQL: SELECT `name` FROM `blog_menu` WHERE `id` = '5' LIMIT 1   [ RunTime:0.0002s ]
SQL: SELECT blog_new_list.id,blog_new_list.title,blog_new_list.addtime,blog_menu.pid FROM `blog_new_list` left join blog_menu on blog_new_list.category_id = blog_menu.id  ORDER BY `addtime` desc LIMIT 3   [ RunTime:0.0003s ]
SQL: SELECT blog_knowledge.id,blog_knowledge.title,blog_knowledge.addtime,blog_menu.pid FROM `blog_knowledge` left join blog_menu on  blog_knowledge.category_id = blog_menu.id  ORDER BY `addtime` desc LIMIT 3   [ RunTime:0.0002s ]
SQL: SELECT blog_new_list.id,blog_new_list.title,blog_new_list.addtime,blog_new_list.lookcount,blog_menu.pid FROM `blog_new_list` left join blog_menu on blog_new_list.category_id = blog_menu.id  ORDER BY `lookcount` desc LIMIT 3   [ RunTime:0.0002s ]
SQL: SELECT blog_knowledge.id,blog_knowledge.title,blog_knowledge.addtime,blog_knowledge.lookcount,blog_menu.pid FROM `blog_knowledge` left join blog_menu on  blog_knowledge.category_id = blog_menu.id  ORDER BY `lookcount` desc LIMIT 3   [ RunTime:0.0002s ]
SQL: SHOW COLUMNS FROM `blog_friendly` [ RunTime:0.0007s ]
SQL: SELECT * FROM `blog_friendly` LIMIT 5   [ RunTime:0.0002s ]
SQL: SHOW COLUMNS FROM `blog_info` [ RunTime:0.0009s ]
SQL: SELECT * FROM `blog_info` LIMIT 1   [ RunTime:0.0003s ]
INFO: [ view_parse ] --START--
INFO: [ template_filter ] --START--
INFO: Run Behavior\ContentReplaceBehavior [ RunTime:0.000062s ]
INFO: [ template_filter ] --END-- [ RunTime:0.000097s ]
INFO: Run Behavior\ParseTemplateBehavior [ RunTime:0.045402s ]
INFO: [ view_parse ] --END-- [ RunTime:0.045445s ]
INFO: [ view_filter ] --START--
INFO: Run Behavior\WriteHtmlCacheBehavior [ RunTime:0.000455s ]
INFO: [ view_filter ] --END-- [ RunTime:0.000474s ]
INFO: [ app_end ] --START--
INFO: Run Behavior\ShowPageTraceBehavior [ RunTime:0.000725s ]
INFO: [ app_end ] --END-- [ RunTime:0.000762s ]

[ 2018-11-16T08:26:30+08:00 ] 127.0.0.1 /Home/Index/index.html
INFO: [ app_init ] --START--
INFO: Run Behavior\BuildLiteBehavior [ RunTime:0.000007s ]
INFO: [ app_init ] --END-- [ RunTime:0.000604s ]
INFO: [ app_begin ] --START--
INFO: Run Behavior\ReadHtmlCacheBehavior [ RunTime:0.001012s ]
INFO: [ app_begin ] --END-- [ RunTime:0.001053s ]
SQL: SHOW COLUMNS FROM `blog_new_list` [ RunTime:0.0008s ]
SQL: SHOW COLUMNS FROM `blog_knowledge` [ RunTime:0.0011s ]
SQL: SELECT blog_new_list.*,blog_menu.name as categoryname,blog_menu.pid FROM `blog_new_list` left join blog_menu on blog_new_list.category_id = blog_menu.id  WHERE ( istop = 1 )  [ RunTime:0.0006s ]
SQL: SELECT `name` FROM `blog_menu` WHERE `id` = '3' LIMIT 1   [ RunTime:0.0003s ]
SQL: SELECT blog_knowledge.*,blog_menu.name as categoryname,blog_menu.pid FROM `blog_knowledge` left join blog_menu on blog_knowledge.category_id = blog_menu.id  WHERE ( istop = 1 )  [ RunTime:0.0004s ]
SQL: SELECT `name` FROM `blog_menu` WHERE `id` = '5' LIMIT 1   [ RunTime:0.0002s ]
SQL: SELECT blog_new_list.id,blog_new_list.title,blog_new_list.addtime,blog_menu.pid FROM `blog_new_list` left join blog_menu on blog_new_list.category_id = blog_menu.id  ORDER BY `addtime` desc LIMIT 3   [ RunTime:0.0003s ]
SQL: SELECT blog_knowledge.id,blog_knowledge.title,blog_knowledge.addtime,blog_menu.pid FROM `blog_knowledge` left join blog_menu on  blog_knowledge.category_id = blog_menu.id  ORDER BY `addtime` desc LIMIT 3   [ RunTime:0.0003s ]
SQL: SELECT blog_new_list.id,blog_new_list.title,blog_new_list.addtime,blog_new_list.lookcount,blog_menu.pid FROM `blog_new_list` left join blog_menu on blog_new_list.category_id = blog_menu.id  ORDER BY `lookcount` desc LIMIT 3   [ RunTime:0.0003s ]
SQL: SELECT blog_knowledge.id,blog_knowledge.title,blog_knowledge.addtime,blog_knowledge.lookcount,blog_menu.pid FROM `blog_knowledge` left join blog_menu on  blog_knowledge.category_id = blog_menu.id  ORDER BY `lookcount` desc LIMIT 3   [ RunTime:0.0003s ]
SQL: SHOW COLUMNS FROM `blog_friendly` [ RunTime:0.0006s ]
SQL: SELECT * FROM `blog_friendly` LIMIT 5   [ RunTime:0.0003s ]
SQL: SHOW COLUMNS FROM `blog_info` [ RunTime:0.0007s ]
SQL: SELECT * FROM `blog_info` LIMIT 1   [ RunTime:0.0003s ]
INFO: [ view_parse ] --START--
INFO: [ template_filter ] --START--
INFO: Run Behavior\ContentReplaceBehavior [ RunTime:0.000090s ]
INFO: [ template_filter ] --END-- [ RunTime:0.000138s ]
INFO: Run Behavior\ParseTemplateBehavior [ RunTime:0.009162s ]
INFO: [ view_parse ] --END-- [ RunTime:0.009196s ]
INFO: [ view_filter ] --START--
INFO: Run Behavior\WriteHtmlCacheBehavior [ RunTime:0.000525s ]
INFO: [ view_filter ] --END-- [ RunTime:0.000564s ]
INFO: [ app_end ] --START--
INFO: Run Behavior\ShowPageTraceBehavior [ RunTime:0.001261s ]
INFO: [ app_end ] --END-- [ RunTime:0.001301s ]

[ 2018-11-16T08:26:31+08:00 ] 127.0.0.1 /Home/Index/about.html
INFO: [ app_init ] --START--
INFO: Run Behavior\BuildLiteBehavior [ RunTime:0.000011s ]
INFO: [ app_init ] --END-- [ RunTime:0.000527s ]
INFO: [ app_begin ] --START--
INFO: Run Behavior\ReadHtmlCacheBehavior [ RunTime:0.000445s ]
INFO: [ app_begin ] --END-- [ RunTime:0.000473s ]
SQL: SHOW COLUMNS FROM `blog_about` [ RunTime:0.0009s ]
SQL: SELECT * FROM `blog_about` LIMIT 1   [ RunTime:0.0004s ]
SQL: SHOW COLUMNS FROM `blog_info` [ RunTime:0.0006s ]
SQL: SELECT * FROM `blog_info` LIMIT 1   [ RunTime:0.0005s ]
INFO: [ view_parse ] --START--
INFO: [ template_filter ] --START--
INFO: Run Behavior\ContentReplaceBehavior [ RunTime:0.000026s ]
INFO: [ template_filter ] --END-- [ RunTime:0.000051s ]
INFO: Run Behavior\ParseTemplateBehavior [ RunTime:0.028460s ]
INFO: [ view_parse ] --END-- [ RunTime:0.028493s ]
INFO: [ view_filter ] --START--
INFO: Run Behavior\WriteHtmlCacheBehavior [ RunTime:0.000243s ]
INFO: [ view_filter ] --END-- [ RunTime:0.000260s ]
INFO: [ app_end ] --START--
INFO: Run Behavior\ShowPageTraceBehavior [ RunTime:0.000590s ]
INFO: [ app_end ] --END-- [ RunTime:0.000616s ]

[ 2018-11-16T08:26:32+08:00 ] 127.0.0.1 /Home/Index/newlist.html
INFO: [ app_init ] --START--
INFO: Run Behavior\BuildLiteBehavior [ RunTime:0.000008s ]
INFO: [ app_init ] --END-- [ RunTime:0.000333s ]
INFO: [ app_begin ] --START--
INFO: Run Behavior\ReadHtmlCacheBehavior [ RunTime:0.000428s ]
INFO: [ app_begin ] --END-- [ RunTime:0.000455s ]
SQL: SHOW COLUMNS FROM `blog_new_list` [ RunTime:0.0012s ]
SQL: SELECT COUNT(*) AS tp_count FROM `blog_new_list` WHERE (  2>1  ) LIMIT 1   [ RunTime:0.0004s ]
SQL: SELECT blog_new_list.*,blog_menu.name FROM `blog_new_list` left join blog_menu on blog_new_list.category_id = blog_menu.id  WHERE ( 2>1 ) ORDER BY `istop` desc,`id` desc LIMIT 0,5   [ RunTime:0.0013s ]
SQL: SELECT `id`,`name` FROM `blog_menu` WHERE ( pid = 3 )  [ RunTime:0.0006s ]
SQL: SELECT blog_new_list.id,blog_new_list.title,blog_new_list.addtime,blog_menu.pid FROM `blog_new_list` left join blog_menu on blog_new_list.category_id = blog_menu.id  ORDER BY `addtime` desc LIMIT 5   [ RunTime:0.0006s ]
SQL: SELECT blog_new_list.id,blog_new_list.title,blog_new_list.addtime,blog_new_list.lookcount,blog_menu.pid FROM `blog_new_list` left join blog_menu on blog_new_list.category_id = blog_menu.id  ORDER BY `lookcount` desc LIMIT 5   [ RunTime:0.0003s ]
SQL: SHOW COLUMNS FROM `blog_info` [ RunTime:0.0008s ]
SQL: SELECT * FROM `blog_info` LIMIT 1   [ RunTime:0.0003s ]
INFO: [ view_parse ] --START--
INFO: [ template_filter ] --START--
INFO: Run Behavior\ContentReplaceBehavior [ RunTime:0.000043s ]
INFO: [ template_filter ] --END-- [ RunTime:0.000065s ]
INFO: Run Behavior\ParseTemplateBehavior [ RunTime:0.032383s ]
INFO: [ view_parse ] --END-- [ RunTime:0.032416s ]
INFO: [ view_filter ] --START--
INFO: Run Behavior\WriteHtmlCacheBehavior [ RunTime:0.000355s ]
INFO: [ view_filter ] --END-- [ RunTime:0.000373s ]
INFO: [ app_end ] --START--
INFO: Run Behavior\ShowPageTraceBehavior [ RunTime:0.000673s ]
INFO: [ app_end ] --END-- [ RunTime:0.000708s ]

[ 2018-11-16T08:26:33+08:00 ] 127.0.0.1 /Home/Index/moodlist.html
INFO: [ app_init ] --START--
INFO: Run Behavior\BuildLiteBehavior [ RunTime:0.000008s ]
INFO: [ app_init ] --END-- [ RunTime:0.000488s ]
INFO: [ app_begin ] --START--
INFO: Run Behavior\ReadHtmlCacheBehavior [ RunTime:0.000863s ]
INFO: [ app_begin ] --END-- [ RunTime:0.000910s ]
SQL: SHOW COLUMNS FROM `blog_moodlies` [ RunTime:0.0040s ]
SQL: SELECT COUNT(*) AS tp_count FROM `blog_moodlies` LIMIT 1   [ RunTime:0.0004s ]
SQL: SELECT * FROM `blog_moodlies` ORDER BY `istop` desc,`addtime` desc LIMIT 0,5   [ RunTime:0.0004s ]
SQL: SHOW COLUMNS FROM `blog_info` [ RunTime:0.0006s ]
SQL: SELECT * FROM `blog_info` LIMIT 1   [ RunTime:0.0003s ]
INFO: [ view_parse ] --START--
INFO: [ template_filter ] --START--
INFO: Run Behavior\ContentReplaceBehavior [ RunTime:0.000028s ]
INFO: [ template_filter ] --END-- [ RunTime:0.000050s ]
INFO: Run Behavior\ParseTemplateBehavior [ RunTime:0.008499s ]
INFO: [ view_parse ] --END-- [ RunTime:0.008551s ]
INFO: [ view_filter ] --START--
INFO: Run Behavior\WriteHtmlCacheBehavior [ RunTime:0.006053s ]
INFO: [ view_filter ] --END-- [ RunTime:0.006087s ]
INFO: [ app_end ] --START--
INFO: Run Behavior\ShowPageTraceBehavior [ RunTime:0.000720s ]
INFO: [ app_end ] --END-- [ RunTime:0.000742s ]

[ 2018-11-16T08:26:34+08:00 ] 127.0.0.1 /Home/Index/knowledge.html
INFO: [ app_init ] --START--
INFO: Run Behavior\BuildLiteBehavior [ RunTime:0.000011s ]
INFO: [ app_init ] --END-- [ RunTime:0.000484s ]
INFO: [ app_begin ] --START--
INFO: Run Behavior\ReadHtmlCacheBehavior [ RunTime:0.000781s ]
INFO: [ app_begin ] --END-- [ RunTime:0.000812s ]
SQL: SHOW COLUMNS FROM `blog_knowledge` [ RunTime:0.0007s ]
SQL: SELECT COUNT(*) AS tp_count FROM `blog_knowledge` WHERE (  2>1  ) LIMIT 1   [ RunTime:0.0002s ]
SQL: SELECT blog_knowledge.*,blog_menu.name FROM `blog_knowledge` left join blog_menu on blog_knowledge.category_id = blog_menu.id  WHERE ( 2>1 ) ORDER BY `istop` desc,`id` desc LIMIT 0,3   [ RunTime:0.0006s ]
SQL: SELECT `id`,`name` FROM `blog_menu` WHERE ( pid = 5 )  [ RunTime:0.0004s ]
SQL: SELECT blog_knowledge.id,blog_knowledge.title,blog_knowledge.addtime,blog_menu.pid FROM `blog_knowledge` left join blog_menu on  blog_knowledge.category_id = blog_menu.id  ORDER BY `addtime` desc LIMIT 5   [ RunTime:0.0003s ]
SQL: SELECT blog_knowledge.id,blog_knowledge.title,blog_knowledge.addtime,blog_knowledge.lookcount,blog_menu.pid FROM `blog_knowledge` left join blog_menu on  blog_knowledge.category_id = blog_menu.id  ORDER BY `lookcount` desc LIMIT 5   [ RunTime:0.0003s ]
SQL: SHOW COLUMNS FROM `blog_info` [ RunTime:0.0007s ]
SQL: SELECT * FROM `blog_info` LIMIT 1   [ RunTime:0.0003s ]
INFO: [ view_parse ] --START--
INFO: [ template_filter ] --START--
INFO: Run Behavior\ContentReplaceBehavior [ RunTime:0.000059s ]
INFO: [ template_filter ] --END-- [ RunTime:0.000085s ]
INFO: Run Behavior\ParseTemplateBehavior [ RunTime:0.033407s ]
INFO: [ view_parse ] --END-- [ RunTime:0.033440s ]
INFO: [ view_filter ] --START--
INFO: Run Behavior\WriteHtmlCacheBehavior [ RunTime:0.001014s ]
INFO: [ view_filter ] --END-- [ RunTime:0.001037s ]
INFO: [ app_end ] --START--
INFO: Run Behavior\ShowPageTraceBehavior [ RunTime:0.001130s ]
INFO: [ app_end ] --END-- [ RunTime:0.001172s ]

[ 2018-11-16T08:26:36+08:00 ] 127.0.0.1 /Home/Index/resume.html
INFO: [ app_init ] --START--
INFO: Run Behavior\BuildLiteBehavior [ RunTime:0.000007s ]
INFO: [ app_init ] --END-- [ RunTime:0.000399s ]
INFO: [ app_begin ] --START--
INFO: Run Behavior\ReadHtmlCacheBehavior [ RunTime:0.000438s ]
INFO: [ app_begin ] --END-- [ RunTime:0.000463s ]
SQL: SHOW COLUMNS FROM `blog_resume` [ RunTime:0.0008s ]
SQL: SELECT * FROM `blog_resume` ORDER BY `sort` asc LIMIT 1   [ RunTime:0.0004s ]
SQL: SHOW COLUMNS FROM `blog_resume_skill` [ RunTime:0.0006s ]
SQL: SELECT * FROM `blog_resume_skill` ORDER BY `sort`  [ RunTime:0.0004s ]
SQL: SHOW COLUMNS FROM `blog_resume_experience` [ RunTime:0.0006s ]
SQL: SELECT * FROM `blog_resume_experience`  [ RunTime:0.0003s ]
SQL: SHOW COLUMNS FROM `blog_info` [ RunTime:0.0007s ]
SQL: SELECT * FROM `blog_info` LIMIT 1   [ RunTime:0.0002s ]
INFO: [ view_parse ] --START--
INFO: [ template_filter ] --START--
INFO: Run Behavior\ContentReplaceBehavior [ RunTime:0.000050s ]
INFO: [ template_filter ] --END-- [ RunTime:0.000072s ]
INFO: Run Behavior\ParseTemplateBehavior [ RunTime:0.026048s ]
INFO: [ view_parse ] --END-- [ RunTime:0.026084s ]
INFO: [ view_filter ] --START--
INFO: Run Behavior\WriteHtmlCacheBehavior [ RunTime:0.000345s ]
INFO: [ view_filter ] --END-- [ RunTime:0.000384s ]
INFO: [ app_end ] --START--
INFO: Run Behavior\ShowPageTraceBehavior [ RunTime:0.000753s ]
INFO: [ app_end ] --END-- [ RunTime:0.000782s ]

[ 2018-11-16T08:26:38+08:00 ] 127.0.0.1 /Home/Index/book.html
INFO: [ app_init ] --START--
INFO: Run Behavior\BuildLiteBehavior [ RunTime:0.000012s ]
INFO: [ app_init ] --END-- [ RunTime:0.000572s ]
INFO: [ app_begin ] --START--
INFO: Run Behavior\ReadHtmlCacheBehavior [ RunTime:0.000448s ]
INFO: [ app_begin ] --END-- [ RunTime:0.000477s ]
SQL: SHOW COLUMNS FROM `blog_info` [ RunTime:0.0009s ]
SQL: SELECT * FROM `blog_info` LIMIT 1   [ RunTime:0.0003s ]
INFO: [ view_parse ] --START--
INFO: [ template_filter ] --START--
INFO: Run Behavior\ContentReplaceBehavior [ RunTime:0.000046s ]
INFO: [ template_filter ] --END-- [ RunTime:0.000089s ]
INFO: Run Behavior\ParseTemplateBehavior [ RunTime:0.028633s ]
INFO: [ view_parse ] --END-- [ RunTime:0.028681s ]
INFO: [ view_filter ] --START--
INFO: Run Behavior\WriteHtmlCacheBehavior [ RunTime:0.000337s ]
INFO: [ view_filter ] --END-- [ RunTime:0.000358s ]
INFO: [ app_end ] --START--
INFO: Run Behavior\ShowPageTraceBehavior [ RunTime:0.000792s ]
INFO: [ app_end ] --END-- [ RunTime:0.000832s ]

[ 2018-11-16T08:26:38+08:00 ] 127.0.0.1 /Home/Index/resume.html
INFO: [ app_init ] --START--
INFO: Run Behavior\BuildLiteBehavior [ RunTime:0.000007s ]
INFO: [ app_init ] --END-- [ RunTime:0.000316s ]
INFO: [ app_begin ] --START--
INFO: Run Behavior\ReadHtmlCacheBehavior [ RunTime:0.000435s ]
INFO: [ app_begin ] --END-- [ RunTime:0.000459s ]
SQL: SHOW COLUMNS FROM `blog_resume` [ RunTime:0.0013s ]
SQL: SELECT * FROM `blog_resume` ORDER BY `sort` asc LIMIT 1   [ RunTime:0.0005s ]
SQL: SHOW COLUMNS FROM `blog_resume_skill` [ RunTime:0.0008s ]
SQL: SELECT * FROM `blog_resume_skill` ORDER BY `sort`  [ RunTime:0.0006s ]
SQL: SHOW COLUMNS FROM `blog_resume_experience` [ RunTime:0.0006s ]
SQL: SELECT * FROM `blog_resume_experience`  [ RunTime:0.0003s ]
SQL: SHOW COLUMNS FROM `blog_info` [ RunTime:0.0008s ]
SQL: SELECT * FROM `blog_info` LIMIT 1   [ RunTime:0.0003s ]
INFO: [ view_parse ] --START--
INFO: [ template_filter ] --START--
INFO: Run Behavior\ContentReplaceBehavior [ RunTime:0.000048s ]
INFO: [ template_filter ] --END-- [ RunTime:0.000072s ]
INFO: Run Behavior\ParseTemplateBehavior [ RunTime:0.006894s ]
INFO: [ view_parse ] --END-- [ RunTime:0.006920s ]
INFO: [ view_filter ] --START--
INFO: Run Behavior\WriteHtmlCacheBehavior [ RunTime:0.000266s ]
INFO: [ view_filter ] --END-- [ RunTime:0.000284s ]
INFO: [ app_end ] --START--
INFO: Run Behavior\ShowPageTraceBehavior [ RunTime:0.000682s ]
INFO: [ app_end ] --END-- [ RunTime:0.000710s ]

[ 2018-11-16T08:30:07+08:00 ] 127.0.0.1 /Home/Index/index.html
INFO: [ app_init ] --START--
INFO: Run Behavior\BuildLiteBehavior [ RunTime:0.000017s ]
INFO: [ app_init ] --END-- [ RunTime:0.000323s ]
INFO: [ app_begin ] --START--
INFO: Run Behavior\ReadHtmlCacheBehavior [ RunTime:0.000727s ]
INFO: [ app_begin ] --END-- [ RunTime:0.000774s ]
SQL: SHOW COLUMNS FROM `blog_new_list` [ RunTime:0.0009s ]
SQL: SHOW COLUMNS FROM `blog_knowledge` [ RunTime:0.0011s ]
SQL: SELECT blog_new_list.*,blog_menu.name as categoryname,blog_menu.pid FROM `blog_new_list` left join blog_menu on blog_new_list.category_id = blog_menu.id  WHERE ( istop = 1 )  [ RunTime:0.0006s ]
SQL: SELECT `name` FROM `blog_menu` WHERE `id` = '3' LIMIT 1   [ RunTime:0.0003s ]
SQL: SELECT blog_knowledge.*,blog_menu.name as categoryname,blog_menu.pid FROM `blog_knowledge` left join blog_menu on blog_knowledge.category_id = blog_menu.id  WHERE ( istop = 1 )  [ RunTime:0.0004s ]
SQL: SELECT `name` FROM `blog_menu` WHERE `id` = '5' LIMIT 1   [ RunTime:0.0004s ]
SQL: SELECT blog_new_list.id,blog_new_list.title,blog_new_list.addtime,blog_menu.pid FROM `blog_new_list` left join blog_menu on blog_new_list.category_id = blog_menu.id  ORDER BY `addtime` desc LIMIT 3   [ RunTime:0.0007s ]
SQL: SELECT blog_knowledge.id,blog_knowledge.title,blog_knowledge.addtime,blog_menu.pid FROM `blog_knowledge` left join blog_menu on  blog_knowledge.category_id = blog_menu.id  ORDER BY `addtime` desc LIMIT 3   [ RunTime:0.0006s ]
SQL: SELECT blog_new_list.id,blog_new_list.title,blog_new_list.addtime,blog_new_list.lookcount,blog_menu.pid FROM `blog_new_list` left join blog_menu on blog_new_list.category_id = blog_menu.id  ORDER BY `lookcount` desc LIMIT 3   [ RunTime:0.0004s ]
SQL: SELECT blog_knowledge.id,blog_knowledge.title,blog_knowledge.addtime,blog_knowledge.lookcount,blog_menu.pid FROM `blog_knowledge` left join blog_menu on  blog_knowledge.category_id = blog_menu.id  ORDER BY `lookcount` desc LIMIT 3   [ RunTime:0.0004s ]
SQL: SHOW COLUMNS FROM `blog_friendly` [ RunTime:0.0007s ]
SQL: SELECT * FROM `blog_friendly` LIMIT 5   [ RunTime:0.0003s ]
SQL: SHOW COLUMNS FROM `blog_info` [ RunTime:0.0006s ]
SQL: SELECT * FROM `blog_info` LIMIT 1   [ RunTime:0.0002s ]
INFO: [ view_parse ] --START--
INFO: [ template_filter ] --START--
INFO: Run Behavior\ContentReplaceBehavior [ RunTime:0.000075s ]
INFO: [ template_filter ] --END-- [ RunTime:0.000139s ]
INFO: Run Behavior\ParseTemplateBehavior [ RunTime:0.020484s ]
INFO: [ view_parse ] --END-- [ RunTime:0.020512s ]
INFO: [ view_filter ] --START--
INFO: Run Behavior\WriteHtmlCacheBehavior [ RunTime:0.000461s ]
INFO: [ view_filter ] --END-- [ RunTime:0.000483s ]
INFO: [ app_end ] --START--
INFO: Run Behavior\ShowPageTraceBehavior [ RunTime:0.000604s ]
INFO: [ app_end ] --END-- [ RunTime:0.000632s ]

[ 2018-11-16T08:50:15+08:00 ] 127.0.0.1 /Home/Index/index.html
INFO: [ app_init ] --START--
INFO: Run Behavior\BuildLiteBehavior [ RunTime:0.000008s ]
INFO: [ app_init ] --END-- [ RunTime:0.000565s ]
INFO: [ app_begin ] --START--
INFO: Run Behavior\ReadHtmlCacheBehavior [ RunTime:0.000706s ]
INFO: [ app_begin ] --END-- [ RunTime:0.000736s ]
SQL: SHOW COLUMNS FROM `blog_new_list` [ RunTime:0.0009s ]
SQL: SHOW COLUMNS FROM `blog_knowledge` [ RunTime:0.0007s ]
SQL: SELECT blog_new_list.*,blog_menu.name as categoryname,blog_menu.pid FROM `blog_new_list` left join blog_menu on blog_new_list.category_id = blog_menu.id  WHERE ( istop = 1 )  [ RunTime:0.0005s ]
SQL: SELECT `name` FROM `blog_menu` WHERE `id` = '3' LIMIT 1   [ RunTime:0.0002s ]
SQL: SELECT blog_knowledge.*,blog_menu.name as categoryname,blog_menu.pid FROM `blog_knowledge` left join blog_menu on blog_knowledge.category_id = blog_menu.id  WHERE ( istop = 1 )  [ RunTime:0.0003s ]
SQL: SELECT `name` FROM `blog_menu` WHERE `id` = '5' LIMIT 1   [ RunTime:0.0002s ]
SQL: SELECT blog_new_list.id,blog_new_list.title,blog_new_list.addtime,blog_menu.pid FROM `blog_new_list` left join blog_menu on blog_new_list.category_id = blog_menu.id  ORDER BY `addtime` desc LIMIT 3   [ RunTime:0.0003s ]
SQL: SELECT blog_knowledge.id,blog_knowledge.title,blog_knowledge.addtime,blog_menu.pid FROM `blog_knowledge` left join blog_menu on  blog_knowledge.category_id = blog_menu.id  ORDER BY `addtime` desc LIMIT 3   [ RunTime:0.0002s ]
SQL: SELECT blog_new_list.id,blog_new_list.title,blog_new_list.addtime,blog_new_list.lookcount,blog_menu.pid FROM `blog_new_list` left join blog_menu on blog_new_list.category_id = blog_menu.id  ORDER BY `lookcount` desc LIMIT 3   [ RunTime:0.0002s ]
SQL: SELECT blog_knowledge.id,blog_knowledge.title,blog_knowledge.addtime,blog_knowledge.lookcount,blog_menu.pid FROM `blog_knowledge` left join blog_menu on  blog_knowledge.category_id = blog_menu.id  ORDER BY `lookcount` desc LIMIT 3   [ RunTime:0.0003s ]
SQL: SHOW COLUMNS FROM `blog_friendly` [ RunTime:0.0005s ]
SQL: SELECT * FROM `blog_friendly` LIMIT 5   [ RunTime:0.0002s ]
SQL: SHOW COLUMNS FROM `blog_info` [ RunTime:0.0006s ]
SQL: SELECT * FROM `blog_info` LIMIT 1   [ RunTime:0.0003s ]
INFO: [ view_parse ] --START--
INFO: [ template_filter ] --START--
INFO: Run Behavior\ContentReplaceBehavior [ RunTime:0.000062s ]
INFO: [ template_filter ] --END-- [ RunTime:0.000089s ]
INFO: Run Behavior\ParseTemplateBehavior [ RunTime:0.010820s ]
INFO: [ view_parse ] --END-- [ RunTime:0.010883s ]
INFO: [ view_filter ] --START--
INFO: Run Behavior\WriteHtmlCacheBehavior [ RunTime:0.000504s ]
INFO: [ view_filter ] --END-- [ RunTime:0.000525s ]
INFO: [ app_end ] --START--
INFO: Run Behavior\ShowPageTraceBehavior [ RunTime:0.000862s ]
INFO: [ app_end ] --END-- [ RunTime:0.000897s ]

[ 2018-11-16T08:54:26+08:00 ] 127.0.0.1 /Home/Index/about.html
INFO: [ app_init ] --START--
INFO: Run Behavior\BuildLiteBehavior [ RunTime:0.000008s ]
INFO: [ app_init ] --END-- [ RunTime:0.000494s ]
INFO: [ app_begin ] --START--
INFO: Run Behavior\ReadHtmlCacheBehavior [ RunTime:0.000439s ]
INFO: [ app_begin ] --END-- [ RunTime:0.000467s ]
SQL: SHOW COLUMNS FROM `blog_about` [ RunTime:0.0031s ]
SQL: SELECT * FROM `blog_about` LIMIT 1   [ RunTime:0.0004s ]
SQL: SHOW COLUMNS FROM `blog_info` [ RunTime:0.0006s ]
SQL: SELECT * FROM `blog_info` LIMIT 1   [ RunTime:0.0003s ]
INFO: [ view_parse ] --START--
INFO: [ template_filter ] --START--
INFO: Run Behavior\ContentReplaceBehavior [ RunTime:0.000076s ]
INFO: [ template_filter ] --END-- [ RunTime:0.000142s ]
INFO: Run Behavior\ParseTemplateBehavior [ RunTime:0.010144s ]
INFO: [ view_parse ] --END-- [ RunTime:0.010325s ]
INFO: [ view_filter ] --START--
INFO: Run Behavior\WriteHtmlCacheBehavior [ RunTime:0.000878s ]
INFO: [ view_filter ] --END-- [ RunTime:0.000910s ]
INFO: [ app_end ] --START--
INFO: Run Behavior\ShowPageTraceBehavior [ RunTime:0.000520s ]
INFO: [ app_end ] --END-- [ RunTime:0.000547s ]

[ 2018-11-16T08:58:39+08:00 ] 127.0.0.1 /Home/Index/about.html
INFO: [ app_init ] --START--
INFO: Run Behavior\BuildLiteBehavior [ RunTime:0.000011s ]
INFO: [ app_init ] --END-- [ RunTime:0.000496s ]
INFO: [ app_begin ] --START--
INFO: Run Behavior\ReadHtmlCacheBehavior [ RunTime:0.000667s ]
INFO: [ app_begin ] --END-- [ RunTime:0.000713s ]
SQL: SHOW COLUMNS FROM `blog_about` [ RunTime:0.0012s ]
SQL: SELECT * FROM `blog_about` LIMIT 1   [ RunTime:0.0005s ]
SQL: SHOW COLUMNS FROM `blog_info` [ RunTime:0.0009s ]
SQL: SELECT * FROM `blog_info` LIMIT 1   [ RunTime:0.0003s ]
INFO: [ view_parse ] --START--
INFO: [ template_filter ] --START--
INFO: Run Behavior\ContentReplaceBehavior [ RunTime:0.000047s ]
INFO: [ template_filter ] --END-- [ RunTime:0.000129s ]
INFO: Run Behavior\ParseTemplateBehavior [ RunTime:0.007786s ]
INFO: [ view_parse ] --END-- [ RunTime:0.007829s ]
INFO: [ view_filter ] --START--
INFO: Run Behavior\WriteHtmlCacheBehavior [ RunTime:0.000348s ]
INFO: [ view_filter ] --END-- [ RunTime:0.000376s ]
INFO: [ app_end ] --START--
INFO: Run Behavior\ShowPageTraceBehavior [ RunTime:0.000601s ]
INFO: [ app_end ] --END-- [ RunTime:0.000630s ]

[ 2018-11-16T08:59:34+08:00 ] 127.0.0.1 /Home/Index/about.html
INFO: [ app_init ] --START--
INFO: Run Behavior\BuildLiteBehavior [ RunTime:0.000010s ]
INFO: [ app_init ] --END-- [ RunTime:0.000716s ]
INFO: [ app_begin ] --START--
INFO: Run Behavior\ReadHtmlCacheBehavior [ RunTime:0.000455s ]
INFO: [ app_begin ] --END-- [ RunTime:0.000489s ]
SQL: SHOW COLUMNS FROM `blog_about` [ RunTime:0.0027s ]
SQL: SELECT * FROM `blog_about` LIMIT 1   [ RunTime:0.0004s ]
SQL: SHOW COLUMNS FROM `blog_info` [ RunTime:0.0007s ]
SQL: SELECT * FROM `blog_info` LIMIT 1   [ RunTime:0.0003s ]
INFO: [ view_parse ] --START--
INFO: [ template_filter ] --START--
INFO: Run Behavior\ContentReplaceBehavior [ RunTime:0.000025s ]
INFO: [ template_filter ] --END-- [ RunTime:0.000049s ]
INFO: Run Behavior\ParseTemplateBehavior [ RunTime:0.006448s ]
INFO: [ view_parse ] --END-- [ RunTime:0.006476s ]
INFO: [ view_filter ] --START--
INFO: Run Behavior\WriteHtmlCacheBehavior [ RunTime:0.000553s ]
INFO: [ view_filter ] --END-- [ RunTime:0.000574s ]
INFO: [ app_end ] --START--
INFO: Run Behavior\ShowPageTraceBehavior [ RunTime:0.000502s ]
INFO: [ app_end ] --END-- [ RunTime:0.000525s ]

[ 2018-11-16T09:00:41+08:00 ] 127.0.0.1 /Home/Index/about.html
INFO: [ app_init ] --START--
INFO: Run Behavior\BuildLiteBehavior [ RunTime:0.000022s ]
INFO: [ app_init ] --END-- [ RunTime:0.000352s ]
INFO: [ app_begin ] --START--
INFO: Run Behavior\ReadHtmlCacheBehavior [ RunTime:0.000466s ]
INFO: [ app_begin ] --END-- [ RunTime:0.000493s ]
SQL: SHOW COLUMNS FROM `blog_about` [ RunTime:0.0008s ]
SQL: SELECT * FROM `blog_about` LIMIT 1   [ RunTime:0.0003s ]
SQL: SHOW COLUMNS FROM `blog_info` [ RunTime:0.0005s ]
SQL: SELECT * FROM `blog_info` LIMIT 1   [ RunTime:0.0002s ]
INFO: [ view_parse ] --START--
INFO: [ template_filter ] --START--
INFO: Run Behavior\ContentReplaceBehavior [ RunTime:0.000044s ]
INFO: [ template_filter ] --END-- [ RunTime:0.000086s ]
INFO: Run Behavior\ParseTemplateBehavior [ RunTime:0.011006s ]
INFO: [ view_parse ] --END-- [ RunTime:0.011035s ]
INFO: [ view_filter ] --START--
INFO: Run Behavior\WriteHtmlCacheBehavior [ RunTime:0.000482s ]
INFO: [ view_filter ] --END-- [ RunTime:0.000501s ]
INFO: [ app_end ] --START--
INFO: Run Behavior\ShowPageTraceBehavior [ RunTime:0.000534s ]
INFO: [ app_end ] --END-- [ RunTime:0.000552s ]

[ 2018-11-16T09:00:46+08:00 ] 127.0.0.1 /Home/Index/about.html
INFO: [ app_init ] --START--
INFO: Run Behavior\BuildLiteBehavior [ RunTime:0.000023s ]
INFO: [ app_init ] --END-- [ RunTime:0.000351s ]
INFO: [ app_begin ] --START--
INFO: Run Behavior\ReadHtmlCacheBehavior [ RunTime:0.000390s ]
INFO: [ app_begin ] --END-- [ RunTime:0.000412s ]
SQL: SHOW COLUMNS FROM `blog_about` [ RunTime:0.0037s ]
SQL: SELECT * FROM `blog_about` LIMIT 1   [ RunTime:0.0004s ]
SQL: SHOW COLUMNS FROM `blog_info` [ RunTime:0.0008s ]
SQL: SELECT * FROM `blog_info` LIMIT 1   [ RunTime:0.0002s ]
INFO: [ view_parse ] --START--
INFO: [ template_filter ] --START--
INFO: Run Behavior\ContentReplaceBehavior [ RunTime:0.000034s ]
INFO: [ template_filter ] --END-- [ RunTime:0.000073s ]
INFO: Run Behavior\ParseTemplateBehavior [ RunTime:0.005909s ]
INFO: [ view_parse ] --END-- [ RunTime:0.005950s ]
INFO: [ view_filter ] --START--
INFO: Run Behavior\WriteHtmlCacheBehavior [ RunTime:0.000332s ]
INFO: [ view_filter ] --END-- [ RunTime:0.000355s ]
INFO: [ app_end ] --START--
INFO: Run Behavior\ShowPageTraceBehavior [ RunTime:0.001902s ]
INFO: [ app_end ] --END-- [ RunTime:0.001966s ]

[ 2018-11-16T09:00:57+08:00 ] 127.0.0.1 /Home/Index/about.html
INFO: [ app_init ] --START--
INFO: Run Behavior\BuildLiteBehavior [ RunTime:0.000007s ]
INFO: [ app_init ] --END-- [ RunTime:0.000425s ]
INFO: [ app_begin ] --START--
INFO: Run Behavior\ReadHtmlCacheBehavior [ RunTime:0.001028s ]
INFO: [ app_begin ] --END-- [ RunTime:0.001069s ]
SQL: SHOW COLUMNS FROM `blog_about` [ RunTime:0.0025s ]
SQL: SELECT * FROM `blog_about` LIMIT 1   [ RunTime:0.0004s ]
SQL: SHOW COLUMNS FROM `blog_info` [ RunTime:0.0008s ]
SQL: SELECT * FROM `blog_info` LIMIT 1   [ RunTime:0.0003s ]
INFO: [ view_parse ] --START--
INFO: [ template_filter ] --START--
INFO: Run Behavior\ContentReplaceBehavior [ RunTime:0.000026s ]
INFO: [ template_filter ] --END-- [ RunTime:0.000052s ]
INFO: Run Behavior\ParseTemplateBehavior [ RunTime:0.006657s ]
INFO: [ view_parse ] --END-- [ RunTime:0.006686s ]
INFO: [ view_filter ] --START--
INFO: Run Behavior\WriteHtmlCacheBehavior [ RunTime:0.000443s ]
INFO: [ view_filter ] --END-- [ RunTime:0.000462s ]
INFO: [ app_end ] --START--
INFO: Run Behavior\ShowPageTraceBehavior [ RunTime:0.000732s ]
INFO: [ app_end ] --END-- [ RunTime:0.000752s ]

[ 2018-11-16T09:00:57+08:00 ] 127.0.0.1 /Home/Index/about.html
INFO: [ app_init ] --START--
INFO: Run Behavior\BuildLiteBehavior [ RunTime:0.000011s ]
INFO: [ app_init ] --END-- [ RunTime:0.000522s ]
INFO: [ app_begin ] --START--
INFO: Run Behavior\ReadHtmlCacheBehavior [ RunTime:0.000707s ]
INFO: [ app_begin ] --END-- [ RunTime:0.000755s ]
SQL: SHOW COLUMNS FROM `blog_about` [ RunTime:0.0011s ]
SQL: SELECT * FROM `blog_about` LIMIT 1   [ RunTime:0.0004s ]
SQL: SHOW COLUMNS FROM `blog_info` [ RunTime:0.0009s ]
SQL: SELECT * FROM `blog_info` LIMIT 1   [ RunTime:0.0004s ]
INFO: [ view_parse ] --START--
INFO: [ template_filter ] --START--
INFO: Run Behavior\ContentReplaceBehavior [ RunTime:0.000036s ]
INFO: [ template_filter ] --END-- [ RunTime:0.000074s ]
INFO: Run Behavior\ParseTemplateBehavior [ RunTime:0.013890s ]
INFO: [ view_parse ] --END-- [ RunTime:0.013939s ]
INFO: [ view_filter ] --START--
INFO: Run Behavior\WriteHtmlCacheBehavior [ RunTime:0.000530s ]
INFO: [ view_filter ] --END-- [ RunTime:0.000569s ]
INFO: [ app_end ] --START--
INFO: Run Behavior\ShowPageTraceBehavior [ RunTime:0.001257s ]
INFO: [ app_end ] --END-- [ RunTime:0.001316s ]

[ 2018-11-16T09:00:58+08:00 ] 127.0.0.1 /Home/Index/about.html
INFO: [ app_init ] --START--
INFO: Run Behavior\BuildLiteBehavior [ RunTime:0.000008s ]
INFO: [ app_init ] --END-- [ RunTime:0.000347s ]
INFO: [ app_begin ] --START--
INFO: Run Behavior\ReadHtmlCacheBehavior [ RunTime:0.000876s ]
INFO: [ app_begin ] --END-- [ RunTime:0.000940s ]
SQL: SHOW COLUMNS FROM `blog_about` [ RunTime:0.0010s ]
SQL: SELECT * FROM `blog_about` LIMIT 1   [ RunTime:0.0003s ]
SQL: SHOW COLUMNS FROM `blog_info` [ RunTime:0.0007s ]
SQL: SELECT * FROM `blog_info` LIMIT 1   [ RunTime:0.0003s ]
INFO: [ view_parse ] --START--
INFO: [ template_filter ] --START--
INFO: Run Behavior\ContentReplaceBehavior [ RunTime:0.000056s ]
INFO: [ template_filter ] --END-- [ RunTime:0.000115s ]
INFO: Run Behavior\ParseTemplateBehavior [ RunTime:0.009309s ]
INFO: [ view_parse ] --END-- [ RunTime:0.009350s ]
INFO: [ view_filter ] --START--
INFO: Run Behavior\WriteHtmlCacheBehavior [ RunTime:0.000507s ]
INFO: [ view_filter ] --END-- [ RunTime:0.000541s ]
INFO: [ app_end ] --START--
INFO: Run Behavior\ShowPageTraceBehavior [ RunTime:0.000748s ]
INFO: [ app_end ] --END-- [ RunTime:0.000777s ]

[ 2018-11-16T09:01:33+08:00 ] 127.0.0.1 /Home/Index/about.html
INFO: [ app_init ] --START--
INFO: Run Behavior\BuildLiteBehavior [ RunTime:0.000012s ]
INFO: [ app_init ] --END-- [ RunTime:0.000556s ]
INFO: [ app_begin ] --START--
INFO: Run Behavior\ReadHtmlCacheBehavior [ RunTime:0.000407s ]
INFO: [ app_begin ] --END-- [ RunTime:0.000433s ]
SQL: SHOW COLUMNS FROM `blog_about` [ RunTime:0.0008s ]
SQL: SELECT * FROM `blog_about` LIMIT 1   [ RunTime:0.0004s ]
SQL: SHOW COLUMNS FROM `blog_info` [ RunTime:0.0005s ]
SQL: SELECT * FROM `blog_info` LIMIT 1   [ RunTime:0.0003s ]
INFO: [ view_parse ] --START--
INFO: [ template_filter ] --START--
INFO: Run Behavior\ContentReplaceBehavior [ RunTime:0.000025s ]
INFO: [ template_filter ] --END-- [ RunTime:0.000050s ]
INFO: Run Behavior\ParseTemplateBehavior [ RunTime:0.006974s ]
INFO: [ view_parse ] --END-- [ RunTime:0.007001s ]
INFO: [ view_filter ] --START--
INFO: Run Behavior\WriteHtmlCacheBehavior [ RunTime:0.000514s ]
INFO: [ view_filter ] --END-- [ RunTime:0.000534s ]
INFO: [ app_end ] --START--
INFO: Run Behavior\ShowPageTraceBehavior [ RunTime:0.000460s ]
INFO: [ app_end ] --END-- [ RunTime:0.000478s ]

[ 2018-11-16T09:01:48+08:00 ] 127.0.0.1 /Home/Index/about.html
INFO: [ app_init ] --START--
INFO: Run Behavior\BuildLiteBehavior [ RunTime:0.000010s ]
INFO: [ app_init ] --END-- [ RunTime:0.000555s ]
INFO: [ app_begin ] --START--
INFO: Run Behavior\ReadHtmlCacheBehavior [ RunTime:0.001049s ]
INFO: [ app_begin ] --END-- [ RunTime:0.001083s ]
SQL: SHOW COLUMNS FROM `blog_about` [ RunTime:0.0009s ]
SQL: SELECT * FROM `blog_about` LIMIT 1   [ RunTime:0.0004s ]
SQL: SHOW COLUMNS FROM `blog_info` [ RunTime:0.0009s ]
SQL: SELECT * FROM `blog_info` LIMIT 1   [ RunTime:0.0003s ]
INFO: [ view_parse ] --START--
INFO: [ template_filter ] --START--
INFO: Run Behavior\ContentReplaceBehavior [ RunTime:0.000027s ]
INFO: [ template_filter ] --END-- [ RunTime:0.000053s ]
INFO: Run Behavior\ParseTemplateBehavior [ RunTime:0.009526s ]
INFO: [ view_parse ] --END-- [ RunTime:0.009556s ]
INFO: [ view_filter ] --START--
INFO: Run Behavior\WriteHtmlCacheBehavior [ RunTime:0.006390s ]
INFO: [ view_filter ] --END-- [ RunTime:0.006424s ]
INFO: [ app_end ] --START--
INFO: Run Behavior\ShowPageTraceBehavior [ RunTime:0.001131s ]
INFO: [ app_end ] --END-- [ RunTime:0.001185s ]

[ 2018-11-16T09:03:42+08:00 ] 127.0.0.1 /Home/Index/about.html
INFO: [ app_init ] --START--
INFO: Run Behavior\BuildLiteBehavior [ RunTime:0.000011s ]
INFO: [ app_init ] --END-- [ RunTime:0.000519s ]
INFO: [ app_begin ] --START--
INFO: Run Behavior\ReadHtmlCacheBehavior [ RunTime:0.000997s ]
INFO: [ app_begin ] --END-- [ RunTime:0.001038s ]
SQL: SHOW COLUMNS FROM `blog_about` [ RunTime:0.0010s ]
SQL: SELECT * FROM `blog_about` LIMIT 1   [ RunTime:0.0004s ]
SQL: SHOW COLUMNS FROM `blog_info` [ RunTime:0.0008s ]
SQL: SELECT * FROM `blog_info` LIMIT 1   [ RunTime:0.0002s ]
INFO: [ view_parse ] --START--
INFO: [ template_filter ] --START--
INFO: Run Behavior\ContentReplaceBehavior [ RunTime:0.000040s ]
INFO: [ template_filter ] --END-- [ RunTime:0.000079s ]
INFO: Run Behavior\ParseTemplateBehavior [ RunTime:0.008423s ]
INFO: [ view_parse ] --END-- [ RunTime:0.008460s ]
INFO: [ view_filter ] --START--
INFO: Run Behavior\WriteHtmlCacheBehavior [ RunTime:0.000562s ]
INFO: [ view_filter ] --END-- [ RunTime:0.000589s ]
INFO: [ app_end ] --START--
INFO: Run Behavior\ShowPageTraceBehavior [ RunTime:0.000664s ]
INFO: [ app_end ] --END-- [ RunTime:0.000686s ]

[ 2018-11-16T09:03:43+08:00 ] 127.0.0.1 /Home/Index/about.html
INFO: [ app_init ] --START--
INFO: Run Behavior\BuildLiteBehavior [ RunTime:0.000006s ]
INFO: [ app_init ] --END-- [ RunTime:0.000336s ]
INFO: [ app_begin ] --START--
INFO: Run Behavior\ReadHtmlCacheBehavior [ RunTime:0.000509s ]
INFO: [ app_begin ] --END-- [ RunTime:0.000547s ]
SQL: SHOW COLUMNS FROM `blog_about` [ RunTime:0.0007s ]
SQL: SELECT * FROM `blog_about` LIMIT 1   [ RunTime:0.0003s ]
SQL: SHOW COLUMNS FROM `blog_info` [ RunTime:0.0006s ]
SQL: SELECT * FROM `blog_info` LIMIT 1   [ RunTime:0.0003s ]
INFO: [ view_parse ] --START--
INFO: [ template_filter ] --START--
INFO: Run Behavior\ContentReplaceBehavior [ RunTime:0.000055s ]
INFO: [ template_filter ] --END-- [ RunTime:0.000102s ]
INFO: Run Behavior\ParseTemplateBehavior [ RunTime:0.006257s ]
INFO: [ view_parse ] --END-- [ RunTime:0.006290s ]
INFO: [ view_filter ] --START--
INFO: Run Behavior\WriteHtmlCacheBehavior [ RunTime:0.000261s ]
INFO: [ view_filter ] --END-- [ RunTime:0.000280s ]
INFO: [ app_end ] --START--
INFO: Run Behavior\ShowPageTraceBehavior [ RunTime:0.000484s ]
INFO: [ app_end ] --END-- [ RunTime:0.000503s ]

[ 2018-11-16T09:03:43+08:00 ] 127.0.0.1 /Home/Index/about.html
INFO: [ app_init ] --START--
INFO: Run Behavior\BuildLiteBehavior [ RunTime:0.000009s ]
INFO: [ app_init ] --END-- [ RunTime:0.000490s ]
INFO: [ app_begin ] --START--
INFO: Run Behavior\ReadHtmlCacheBehavior [ RunTime:0.000650s ]
INFO: [ app_begin ] --END-- [ RunTime:0.000693s ]
SQL: SHOW COLUMNS FROM `blog_about` [ RunTime:0.0009s ]
SQL: SELECT * FROM `blog_about` LIMIT 1   [ RunTime:0.0003s ]
SQL: SHOW COLUMNS FROM `blog_info` [ RunTime:0.0006s ]
SQL: SELECT * FROM `blog_info` LIMIT 1   [ RunTime:0.0003s ]
INFO: [ view_parse ] --START--
INFO: [ template_filter ] --START--
INFO: Run Behavior\ContentReplaceBehavior [ RunTime:0.000047s ]
INFO: [ template_filter ] --END-- [ RunTime:0.000089s ]
INFO: Run Behavior\ParseTemplateBehavior [ RunTime:0.008210s ]
INFO: [ view_parse ] --END-- [ RunTime:0.008248s ]
INFO: [ view_filter ] --START--
INFO: Run Behavior\WriteHtmlCacheBehavior [ RunTime:0.000393s ]
INFO: [ view_filter ] --END-- [ RunTime:0.000424s ]
INFO: [ app_end ] --START--
INFO: Run Behavior\ShowPageTraceBehavior [ RunTime:0.000775s ]
INFO: [ app_end ] --END-- [ RunTime:0.000811s ]

[ 2018-11-16T09:04:18+08:00 ] 127.0.0.1 /Home/Index/about.html
INFO: [ app_init ] --START--
INFO: Run Behavior\BuildLiteBehavior [ RunTime:0.000006s ]
INFO: [ app_init ] --END-- [ RunTime:0.000310s ]
INFO: [ app_begin ] --START--
INFO: Run Behavior\ReadHtmlCacheBehavior [ RunTime:0.000382s ]
INFO: [ app_begin ] --END-- [ RunTime:0.000404s ]
SQL: SHOW COLUMNS FROM `blog_about` [ RunTime:0.0007s ]
SQL: SELECT * FROM `blog_about` LIMIT 1   [ RunTime:0.0004s ]
SQL: SHOW COLUMNS FROM `blog_info` [ RunTime:0.0005s ]
SQL: SELECT * FROM `blog_info` LIMIT 1   [ RunTime:0.0002s ]
INFO: [ view_parse ] --START--
INFO: [ template_filter ] --START--
INFO: Run Behavior\ContentReplaceBehavior [ RunTime:0.000033s ]
INFO: [ template_filter ] --END-- [ RunTime:0.000066s ]
INFO: Run Behavior\ParseTemplateBehavior [ RunTime:0.006872s ]
INFO: [ view_parse ] --END-- [ RunTime:0.006915s ]
INFO: [ view_filter ] --START--
INFO: Run Behavior\WriteHtmlCacheBehavior [ RunTime:0.000632s ]
INFO: [ view_filter ] --END-- [ RunTime:0.000675s ]
INFO: [ app_end ] --START--
INFO: Run Behavior\ShowPageTraceBehavior [ RunTime:0.000597s ]
INFO: [ app_end ] --END-- [ RunTime:0.000640s ]

[ 2018-11-16T09:04:39+08:00 ] 127.0.0.1 /Home/Index/about.html
INFO: [ app_init ] --START--
INFO: Run Behavior\BuildLiteBehavior [ RunTime:0.000006s ]
INFO: [ app_init ] --END-- [ RunTime:0.000339s ]
INFO: [ app_begin ] --START--
INFO: Run Behavior\ReadHtmlCacheBehavior [ RunTime:0.000440s ]
INFO: [ app_begin ] --END-- [ RunTime:0.000464s ]
SQL: SHOW COLUMNS FROM `blog_about` [ RunTime:0.0008s ]
SQL: SELECT * FROM `blog_about` LIMIT 1   [ RunTime:0.0003s ]
SQL: SHOW COLUMNS FROM `blog_info` [ RunTime:0.0006s ]
SQL: SELECT * FROM `blog_info` LIMIT 1   [ RunTime:0.0002s ]
INFO: [ view_parse ] --START--
INFO: [ template_filter ] --START--
INFO: Run Behavior\ContentReplaceBehavior [ RunTime:0.000027s ]
INFO: [ template_filter ] --END-- [ RunTime:0.000054s ]
INFO: Run Behavior\ParseTemplateBehavior [ RunTime:0.006954s ]
INFO: [ view_parse ] --END-- [ RunTime:0.006990s ]
INFO: [ view_filter ] --START--
INFO: Run Behavior\WriteHtmlCacheBehavior [ RunTime:0.000936s ]
INFO: [ view_filter ] --END-- [ RunTime:0.000983s ]
INFO: [ app_end ] --START--
INFO: Run Behavior\ShowPageTraceBehavior [ RunTime:0.000946s ]
INFO: [ app_end ] --END-- [ RunTime:0.000986s ]

[ 2018-11-16T09:04:43+08:00 ] 127.0.0.1 /Home/Index/newlist.html
INFO: [ app_init ] --START--
INFO: Run Behavior\BuildLiteBehavior [ RunTime:0.000007s ]
INFO: [ app_init ] --END-- [ RunTime:0.000340s ]
INFO: [ app_begin ] --START--
INFO: Run Behavior\ReadHtmlCacheBehavior [ RunTime:0.000524s ]
INFO: [ app_begin ] --END-- [ RunTime:0.000567s ]
SQL: SHOW COLUMNS FROM `blog_new_list` [ RunTime:0.0010s ]
SQL: SELECT COUNT(*) AS tp_count FROM `blog_new_list` WHERE (  2>1  ) LIMIT 1   [ RunTime:0.0002s ]
SQL: SELECT blog_new_list.*,blog_menu.name FROM `blog_new_list` left join blog_menu on blog_new_list.category_id = blog_menu.id  WHERE ( 2>1 ) ORDER BY `istop` desc,`id` desc LIMIT 0,5   [ RunTime:0.0005s ]
SQL: SELECT `id`,`name` FROM `blog_menu` WHERE ( pid = 3 )  [ RunTime:0.0003s ]
SQL: SELECT blog_new_list.id,blog_new_list.title,blog_new_list.addtime,blog_menu.pid FROM `blog_new_list` left join blog_menu on blog_new_list.category_id = blog_menu.id  ORDER BY `addtime` desc LIMIT 5   [ RunTime:0.0003s ]
SQL: SELECT blog_new_list.id,blog_new_list.title,blog_new_list.addtime,blog_new_list.lookcount,blog_menu.pid FROM `blog_new_list` left join blog_menu on blog_new_list.category_id = blog_menu.id  ORDER BY `lookcount` desc LIMIT 5   [ RunTime:0.0002s ]
SQL: SHOW COLUMNS FROM `blog_info` [ RunTime:0.0005s ]
SQL: SELECT * FROM `blog_info` LIMIT 1   [ RunTime:0.0002s ]
INFO: [ view_parse ] --START--
INFO: [ template_filter ] --START--
INFO: Run Behavior\ContentReplaceBehavior [ RunTime:0.000068s ]
INFO: [ template_filter ] --END-- [ RunTime:0.000123s ]
INFO: Run Behavior\ParseTemplateBehavior [ RunTime:0.016442s ]
INFO: [ view_parse ] --END-- [ RunTime:0.016472s ]
INFO: [ view_filter ] --START--
INFO: Run Behavior\WriteHtmlCacheBehavior [ RunTime:0.000361s ]
INFO: [ view_filter ] --END-- [ RunTime:0.000384s ]
INFO: [ app_end ] --START--
INFO: Run Behavior\ShowPageTraceBehavior [ RunTime:0.000642s ]
INFO: [ app_end ] --END-- [ RunTime:0.000678s ]

[ 2018-11-16T09:04:44+08:00 ] 127.0.0.1 /Home/Index/about.html
INFO: [ app_init ] --START--
INFO: Run Behavior\BuildLiteBehavior [ RunTime:0.000007s ]
INFO: [ app_init ] --END-- [ RunTime:0.000367s ]
INFO: [ app_begin ] --START--
INFO: Run Behavior\ReadHtmlCacheBehavior [ RunTime:0.002107s ]
INFO: [ app_begin ] --END-- [ RunTime:0.002138s ]
SQL: SHOW COLUMNS FROM `blog_about` [ RunTime:0.0006s ]
SQL: SELECT * FROM `blog_about` LIMIT 1   [ RunTime:0.0003s ]
SQL: SHOW COLUMNS FROM `blog_info` [ RunTime:0.0006s ]
SQL: SELECT * FROM `blog_info` LIMIT 1   [ RunTime:0.0003s ]
INFO: [ view_parse ] --START--
INFO: [ template_filter ] --START--
INFO: Run Behavior\ContentReplaceBehavior [ RunTime:0.000026s ]
INFO: [ template_filter ] --END-- [ RunTime:0.000051s ]
INFO: Run Behavior\ParseTemplateBehavior [ RunTime:0.013806s ]
INFO: [ view_parse ] --END-- [ RunTime:0.013840s ]
INFO: [ view_filter ] --START--
INFO: Run Behavior\WriteHtmlCacheBehavior [ RunTime:0.000366s ]
INFO: [ view_filter ] --END-- [ RunTime:0.000389s ]
INFO: [ app_end ] --START--
INFO: Run Behavior\ShowPageTraceBehavior [ RunTime:0.000490s ]
INFO: [ app_end ] --END-- [ RunTime:0.000509s ]

[ 2018-11-16T09:04:45+08:00 ] 127.0.0.1 /Home/Index/newlist.html
INFO: [ app_init ] --START--
INFO: Run Behavior\BuildLiteBehavior [ RunTime:0.000010s ]
INFO: [ app_init ] --END-- [ RunTime:0.000454s ]
INFO: [ app_begin ] --START--
INFO: Run Behavior\ReadHtmlCacheBehavior [ RunTime:0.000724s ]
INFO: [ app_begin ] --END-- [ RunTime:0.000762s ]
SQL: SHOW COLUMNS FROM `blog_new_list` [ RunTime:0.0007s ]
SQL: SELECT COUNT(*) AS tp_count FROM `blog_new_list` WHERE (  2>1  ) LIMIT 1   [ RunTime:0.0003s ]
SQL: SELECT blog_new_list.*,blog_menu.name FROM `blog_new_list` left join blog_menu on blog_new_list.category_id = blog_menu.id  WHERE ( 2>1 ) ORDER BY `istop` desc,`id` desc LIMIT 0,5   [ RunTime:0.0005s ]
SQL: SELECT `id`,`name` FROM `blog_menu` WHERE ( pid = 3 )  [ RunTime:0.0004s ]
SQL: SELECT blog_new_list.id,blog_new_list.title,blog_new_list.addtime,blog_menu.pid FROM `blog_new_list` left join blog_menu on blog_new_list.category_id = blog_menu.id  ORDER BY `addtime` desc LIMIT 5   [ RunTime:0.0003s ]
SQL: SELECT blog_new_list.id,blog_new_list.title,blog_new_list.addtime,blog_new_list.lookcount,blog_menu.pid FROM `blog_new_list` left join blog_menu on blog_new_list.category_id = blog_menu.id  ORDER BY `lookcount` desc LIMIT 5   [ RunTime:0.0003s ]
SQL: SHOW COLUMNS FROM `blog_info` [ RunTime:0.0006s ]
SQL: SELECT * FROM `blog_info` LIMIT 1   [ RunTime:0.0003s ]
INFO: [ view_parse ] --START--
INFO: [ template_filter ] --START--
INFO: Run Behavior\ContentReplaceBehavior [ RunTime:0.000043s ]
INFO: [ template_filter ] --END-- [ RunTime:0.000067s ]
INFO: Run Behavior\ParseTemplateBehavior [ RunTime:0.010822s ]
INFO: [ view_parse ] --END-- [ RunTime:0.010864s ]
INFO: [ view_filter ] --START--
INFO: Run Behavior\WriteHtmlCacheBehavior [ RunTime:0.000307s ]
INFO: [ view_filter ] --END-- [ RunTime:0.000324s ]
INFO: [ app_end ] --START--
INFO: Run Behavior\ShowPageTraceBehavior [ RunTime:0.000667s ]
INFO: [ app_end ] --END-- [ RunTime:0.000701s ]

[ 2018-11-16T09:04:46+08:00 ] 127.0.0.1 /Home/Index/moodlist.html
INFO: [ app_init ] --START--
INFO: Run Behavior\BuildLiteBehavior [ RunTime:0.000011s ]
INFO: [ app_init ] --END-- [ RunTime:0.000686s ]
INFO: [ app_begin ] --START--
INFO: Run Behavior\ReadHtmlCacheBehavior [ RunTime:0.000491s ]
INFO: [ app_begin ] --END-- [ RunTime:0.000531s ]
SQL: SHOW COLUMNS FROM `blog_moodlies` [ RunTime:0.0026s ]
SQL: SELECT COUNT(*) AS tp_count FROM `blog_moodlies` LIMIT 1   [ RunTime:0.0003s ]
SQL: SELECT * FROM `blog_moodlies` ORDER BY `istop` desc,`addtime` desc LIMIT 0,5   [ RunTime:0.0004s ]
SQL: SHOW COLUMNS FROM `blog_info` [ RunTime:0.0007s ]
SQL: SELECT * FROM `blog_info` LIMIT 1   [ RunTime:0.0003s ]
INFO: [ view_parse ] --START--
INFO: [ template_filter ] --START--
INFO: Run Behavior\ContentReplaceBehavior [ RunTime:0.000028s ]
INFO: [ template_filter ] --END-- [ RunTime:0.000053s ]
INFO: Run Behavior\ParseTemplateBehavior [ RunTime:0.006519s ]
INFO: [ view_parse ] --END-- [ RunTime:0.006545s ]
INFO: [ view_filter ] --START--
INFO: Run Behavior\WriteHtmlCacheBehavior [ RunTime:0.000295s ]
INFO: [ view_filter ] --END-- [ RunTime:0.000312s ]
INFO: [ app_end ] --START--
INFO: Run Behavior\ShowPageTraceBehavior [ RunTime:0.000432s ]
INFO: [ app_end ] --END-- [ RunTime:0.000450s ]

[ 2018-11-16T09:04:46+08:00 ] 127.0.0.1 /Home/Index/knowledge.html
INFO: [ app_init ] --START--
INFO: Run Behavior\BuildLiteBehavior [ RunTime:0.000008s ]
INFO: [ app_init ] --END-- [ RunTime:0.000424s ]
INFO: [ app_begin ] --START--
INFO: Run Behavior\ReadHtmlCacheBehavior [ RunTime:0.000425s ]
INFO: [ app_begin ] --END-- [ RunTime:0.000453s ]
SQL: SHOW COLUMNS FROM `blog_knowledge` [ RunTime:0.0012s ]
SQL: SELECT COUNT(*) AS tp_count FROM `blog_knowledge` WHERE (  2>1  ) LIMIT 1   [ RunTime:0.0003s ]
SQL: SELECT blog_knowledge.*,blog_menu.name FROM `blog_knowledge` left join blog_menu on blog_knowledge.category_id = blog_menu.id  WHERE ( 2>1 ) ORDER BY `istop` desc,`id` desc LIMIT 0,3   [ RunTime:0.0009s ]
SQL: SELECT `id`,`name` FROM `blog_menu` WHERE ( pid = 5 )  [ RunTime:0.0004s ]
SQL: SELECT blog_knowledge.id,blog_knowledge.title,blog_knowledge.addtime,blog_menu.pid FROM `blog_knowledge` left join blog_menu on  blog_knowledge.category_id = blog_menu.id  ORDER BY `addtime` desc LIMIT 5   [ RunTime:0.0003s ]
SQL: SELECT blog_knowledge.id,blog_knowledge.title,blog_knowledge.addtime,blog_knowledge.lookcount,blog_menu.pid FROM `blog_knowledge` left join blog_menu on  blog_knowledge.category_id = blog_menu.id  ORDER BY `lookcount` desc LIMIT 5   [ RunTime:0.0003s ]
SQL: SHOW COLUMNS FROM `blog_info` [ RunTime:0.0007s ]
SQL: SELECT * FROM `blog_info` LIMIT 1   [ RunTime:0.0002s ]
INFO: [ view_parse ] --START--
INFO: [ template_filter ] --START--
INFO: Run Behavior\ContentReplaceBehavior [ RunTime:0.000059s ]
INFO: [ template_filter ] --END-- [ RunTime:0.000109s ]
INFO: Run Behavior\ParseTemplateBehavior [ RunTime:0.007990s ]
INFO: [ view_parse ] --END-- [ RunTime:0.008017s ]
INFO: [ view_filter ] --START--
INFO: Run Behavior\WriteHtmlCacheBehavior [ RunTime:0.000314s ]
INFO: [ view_filter ] --END-- [ RunTime:0.000332s ]
INFO: [ app_end ] --START--
INFO: Run Behavior\ShowPageTraceBehavior [ RunTime:0.000719s ]
INFO: [ app_end ] --END-- [ RunTime:0.000771s ]

[ 2018-11-16T09:04:47+08:00 ] 127.0.0.1 /Home/Index/index.html
INFO: [ app_init ] --START--
INFO: Run Behavior\BuildLiteBehavior [ RunTime:0.000009s ]
INFO: [ app_init ] --END-- [ RunTime:0.000471s ]
INFO: [ app_begin ] --START--
INFO: Run Behavior\ReadHtmlCacheBehavior [ RunTime:0.000649s ]
INFO: [ app_begin ] --END-- [ RunTime:0.000688s ]
SQL: SHOW COLUMNS FROM `blog_new_list` [ RunTime:0.0010s ]
SQL: SHOW COLUMNS FROM `blog_knowledge` [ RunTime:0.0009s ]
SQL: SELECT blog_new_list.*,blog_menu.name as categoryname,blog_menu.pid FROM `blog_new_list` left join blog_menu on blog_new_list.category_id = blog_menu.id  WHERE ( istop = 1 )  [ RunTime:0.0007s ]
SQL: SELECT `name` FROM `blog_menu` WHERE `id` = '3' LIMIT 1   [ RunTime:0.0003s ]
SQL: SELECT blog_knowledge.*,blog_menu.name as categoryname,blog_menu.pid FROM `blog_knowledge` left join blog_menu on blog_knowledge.category_id = blog_menu.id  WHERE ( istop = 1 )  [ RunTime:0.0004s ]
SQL: SELECT `name` FROM `blog_menu` WHERE `id` = '5' LIMIT 1   [ RunTime:0.0002s ]
SQL: SELECT blog_new_list.id,blog_new_list.title,blog_new_list.addtime,blog_menu.pid FROM `blog_new_list` left join blog_menu on blog_new_list.category_id = blog_menu.id  ORDER BY `addtime` desc LIMIT 3   [ RunTime:0.0002s ]
SQL: SELECT blog_knowledge.id,blog_knowledge.title,blog_knowledge.addtime,blog_menu.pid FROM `blog_knowledge` left join blog_menu on  blog_knowledge.category_id = blog_menu.id  ORDER BY `addtime` desc LIMIT 3   [ RunTime:0.0002s ]
SQL: SELECT blog_new_list.id,blog_new_list.title,blog_new_list.addtime,blog_new_list.lookcount,blog_menu.pid FROM `blog_new_list` left join blog_menu on blog_new_list.category_id = blog_menu.id  ORDER BY `lookcount` desc LIMIT 3   [ RunTime:0.0002s ]
SQL: SELECT blog_knowledge.id,blog_knowledge.title,blog_knowledge.addtime,blog_knowledge.lookcount,blog_menu.pid FROM `blog_knowledge` left join blog_menu on  blog_knowledge.category_id = blog_menu.id  ORDER BY `lookcount` desc LIMIT 3   [ RunTime:0.0002s ]
SQL: SHOW COLUMNS FROM `blog_friendly` [ RunTime:0.0005s ]
SQL: SELECT * FROM `blog_friendly` LIMIT 5   [ RunTime:0.0001s ]
SQL: SHOW COLUMNS FROM `blog_info` [ RunTime:0.0004s ]
SQL: SELECT * FROM `blog_info` LIMIT 1   [ RunTime:0.0002s ]
INFO: [ view_parse ] --START--
INFO: [ template_filter ] --START--
INFO: Run Behavior\ContentReplaceBehavior [ RunTime:0.000074s ]
INFO: [ template_filter ] --END-- [ RunTime:0.000116s ]
INFO: Run Behavior\ParseTemplateBehavior [ RunTime:0.010244s ]
INFO: [ view_parse ] --END-- [ RunTime:0.010279s ]
INFO: [ view_filter ] --START--
INFO: Run Behavior\WriteHtmlCacheBehavior [ RunTime:0.000421s ]
INFO: [ view_filter ] --END-- [ RunTime:0.000451s ]
INFO: [ app_end ] --START--
INFO: Run Behavior\ShowPageTraceBehavior [ RunTime:0.000704s ]
INFO: [ app_end ] --END-- [ RunTime:0.000756s ]

[ 2018-11-16T09:04:48+08:00 ] 127.0.0.1 /Home/Index/about.html
INFO: [ app_init ] --START--
INFO: Run Behavior\BuildLiteBehavior [ RunTime:0.000009s ]
INFO: [ app_init ] --END-- [ RunTime:0.003784s ]
INFO: [ app_begin ] --START--
INFO: Run Behavior\ReadHtmlCacheBehavior [ RunTime:0.000484s ]
INFO: [ app_begin ] --END-- [ RunTime:0.000511s ]
SQL: SHOW COLUMNS FROM `blog_about` [ RunTime:0.0011s ]
SQL: SELECT * FROM `blog_about` LIMIT 1   [ RunTime:0.0005s ]
SQL: SHOW COLUMNS FROM `blog_info` [ RunTime:0.0006s ]
SQL: SELECT * FROM `blog_info` LIMIT 1   [ RunTime:0.0003s ]
INFO: [ view_parse ] --START--
INFO: [ template_filter ] --START--
INFO: Run Behavior\ContentReplaceBehavior [ RunTime:0.000026s ]
INFO: [ template_filter ] --END-- [ RunTime:0.000049s ]
INFO: Run Behavior\ParseTemplateBehavior [ RunTime:0.004993s ]
INFO: [ view_parse ] --END-- [ RunTime:0.005019s ]
INFO: [ view_filter ] --START--
INFO: Run Behavior\WriteHtmlCacheBehavior [ RunTime:0.000267s ]
INFO: [ view_filter ] --END-- [ RunTime:0.000287s ]
INFO: [ app_end ] --START--
INFO: Run Behavior\ShowPageTraceBehavior [ RunTime:0.000506s ]
INFO: [ app_end ] --END-- [ RunTime:0.000527s ]

[ 2018-11-16T09:04:58+08:00 ] 127.0.0.1 /Home/Index/about.html
INFO: [ app_init ] --START--
INFO: Run Behavior\BuildLiteBehavior [ RunTime:0.000009s ]
INFO: [ app_init ] --END-- [ RunTime:0.000465s ]
INFO: [ app_begin ] --START--
INFO: Run Behavior\ReadHtmlCacheBehavior [ RunTime:0.000400s ]
INFO: [ app_begin ] --END-- [ RunTime:0.000424s ]
SQL: SHOW COLUMNS FROM `blog_about` [ RunTime:0.0011s ]
SQL: SELECT * FROM `blog_about` LIMIT 1   [ RunTime:0.0003s ]
SQL: SHOW COLUMNS FROM `blog_info` [ RunTime:0.0006s ]
SQL: SELECT * FROM `blog_info` LIMIT 1   [ RunTime:0.0002s ]
INFO: [ view_parse ] --START--
INFO: [ template_filter ] --START--
INFO: Run Behavior\ContentReplaceBehavior [ RunTime:0.000039s ]
INFO: [ template_filter ] --END-- [ RunTime:0.000081s ]
INFO: Run Behavior\ParseTemplateBehavior [ RunTime:0.006600s ]
INFO: [ view_parse ] --END-- [ RunTime:0.006630s ]
INFO: [ view_filter ] --START--
INFO: Run Behavior\WriteHtmlCacheBehavior [ RunTime:0.000365s ]
INFO: [ view_filter ] --END-- [ RunTime:0.000385s ]
INFO: [ app_end ] --START--
INFO: Run Behavior\ShowPageTraceBehavior [ RunTime:0.000684s ]
INFO: [ app_end ] --END-- [ RunTime:0.000710s ]

[ 2018-11-16T09:08:40+08:00 ] 127.0.0.1 /Home/Index/newlist.html
INFO: [ app_init ] --START--
INFO: Run Behavior\BuildLiteBehavior [ RunTime:0.000009s ]
INFO: [ app_init ] --END-- [ RunTime:0.000492s ]
INFO: [ app_begin ] --START--
INFO: Run Behavior\ReadHtmlCacheBehavior [ RunTime:0.000509s ]
INFO: [ app_begin ] --END-- [ RunTime:0.000535s ]
SQL: SHOW COLUMNS FROM `blog_new_list` [ RunTime:0.0009s ]
SQL: SELECT COUNT(*) AS tp_count FROM `blog_new_list` WHERE (  2>1  ) LIMIT 1   [ RunTime:0.0003s ]
SQL: SELECT blog_new_list.*,blog_menu.name FROM `blog_new_list` left join blog_menu on blog_new_list.category_id = blog_menu.id  WHERE ( 2>1 ) ORDER BY `istop` desc,`id` desc LIMIT 0,5   [ RunTime:0.0006s ]
SQL: SELECT `id`,`name` FROM `blog_menu` WHERE ( pid = 3 )  [ RunTime:0.0004s ]
SQL: SELECT blog_new_list.id,blog_new_list.title,blog_new_list.addtime,blog_menu.pid FROM `blog_new_list` left join blog_menu on blog_new_list.category_id = blog_menu.id  ORDER BY `addtime` desc LIMIT 5   [ RunTime:0.0004s ]
SQL: SELECT blog_new_list.id,blog_new_list.title,blog_new_list.addtime,blog_new_list.lookcount,blog_menu.pid FROM `blog_new_list` left join blog_menu on blog_new_list.category_id = blog_menu.id  ORDER BY `lookcount` desc LIMIT 5   [ RunTime:0.0004s ]
SQL: SHOW COLUMNS FROM `blog_info` [ RunTime:0.0007s ]
SQL: SELECT * FROM `blog_info` LIMIT 1   [ RunTime:0.0003s ]
INFO: [ view_parse ] --START--
INFO: [ template_filter ] --START--
INFO: Run Behavior\ContentReplaceBehavior [ RunTime:0.000048s ]
INFO: [ template_filter ] --END-- [ RunTime:0.000076s ]
INFO: Run Behavior\ParseTemplateBehavior [ RunTime:0.017980s ]
INFO: [ view_parse ] --END-- [ RunTime:0.018011s ]
INFO: [ view_filter ] --START--
INFO: Run Behavior\WriteHtmlCacheBehavior [ RunTime:0.000471s ]
INFO: [ view_filter ] --END-- [ RunTime:0.000492s ]
INFO: [ app_end ] --START--
INFO: Run Behavior\ShowPageTraceBehavior [ RunTime:0.000633s ]
INFO: [ app_end ] --END-- [ RunTime:0.000674s ]

[ 2018-11-16T09:08:47+08:00 ] 127.0.0.1 /Home/Index/newlist.html
INFO: [ app_init ] --START--
INFO: Run Behavior\BuildLiteBehavior [ RunTime:0.000010s ]
INFO: [ app_init ] --END-- [ RunTime:0.000595s ]
INFO: [ app_begin ] --START--
INFO: Run Behavior\ReadHtmlCacheBehavior [ RunTime:0.000892s ]
INFO: [ app_begin ] --END-- [ RunTime:0.000930s ]
SQL: SHOW COLUMNS FROM `blog_new_list` [ RunTime:0.0009s ]
SQL: SELECT COUNT(*) AS tp_count FROM `blog_new_list` WHERE (  2>1  ) LIMIT 1   [ RunTime:0.0003s ]
SQL: SELECT blog_new_list.*,blog_menu.name FROM `blog_new_list` left join blog_menu on blog_new_list.category_id = blog_menu.id  WHERE ( 2>1 ) ORDER BY `istop` desc,`id` desc LIMIT 0,5   [ RunTime:0.0007s ]
SQL: SELECT `id`,`name` FROM `blog_menu` WHERE ( pid = 3 )  [ RunTime:0.0004s ]
SQL: SELECT blog_new_list.id,blog_new_list.title,blog_new_list.addtime,blog_menu.pid FROM `blog_new_list` left join blog_menu on blog_new_list.category_id = blog_menu.id  ORDER BY `addtime` desc LIMIT 5   [ RunTime:0.0003s ]
SQL: SELECT blog_new_list.id,blog_new_list.title,blog_new_list.addtime,blog_new_list.lookcount,blog_menu.pid FROM `blog_new_list` left join blog_menu on blog_new_list.category_id = blog_menu.id  ORDER BY `lookcount` desc LIMIT 5   [ RunTime:0.0002s ]
SQL: SHOW COLUMNS FROM `blog_info` [ RunTime:0.0006s ]
SQL: SELECT * FROM `blog_info` LIMIT 1   [ RunTime:0.0003s ]
INFO: [ view_parse ] --START--
INFO: [ template_filter ] --START--
INFO: Run Behavior\ContentReplaceBehavior [ RunTime:0.000068s ]
INFO: [ template_filter ] --END-- [ RunTime:0.000116s ]
INFO: Run Behavior\ParseTemplateBehavior [ RunTime:0.014734s ]
INFO: [ view_parse ] --END-- [ RunTime:0.014779s ]
INFO: [ view_filter ] --START--
INFO: Run Behavior\WriteHtmlCacheBehavior [ RunTime:0.001383s ]
INFO: [ view_filter ] --END-- [ RunTime:0.001460s ]
INFO: [ app_end ] --START--
INFO: Run Behavior\ShowPageTraceBehavior [ RunTime:0.001226s ]
INFO: [ app_end ] --END-- [ RunTime:0.001285s ]

[ 2018-11-16T09:09:16+08:00 ] 127.0.0.1 /Home/Index/newlist.html
INFO: [ app_init ] --START--
INFO: Run Behavior\BuildLiteBehavior [ RunTime:0.000007s ]
INFO: [ app_init ] --END-- [ RunTime:0.000304s ]
INFO: [ app_begin ] --START--
INFO: Run Behavior\ReadHtmlCacheBehavior [ RunTime:0.000472s ]
INFO: [ app_begin ] --END-- [ RunTime:0.000497s ]
SQL: SHOW COLUMNS FROM `blog_new_list` [ RunTime:0.0010s ]
SQL: SELECT COUNT(*) AS tp_count FROM `blog_new_list` WHERE (  2>1  ) LIMIT 1   [ RunTime:0.0004s ]
SQL: SELECT blog_new_list.*,blog_menu.name FROM `blog_new_list` left join blog_menu on blog_new_list.category_id = blog_menu.id  WHERE ( 2>1 ) ORDER BY `istop` desc,`id` desc LIMIT 0,3   [ RunTime:0.0008s ]
SQL: SELECT `id`,`name` FROM `blog_menu` WHERE ( pid = 3 )  [ RunTime:0.0004s ]
SQL: SELECT blog_new_list.id,blog_new_list.title,blog_new_list.addtime,blog_menu.pid FROM `blog_new_list` left join blog_menu on blog_new_list.category_id = blog_menu.id  ORDER BY `addtime` desc LIMIT 5   [ RunTime:0.0004s ]
SQL: SELECT blog_new_list.id,blog_new_list.title,blog_new_list.addtime,blog_new_list.lookcount,blog_menu.pid FROM `blog_new_list` left join blog_menu on blog_new_list.category_id = blog_menu.id  ORDER BY `lookcount` desc LIMIT 5   [ RunTime:0.0003s ]
SQL: SHOW COLUMNS FROM `blog_info` [ RunTime:0.0006s ]
SQL: SELECT * FROM `blog_info` LIMIT 1   [ RunTime:0.0003s ]
INFO: [ view_parse ] --START--
INFO: [ template_filter ] --START--
INFO: Run Behavior\ContentReplaceBehavior [ RunTime:0.000048s ]
INFO: [ template_filter ] --END-- [ RunTime:0.000076s ]
INFO: Run Behavior\ParseTemplateBehavior [ RunTime:0.010682s ]
INFO: [ view_parse ] --END-- [ RunTime:0.010712s ]
INFO: [ view_filter ] --START--
INFO: Run Behavior\WriteHtmlCacheBehavior [ RunTime:0.000590s ]
INFO: [ view_filter ] --END-- [ RunTime:0.000618s ]
INFO: [ app_end ] --START--
INFO: Run Behavior\ShowPageTraceBehavior [ RunTime:0.000744s ]
INFO: [ app_end ] --END-- [ RunTime:0.000786s ]

[ 2018-11-16T09:09:21+08:00 ] 127.0.0.1 /Home/Index/newlist.html
INFO: [ app_init ] --START--
INFO: Run Behavior\BuildLiteBehavior [ RunTime:0.000007s ]
INFO: [ app_init ] --END-- [ RunTime:0.000482s ]
INFO: [ app_begin ] --START--
INFO: Run Behavior\ReadHtmlCacheBehavior [ RunTime:0.000629s ]
INFO: [ app_begin ] --END-- [ RunTime:0.000652s ]
SQL: SHOW COLUMNS FROM `blog_new_list` [ RunTime:0.0017s ]
SQL: SELECT COUNT(*) AS tp_count FROM `blog_new_list` WHERE (  2>1  ) LIMIT 1   [ RunTime:0.0004s ]
SQL: SELECT blog_new_list.*,blog_menu.name FROM `blog_new_list` left join blog_menu on blog_new_list.category_id = blog_menu.id  WHERE ( 2>1 ) ORDER BY `istop` desc,`id` desc LIMIT 0,3   [ RunTime:0.0006s ]
SQL: SELECT `id`,`name` FROM `blog_menu` WHERE ( pid = 3 )  [ RunTime:0.0003s ]
SQL: SELECT blog_new_list.id,blog_new_list.title,blog_new_list.addtime,blog_menu.pid FROM `blog_new_list` left join blog_menu on blog_new_list.category_id = blog_menu.id  ORDER BY `addtime` desc LIMIT 5   [ RunTime:0.0002s ]
SQL: SELECT blog_new_list.id,blog_new_list.title,blog_new_list.addtime,blog_new_list.lookcount,blog_menu.pid FROM `blog_new_list` left join blog_menu on blog_new_list.category_id = blog_menu.id  ORDER BY `lookcount` desc LIMIT 5   [ RunTime:0.0002s ]
SQL: SHOW COLUMNS FROM `blog_info` [ RunTime:0.0005s ]
SQL: SELECT * FROM `blog_info` LIMIT 1   [ RunTime:0.0002s ]
INFO: [ view_parse ] --START--
INFO: [ template_filter ] --START--
INFO: Run Behavior\ContentReplaceBehavior [ RunTime:0.000041s ]
INFO: [ template_filter ] --END-- [ RunTime:0.000064s ]
INFO: Run Behavior\ParseTemplateBehavior [ RunTime:0.009875s ]
INFO: [ view_parse ] --END-- [ RunTime:0.009913s ]
INFO: [ view_filter ] --START--
INFO: Run Behavior\WriteHtmlCacheBehavior [ RunTime:0.000916s ]
INFO: [ view_filter ] --END-- [ RunTime:0.000976s ]
INFO: [ app_end ] --START--
INFO: Run Behavior\ShowPageTraceBehavior [ RunTime:0.001099s ]
INFO: [ app_end ] --END-- [ RunTime:0.001133s ]

[ 2018-11-16T09:10:17+08:00 ] 127.0.0.1 /Home/Index/newlist/p/2.html
INFO: [ app_init ] --START--
INFO: Run Behavior\BuildLiteBehavior [ RunTime:0.000010s ]
INFO: [ app_init ] --END-- [ RunTime:0.000544s ]
INFO: [ app_begin ] --START--
INFO: Run Behavior\ReadHtmlCacheBehavior [ RunTime:0.000410s ]
INFO: [ app_begin ] --END-- [ RunTime:0.000436s ]
SQL: SHOW COLUMNS FROM `blog_new_list` [ RunTime:0.0009s ]
SQL: SELECT COUNT(*) AS tp_count FROM `blog_new_list` WHERE (  2>1  ) LIMIT 1   [ RunTime:0.0004s ]
SQL: SELECT blog_new_list.*,blog_menu.name FROM `blog_new_list` left join blog_menu on blog_new_list.category_id = blog_menu.id  WHERE ( 2>1 ) ORDER BY `istop` desc,`id` desc LIMIT 3,3   [ RunTime:0.0007s ]
SQL: SELECT `id`,`name` FROM `blog_menu` WHERE ( pid = 3 )  [ RunTime:0.0005s ]
SQL: SELECT blog_new_list.id,blog_new_list.title,blog_new_list.addtime,blog_menu.pid FROM `blog_new_list` left join blog_menu on blog_new_list.category_id = blog_menu.id  ORDER BY `addtime` desc LIMIT 5   [ RunTime:0.0005s ]
SQL: SELECT blog_new_list.id,blog_new_list.title,blog_new_list.addtime,blog_new_list.lookcount,blog_menu.pid FROM `blog_new_list` left join blog_menu on blog_new_list.category_id = blog_menu.id  ORDER BY `lookcount` desc LIMIT 5   [ RunTime:0.0007s ]
SQL: SHOW COLUMNS FROM `blog_info` [ RunTime:0.0009s ]
SQL: SELECT * FROM `blog_info` LIMIT 1   [ RunTime:0.0003s ]
INFO: [ view_parse ] --START--
INFO: [ template_filter ] --START--
INFO: Run Behavior\ContentReplaceBehavior [ RunTime:0.000046s ]
INFO: [ template_filter ] --END-- [ RunTime:0.000073s ]
INFO: Run Behavior\ParseTemplateBehavior [ RunTime:0.010084s ]
INFO: [ view_parse ] --END-- [ RunTime:0.010133s ]
INFO: [ view_filter ] --START--
INFO: Run Behavior\WriteHtmlCacheBehavior [ RunTime:0.000469s ]
INFO: [ view_filter ] --END-- [ RunTime:0.000517s ]
INFO: [ app_end ] --START--
INFO: Run Behavior\ShowPageTraceBehavior [ RunTime:0.000831s ]
INFO: [ app_end ] --END-- [ RunTime:0.000911s ]

[ 2018-11-16T09:10:22+08:00 ] 127.0.0.1 /Home/Index/moodlist.html
INFO: [ app_init ] --START--
INFO: Run Behavior\BuildLiteBehavior [ RunTime:0.000011s ]
INFO: [ app_init ] --END-- [ RunTime:0.000800s ]
INFO: [ app_begin ] --START--
INFO: Run Behavior\ReadHtmlCacheBehavior [ RunTime:0.000657s ]
INFO: [ app_begin ] --END-- [ RunTime:0.000698s ]
SQL: SHOW COLUMNS FROM `blog_moodlies` [ RunTime:0.0038s ]
SQL: SELECT COUNT(*) AS tp_count FROM `blog_moodlies` LIMIT 1   [ RunTime:0.0004s ]
SQL: SELECT * FROM `blog_moodlies` ORDER BY `istop` desc,`addtime` desc LIMIT 0,5   [ RunTime:0.0004s ]
SQL: SHOW COLUMNS FROM `blog_info` [ RunTime:0.0011s ]
SQL: SELECT * FROM `blog_info` LIMIT 1   [ RunTime:0.0003s ]
INFO: [ view_parse ] --START--
INFO: [ template_filter ] --START--
INFO: Run Behavior\ContentReplaceBehavior [ RunTime:0.000027s ]
INFO: [ template_filter ] --END-- [ RunTime:0.000048s ]
INFO: Run Behavior\ParseTemplateBehavior [ RunTime:0.005490s ]
INFO: [ view_parse ] --END-- [ RunTime:0.005516s ]
INFO: [ view_filter ] --START--
INFO: Run Behavior\WriteHtmlCacheBehavior [ RunTime:0.000261s ]
INFO: [ view_filter ] --END-- [ RunTime:0.000277s ]
INFO: [ app_end ] --START--
INFO: Run Behavior\ShowPageTraceBehavior [ RunTime:0.000504s ]
INFO: [ app_end ] --END-- [ RunTime:0.000522s ]

[ 2018-11-16T09:10:29+08:00 ] 127.0.0.1 /Home/Index/moodlist.html
INFO: [ app_init ] --START--
INFO: Run Behavior\BuildLiteBehavior [ RunTime:0.000007s ]
INFO: [ app_init ] --END-- [ RunTime:0.000305s ]
INFO: [ app_begin ] --START--
INFO: Run Behavior\ReadHtmlCacheBehavior [ RunTime:0.000437s ]
INFO: [ app_begin ] --END-- [ RunTime:0.000461s ]
SQL: SHOW COLUMNS FROM `blog_moodlies` [ RunTime:0.0009s ]
SQL: SELECT COUNT(*) AS tp_count FROM `blog_moodlies` LIMIT 1   [ RunTime:0.0003s ]
SQL: SELECT * FROM `blog_moodlies` ORDER BY `istop` desc,`addtime` desc LIMIT 0,5   [ RunTime:0.0005s ]
SQL: SHOW COLUMNS FROM `blog_info` [ RunTime:0.0005s ]
SQL: SELECT * FROM `blog_info` LIMIT 1   [ RunTime:0.0003s ]
INFO: [ view_parse ] --START--
INFO: [ template_filter ] --START--
INFO: Run Behavior\ContentReplaceBehavior [ RunTime:0.000038s ]
INFO: [ template_filter ] --END-- [ RunTime:0.000074s ]
INFO: Run Behavior\ParseTemplateBehavior [ RunTime:0.008512s ]
INFO: [ view_parse ] --END-- [ RunTime:0.008551s ]
INFO: [ view_filter ] --START--
INFO: Run Behavior\WriteHtmlCacheBehavior [ RunTime:0.000474s ]
INFO: [ view_filter ] --END-- [ RunTime:0.000504s ]
INFO: [ app_end ] --START--
INFO: Run Behavior\ShowPageTraceBehavior [ RunTime:0.000776s ]
INFO: [ app_end ] --END-- [ RunTime:0.000814s ]

[ 2018-11-16T09:13:18+08:00 ] 127.0.0.1 /Home/Index/knowledge.html
INFO: [ app_init ] --START--
INFO: Run Behavior\BuildLiteBehavior [ RunTime:0.000007s ]
INFO: [ app_init ] --END-- [ RunTime:0.000434s ]
INFO: [ app_begin ] --START--
INFO: Run Behavior\ReadHtmlCacheBehavior [ RunTime:0.001041s ]
INFO: [ app_begin ] --END-- [ RunTime:0.001080s ]
SQL: SHOW COLUMNS FROM `blog_knowledge` [ RunTime:0.0011s ]
SQL: SELECT COUNT(*) AS tp_count FROM `blog_knowledge` WHERE (  2>1  ) LIMIT 1   [ RunTime:0.0003s ]
SQL: SELECT blog_knowledge.*,blog_menu.name FROM `blog_knowledge` left join blog_menu on blog_knowledge.category_id = blog_menu.id  WHERE ( 2>1 ) ORDER BY `istop` desc,`id` desc LIMIT 0,3   [ RunTime:0.0007s ]
SQL: SELECT `id`,`name` FROM `blog_menu` WHERE ( pid = 5 )  [ RunTime:0.0002s ]
SQL: SELECT blog_knowledge.id,blog_knowledge.title,blog_knowledge.addtime,blog_menu.pid FROM `blog_knowledge` left join blog_menu on  blog_knowledge.category_id = blog_menu.id  ORDER BY `addtime` desc LIMIT 5   [ RunTime:0.0003s ]
SQL: SELECT blog_knowledge.id,blog_knowledge.title,blog_knowledge.addtime,blog_knowledge.lookcount,blog_menu.pid FROM `blog_knowledge` left join blog_menu on  blog_knowledge.category_id = blog_menu.id  ORDER BY `lookcount` desc LIMIT 5   [ RunTime:0.0003s ]
SQL: SHOW COLUMNS FROM `blog_info` [ RunTime:0.0006s ]
SQL: SELECT * FROM `blog_info` LIMIT 1   [ RunTime:0.0002s ]
INFO: [ view_parse ] --START--
INFO: [ template_filter ] --START--
INFO: Run Behavior\ContentReplaceBehavior [ RunTime:0.000047s ]
INFO: [ template_filter ] --END-- [ RunTime:0.000074s ]
INFO: Run Behavior\ParseTemplateBehavior [ RunTime:0.024038s ]
INFO: [ view_parse ] --END-- [ RunTime:0.024095s ]
INFO: [ view_filter ] --START--
INFO: Run Behavior\WriteHtmlCacheBehavior [ RunTime:0.000555s ]
INFO: [ view_filter ] --END-- [ RunTime:0.000584s ]
INFO: [ app_end ] --START--
INFO: Run Behavior\ShowPageTraceBehavior [ RunTime:0.001208s ]
INFO: [ app_end ] --END-- [ RunTime:0.001246s ]

[ 2018-11-16T09:18:29+08:00 ] 127.0.0.1 /Home/Index/resume.html
INFO: [ app_init ] --START--
INFO: Run Behavior\BuildLiteBehavior [ RunTime:0.000006s ]
INFO: [ app_init ] --END-- [ RunTime:0.000450s ]
INFO: [ app_begin ] --START--
INFO: Run Behavior\ReadHtmlCacheBehavior [ RunTime:0.000614s ]
INFO: [ app_begin ] --END-- [ RunTime:0.000637s ]
SQL: SHOW COLUMNS FROM `blog_resume` [ RunTime:0.0008s ]
SQL: SELECT * FROM `blog_resume` ORDER BY `sort` asc LIMIT 1   [ RunTime:0.0006s ]
SQL: SHOW COLUMNS FROM `blog_resume_skill` [ RunTime:0.0008s ]
SQL: SELECT * FROM `blog_resume_skill` ORDER BY `sort`  [ RunTime:0.0005s ]
SQL: SHOW COLUMNS FROM `blog_resume_experience` [ RunTime:0.0007s ]
SQL: SELECT * FROM `blog_resume_experience`  [ RunTime:0.0006s ]
SQL: SHOW COLUMNS FROM `blog_info` [ RunTime:0.0007s ]
SQL: SELECT * FROM `blog_info` LIMIT 1   [ RunTime:0.0002s ]
INFO: [ view_parse ] --START--
INFO: [ template_filter ] --START--
INFO: Run Behavior\ContentReplaceBehavior [ RunTime:0.000065s ]
INFO: [ template_filter ] --END-- [ RunTime:0.000099s ]
INFO: Run Behavior\ParseTemplateBehavior [ RunTime:0.014798s ]
INFO: [ view_parse ] --END-- [ RunTime:0.014843s ]
INFO: [ view_filter ] --START--
INFO: Run Behavior\WriteHtmlCacheBehavior [ RunTime:0.000802s ]
INFO: [ view_filter ] --END-- [ RunTime:0.000857s ]
INFO: [ app_end ] --START--
INFO: Run Behavior\ShowPageTraceBehavior [ RunTime:0.000997s ]
INFO: [ app_end ] --END-- [ RunTime:0.001041s ]

[ 2018-11-16T09:22:42+08:00 ] 127.0.0.1 /Home/Index/book.html
INFO: [ app_init ] --START--
INFO: Run Behavior\BuildLiteBehavior [ RunTime:0.000007s ]
INFO: [ app_init ] --END-- [ RunTime:0.000326s ]
INFO: [ app_begin ] --START--
INFO: Run Behavior\ReadHtmlCacheBehavior [ RunTime:0.000424s ]
INFO: [ app_begin ] --END-- [ RunTime:0.000448s ]
SQL: SHOW COLUMNS FROM `blog_info` [ RunTime:0.0009s ]
SQL: SELECT * FROM `blog_info` LIMIT 1   [ RunTime:0.0003s ]
INFO: [ view_parse ] --START--
INFO: [ template_filter ] --START--
INFO: Run Behavior\ContentReplaceBehavior [ RunTime:0.000139s ]
INFO: [ template_filter ] --END-- [ RunTime:0.000225s ]
INFO: Run Behavior\ParseTemplateBehavior [ RunTime:0.008657s ]
INFO: [ view_parse ] --END-- [ RunTime:0.008723s ]
INFO: [ view_filter ] --START--
INFO: Run Behavior\WriteHtmlCacheBehavior [ RunTime:0.000667s ]
INFO: [ view_filter ] --END-- [ RunTime:0.000705s ]
INFO: [ app_end ] --START--
INFO: Run Behavior\ShowPageTraceBehavior [ RunTime:0.000724s ]
INFO: [ app_end ] --END-- [ RunTime:0.000765s ]

[ 2018-11-16T13:41:12+08:00 ] 127.0.0.1 /Home/Index/about.html
INFO: [ app_init ] --START--
INFO: Run Behavior\BuildLiteBehavior [ RunTime:0.000010s ]
INFO: [ app_init ] --END-- [ RunTime:0.000492s ]
INFO: [ app_begin ] --START--
INFO: Run Behavior\ReadHtmlCacheBehavior [ RunTime:0.001200s ]
INFO: [ app_begin ] --END-- [ RunTime:0.001248s ]
SQL: SHOW COLUMNS FROM `blog_about` [ RunTime:0.0013s ]
SQL: SELECT * FROM `blog_about` LIMIT 1   [ RunTime:0.0004s ]
SQL: SHOW COLUMNS FROM `blog_info` [ RunTime:0.0006s ]
SQL: SELECT * FROM `blog_info` LIMIT 1   [ RunTime:0.0003s ]
INFO: [ view_parse ] --START--
INFO: [ template_filter ] --START--
INFO: Run Behavior\ContentReplaceBehavior [ RunTime:0.000072s ]
INFO: [ template_filter ] --END-- [ RunTime:0.000129s ]
INFO: Run Behavior\ParseTemplateBehavior [ RunTime:0.016541s ]
INFO: [ view_parse ] --END-- [ RunTime:0.016591s ]
INFO: [ view_filter ] --START--
INFO: Run Behavior\WriteHtmlCacheBehavior [ RunTime:0.000644s ]
INFO: [ view_filter ] --END-- [ RunTime:0.000679s ]
INFO: [ app_end ] --START--
INFO: Run Behavior\ShowPageTraceBehavior [ RunTime:0.000796s ]
INFO: [ app_end ] --END-- [ RunTime:0.000852s ]

[ 2018-11-16T13:41:14+08:00 ] 127.0.0.1 /Home/Index/newlist.html
INFO: [ app_init ] --START--
INFO: Run Behavior\BuildLiteBehavior [ RunTime:0.000007s ]
INFO: [ app_init ] --END-- [ RunTime:0.000353s ]
INFO: [ app_begin ] --START--
INFO: Run Behavior\ReadHtmlCacheBehavior [ RunTime:0.000557s ]
INFO: [ app_begin ] --END-- [ RunTime:0.000589s ]
SQL: SHOW COLUMNS FROM `blog_new_list` [ RunTime:0.0014s ]
SQL: SELECT COUNT(*) AS tp_count FROM `blog_new_list` WHERE (  2>1  ) LIMIT 1   [ RunTime:0.0004s ]
SQL: SELECT blog_new_list.*,blog_menu.name FROM `blog_new_list` left join blog_menu on blog_new_list.category_id = blog_menu.id  WHERE ( 2>1 ) ORDER BY `istop` desc,`id` desc LIMIT 0,3   [ RunTime:0.0012s ]
SQL: SELECT `id`,`name` FROM `blog_menu` WHERE ( pid = 3 )  [ RunTime:0.0005s ]
SQL: SELECT blog_new_list.id,blog_new_list.title,blog_new_list.addtime,blog_menu.pid FROM `blog_new_list` left join blog_menu on blog_new_list.category_id = blog_menu.id  ORDER BY `addtime` desc LIMIT 5   [ RunTime:0.0005s ]
SQL: SELECT blog_new_list.id,blog_new_list.title,blog_new_list.addtime,blog_new_list.lookcount,blog_menu.pid FROM `blog_new_list` left join blog_menu on blog_new_list.category_id = blog_menu.id  ORDER BY `lookcount` desc LIMIT 5   [ RunTime:0.0003s ]
SQL: SHOW COLUMNS FROM `blog_info` [ RunTime:0.0009s ]
SQL: SELECT * FROM `blog_info` LIMIT 1   [ RunTime:0.0003s ]
INFO: [ view_parse ] --START--
INFO: [ template_filter ] --START--
INFO: Run Behavior\ContentReplaceBehavior [ RunTime:0.000091s ]
INFO: [ template_filter ] --END-- [ RunTime:0.000159s ]
INFO: Run Behavior\ParseTemplateBehavior [ RunTime:0.011049s ]
INFO: [ view_parse ] --END-- [ RunTime:0.011093s ]
INFO: [ view_filter ] --START--
INFO: Run Behavior\WriteHtmlCacheBehavior [ RunTime:0.000430s ]
INFO: [ view_filter ] --END-- [ RunTime:0.000463s ]
INFO: [ app_end ] --START--
INFO: Run Behavior\ShowPageTraceBehavior [ RunTime:0.000727s ]
INFO: [ app_end ] --END-- [ RunTime:0.000771s ]

[ 2018-11-16T13:54:15+08:00 ] 127.0.0.1 /Home/Index/index.html
INFO: [ app_init ] --START--
INFO: Run Behavior\BuildLiteBehavior [ RunTime:0.000007s ]
INFO: [ app_init ] --END-- [ RunTime:0.000314s ]
INFO: [ app_begin ] --START--
INFO: Run Behavior\ReadHtmlCacheBehavior [ RunTime:0.000441s ]
INFO: [ app_begin ] --END-- [ RunTime:0.000465s ]
SQL: SHOW COLUMNS FROM `blog_new_list` [ RunTime:0.0008s ]
SQL: SHOW COLUMNS FROM `blog_knowledge` [ RunTime:0.0009s ]
SQL: SELECT blog_new_list.*,blog_menu.name as categoryname,blog_menu.pid FROM `blog_new_list` left join blog_menu on blog_new_list.category_id = blog_menu.id  WHERE ( istop = 1 )  [ RunTime:0.0006s ]
SQL: SELECT `name` FROM `blog_menu` WHERE `id` = '3' LIMIT 1   [ RunTime:0.0003s ]
SQL: SELECT blog_knowledge.*,blog_menu.name as categoryname,blog_menu.pid FROM `blog_knowledge` left join blog_menu on blog_knowledge.category_id = blog_menu.id  WHERE ( istop = 1 )  [ RunTime:0.0003s ]
SQL: SELECT `name` FROM `blog_menu` WHERE `id` = '5' LIMIT 1   [ RunTime:0.0002s ]
SQL: SELECT blog_new_list.id,blog_new_list.title,blog_new_list.addtime,blog_menu.pid FROM `blog_new_list` left join blog_menu on blog_new_list.category_id = blog_menu.id  ORDER BY `addtime` desc LIMIT 3   [ RunTime:0.0003s ]
SQL: SELECT blog_knowledge.id,blog_knowledge.title,blog_knowledge.addtime,blog_menu.pid FROM `blog_knowledge` left join blog_menu on  blog_knowledge.category_id = blog_menu.id  ORDER BY `addtime` desc LIMIT 3   [ RunTime:0.0004s ]
SQL: SELECT blog_new_list.id,blog_new_list.title,blog_new_list.addtime,blog_new_list.lookcount,blog_menu.pid FROM `blog_new_list` left join blog_menu on blog_new_list.category_id = blog_menu.id  ORDER BY `lookcount` desc LIMIT 3   [ RunTime:0.0003s ]
SQL: SELECT blog_knowledge.id,blog_knowledge.title,blog_knowledge.addtime,blog_knowledge.lookcount,blog_menu.pid FROM `blog_knowledge` left join blog_menu on  blog_knowledge.category_id = blog_menu.id  ORDER BY `lookcount` desc LIMIT 3   [ RunTime:0.0003s ]
SQL: SHOW COLUMNS FROM `blog_friendly` [ RunTime:0.0006s ]
SQL: SELECT * FROM `blog_friendly` LIMIT 5   [ RunTime:0.0003s ]
SQL: SHOW COLUMNS FROM `blog_info` [ RunTime:0.0006s ]
SQL: SELECT * FROM `blog_info` LIMIT 1   [ RunTime:0.0003s ]
INFO: [ view_parse ] --START--
INFO: [ template_filter ] --START--
INFO: Run Behavior\ContentReplaceBehavior [ RunTime:0.000075s ]
INFO: [ template_filter ] --END-- [ RunTime:0.000106s ]
INFO: Run Behavior\ParseTemplateBehavior [ RunTime:0.010024s ]
INFO: [ view_parse ] --END-- [ RunTime:0.010318s ]
INFO: [ view_filter ] --START--
INFO: Run Behavior\WriteHtmlCacheBehavior [ RunTime:0.000320s ]
INFO: [ view_filter ] --END-- [ RunTime:0.000342s ]
INFO: [ app_end ] --START--
INFO: Run Behavior\ShowPageTraceBehavior [ RunTime:0.000715s ]
INFO: [ app_end ] --END-- [ RunTime:0.000753s ]

[ 2018-11-16T13:54:42+08:00 ] 127.0.0.1 /Home/Index/index.html
INFO: [ app_init ] --START--
INFO: Run Behavior\BuildLiteBehavior [ RunTime:0.000010s ]
INFO: [ app_init ] --END-- [ RunTime:0.000532s ]
INFO: [ app_begin ] --START--
INFO: Run Behavior\ReadHtmlCacheBehavior [ RunTime:0.001101s ]
INFO: [ app_begin ] --END-- [ RunTime:0.001175s ]
SQL: SHOW COLUMNS FROM `blog_new_list` [ RunTime:0.0008s ]
SQL: SHOW COLUMNS FROM `blog_knowledge` [ RunTime:0.0012s ]
SQL: SELECT blog_new_list.*,blog_menu.name as categoryname,blog_menu.pid FROM `blog_new_list` left join blog_menu on blog_new_list.category_id = blog_menu.id  WHERE ( istop = 1 )  [ RunTime:0.0008s ]
SQL: SELECT `name` FROM `blog_menu` WHERE `id` = '3' LIMIT 1   [ RunTime:0.0003s ]
SQL: SELECT blog_knowledge.*,blog_menu.name as categoryname,blog_menu.pid FROM `blog_knowledge` left join blog_menu on blog_knowledge.category_id = blog_menu.id  WHERE ( istop = 1 )  [ RunTime:0.0003s ]
SQL: SELECT `name` FROM `blog_menu` WHERE `id` = '5' LIMIT 1   [ RunTime:0.0002s ]
SQL: SELECT blog_new_list.id,blog_new_list.title,blog_new_list.addtime,blog_menu.pid FROM `blog_new_list` left join blog_menu on blog_new_list.category_id = blog_menu.id  ORDER BY `addtime` desc LIMIT 3   [ RunTime:0.0003s ]
SQL: SELECT blog_knowledge.id,blog_knowledge.title,blog_knowledge.addtime,blog_menu.pid FROM `blog_knowledge` left join blog_menu on  blog_knowledge.category_id = blog_menu.id  ORDER BY `addtime` desc LIMIT 3   [ RunTime:0.0004s ]
SQL: SELECT blog_new_list.id,blog_new_list.title,blog_new_list.addtime,blog_new_list.lookcount,blog_menu.pid FROM `blog_new_list` left join blog_menu on blog_new_list.category_id = blog_menu.id  ORDER BY `lookcount` desc LIMIT 3   [ RunTime:0.0004s ]
SQL: SELECT blog_knowledge.id,blog_knowledge.title,blog_knowledge.addtime,blog_knowledge.lookcount,blog_menu.pid FROM `blog_knowledge` left join blog_menu on  blog_knowledge.category_id = blog_menu.id  ORDER BY `lookcount` desc LIMIT 3   [ RunTime:0.0003s ]
SQL: SHOW COLUMNS FROM `blog_friendly` [ RunTime:0.0007s ]
SQL: SELECT * FROM `blog_friendly` LIMIT 5   [ RunTime:0.0002s ]
SQL: SHOW COLUMNS FROM `blog_info` [ RunTime:0.0009s ]
SQL: SELECT * FROM `blog_info` LIMIT 1   [ RunTime:0.0003s ]
INFO: [ view_parse ] --START--
INFO: [ template_filter ] --START--
INFO: Run Behavior\ContentReplaceBehavior [ RunTime:0.000061s ]
INFO: [ template_filter ] --END-- [ RunTime:0.000089s ]
INFO: Run Behavior\ParseTemplateBehavior [ RunTime:0.010814s ]
INFO: [ view_parse ] --END-- [ RunTime:0.010847s ]
INFO: [ view_filter ] --START--
INFO: Run Behavior\WriteHtmlCacheBehavior [ RunTime:0.000451s ]
INFO: [ view_filter ] --END-- [ RunTime:0.000486s ]
INFO: [ app_end ] --START--
INFO: Run Behavior\ShowPageTraceBehavior [ RunTime:0.000637s ]
INFO: [ app_end ] --END-- [ RunTime:0.000677s ]

[ 2018-11-16T13:54:46+08:00 ] 127.0.0.1 /Home/Index/index?search_val=
INFO: [ app_init ] --START--
INFO: Run Behavior\BuildLiteBehavior [ RunTime:0.000006s ]
INFO: [ app_init ] --END-- [ RunTime:0.000306s ]
INFO: [ app_begin ] --START--
INFO: Run Behavior\ReadHtmlCacheBehavior [ RunTime:0.000707s ]
INFO: [ app_begin ] --END-- [ RunTime:0.000739s ]
SQL: SHOW COLUMNS FROM `blog_new_list` [ RunTime:0.0008s ]
SQL: SHOW COLUMNS FROM `blog_knowledge` [ RunTime:0.0008s ]
SQL: SELECT blog_new_list.*,blog_menu.name as categoryname,blog_menu.pid FROM `blog_new_list` left join blog_menu on blog_new_list.category_id = blog_menu.id  WHERE ( istop = 1 )  [ RunTime:0.0006s ]
SQL: SELECT `name` FROM `blog_menu` WHERE `id` = '3' LIMIT 1   [ RunTime:0.0003s ]
SQL: SELECT blog_knowledge.*,blog_menu.name as categoryname,blog_menu.pid FROM `blog_knowledge` left join blog_menu on blog_knowledge.category_id = blog_menu.id  WHERE ( istop = 1 )  [ RunTime:0.0004s ]
SQL: SELECT `name` FROM `blog_menu` WHERE `id` = '5' LIMIT 1   [ RunTime:0.0002s ]
SQL: SELECT blog_new_list.id,blog_new_list.title,blog_new_list.addtime,blog_menu.pid FROM `blog_new_list` left join blog_menu on blog_new_list.category_id = blog_menu.id  ORDER BY `addtime` desc LIMIT 3   [ RunTime:0.0003s ]
SQL: SELECT blog_knowledge.id,blog_knowledge.title,blog_knowledge.addtime,blog_menu.pid FROM `blog_knowledge` left join blog_menu on  blog_knowledge.category_id = blog_menu.id  ORDER BY `addtime` desc LIMIT 3   [ RunTime:0.0004s ]
SQL: SELECT blog_new_list.id,blog_new_list.title,blog_new_list.addtime,blog_new_list.lookcount,blog_menu.pid FROM `blog_new_list` left join blog_menu on blog_new_list.category_id = blog_menu.id  ORDER BY `lookcount` desc LIMIT 3   [ RunTime:0.0004s ]
SQL: SELECT blog_knowledge.id,blog_knowledge.title,blog_knowledge.addtime,blog_knowledge.lookcount,blog_menu.pid FROM `blog_knowledge` left join blog_menu on  blog_knowledge.category_id = blog_menu.id  ORDER BY `lookcount` desc LIMIT 3   [ RunTime:0.0005s ]
SQL: SHOW COLUMNS FROM `blog_friendly` [ RunTime:0.0007s ]
SQL: SELECT * FROM `blog_friendly` LIMIT 5   [ RunTime:0.0004s ]
SQL: SHOW COLUMNS FROM `blog_info` [ RunTime:0.0008s ]
SQL: SELECT * FROM `blog_info` LIMIT 1   [ RunTime:0.0003s ]
SQL: SELECT blog_new_list.*,blog_menu.name as categoryname FROM `blog_new_list` left join blog_menu on blog_new_list.category_id = blog_menu.id  WHERE ( title like '%%' )  [ RunTime:0.0004s ]
SQL: SELECT blog_knowledge.*,blog_menu.name as categoryname FROM `blog_knowledge` left join blog_menu on blog_knowledge.category_id = blog_menu.id  WHERE ( title like '%%' )  [ RunTime:0.0004s ]

[ 2018-11-16T14:00:03+08:00 ] 127.0.0.1 /Home/Index/index.html
INFO: [ app_init ] --START--
INFO: Run Behavior\BuildLiteBehavior [ RunTime:0.000010s ]
INFO: [ app_init ] --END-- [ RunTime:0.000566s ]
INFO: [ app_begin ] --START--
INFO: Run Behavior\ReadHtmlCacheBehavior [ RunTime:0.000526s ]
INFO: [ app_begin ] --END-- [ RunTime:0.000560s ]
SQL: SHOW COLUMNS FROM `blog_new_list` [ RunTime:0.0009s ]
SQL: SHOW COLUMNS FROM `blog_knowledge` [ RunTime:0.0009s ]
SQL: SELECT blog_new_list.*,blog_menu.name as categoryname,blog_menu.pid FROM `blog_new_list` left join blog_menu on blog_new_list.category_id = blog_menu.id  WHERE ( istop = 1 )  [ RunTime:0.0006s ]
SQL: SELECT `name` FROM `blog_menu` WHERE `id` = '3' LIMIT 1   [ RunTime:0.0003s ]
SQL: SELECT blog_knowledge.*,blog_menu.name as categoryname,blog_menu.pid FROM `blog_knowledge` left join blog_menu on blog_knowledge.category_id = blog_menu.id  WHERE ( istop = 1 )  [ RunTime:0.0004s ]
SQL: SELECT `name` FROM `blog_menu` WHERE `id` = '5' LIMIT 1   [ RunTime:0.0002s ]
SQL: SELECT blog_new_list.id,blog_new_list.title,blog_new_list.addtime,blog_menu.pid FROM `blog_new_list` left join blog_menu on blog_new_list.category_id = blog_menu.id  ORDER BY `addtime` desc LIMIT 3   [ RunTime:0.0003s ]
SQL: SELECT blog_knowledge.id,blog_knowledge.title,blog_knowledge.addtime,blog_menu.pid FROM `blog_knowledge` left join blog_menu on  blog_knowledge.category_id = blog_menu.id  ORDER BY `addtime` desc LIMIT 3   [ RunTime:0.0003s ]
SQL: SELECT blog_new_list.id,blog_new_list.title,blog_new_list.addtime,blog_new_list.lookcount,blog_menu.pid FROM `blog_new_list` left join blog_menu on blog_new_list.category_id = blog_menu.id  ORDER BY `lookcount` desc LIMIT 3   [ RunTime:0.0002s ]
SQL: SELECT blog_knowledge.id,blog_knowledge.title,blog_knowledge.addtime,blog_knowledge.lookcount,blog_menu.pid FROM `blog_knowledge` left join blog_menu on  blog_knowledge.category_id = blog_menu.id  ORDER BY `lookcount` desc LIMIT 3   [ RunTime:0.0003s ]
SQL: SHOW COLUMNS FROM `blog_friendly` [ RunTime:0.0005s ]
SQL: SELECT * FROM `blog_friendly` LIMIT 5   [ RunTime:0.0002s ]
SQL: SHOW COLUMNS FROM `blog_info` [ RunTime:0.0005s ]
SQL: SELECT * FROM `blog_info` LIMIT 1   [ RunTime:0.0002s ]
INFO: [ view_parse ] --START--
INFO: [ template_filter ] --START--
INFO: Run Behavior\ContentReplaceBehavior [ RunTime:0.000094s ]
INFO: [ template_filter ] --END-- [ RunTime:0.000152s ]
INFO: Run Behavior\ParseTemplateBehavior [ RunTime:0.018200s ]
INFO: [ view_parse ] --END-- [ RunTime:0.018241s ]
INFO: [ view_filter ] --START--
INFO: Run Behavior\WriteHtmlCacheBehavior [ RunTime:0.000518s ]
INFO: [ view_filter ] --END-- [ RunTime:0.000558s ]
INFO: [ app_end ] --START--
INFO: Run Behavior\ShowPageTraceBehavior [ RunTime:0.000731s ]
INFO: [ app_end ] --END-- [ RunTime:0.000759s ]

