[ 2018-11-13T17:32:25+08:00 ] 127.0.0.1 /home/index/about.html
INFO: [ app_init ] --START--
INFO: Run Behavior\BuildLiteBehavior [ RunTime:0.000010s ]
INFO: [ app_init ] --END-- [ RunTime:0.000522s ]
INFO: [ app_begin ] --START--
INFO: Run Behavior\ReadHtmlCacheBehavior [ RunTime:0.000696s ]
INFO: [ app_begin ] --END-- [ RunTime:0.000741s ]
SQL: SHOW COLUMNS FROM `blog_about` [ RunTime:0.0009s ]
SQL: SELECT * FROM `blog_about` LIMIT 1   [ RunTime:0.0004s ]
SQL: SHOW COLUMNS FROM `blog_user` [ RunTime:0.0009s ]
SQL: SELECT `truename`,`birthday`,`adress`,`hobbies`,`nativeplace`,`profession`,`nickname` FROM `blog_user` LIMIT 1   [ RunTime:0.0003s ]
SQL: SHOW COLUMNS FROM `blog_info` [ RunTime:0.0011s ]
SQL: SELECT * FROM `blog_info` LIMIT 1   [ RunTime:0.0003s ]
INFO: [ view_parse ] --START--
INFO: [ template_filter ] --START--
INFO: Run Behavior\ContentReplaceBehavior [ RunTime:0.000028s ]
INFO: [ template_filter ] --END-- [ RunTime:0.000053s ]
INFO: Run Behavior\ParseTemplateBehavior [ RunTime:0.026107s ]
INFO: [ view_parse ] --END-- [ RunTime:0.026149s ]
INFO: [ view_filter ] --START--
INFO: Run Behavior\WriteHtmlCacheBehavior [ RunTime:0.000615s ]
INFO: [ view_filter ] --END-- [ RunTime:0.000638s ]
INFO: [ app_end ] --START--
INFO: Run Behavior\ShowPageTraceBehavior [ RunTime:0.000477s ]
INFO: [ app_end ] --END-- [ RunTime:0.000498s ]

[ 2018-11-13T17:32:26+08:00 ] 127.0.0.1 /Home/Index/newlist.html
INFO: [ app_init ] --START--
INFO: Run Behavior\BuildLiteBehavior [ RunTime:0.000013s ]
INFO: [ app_init ] --END-- [ RunTime:0.000757s ]
INFO: [ app_begin ] --START--
INFO: Run Behavior\ReadHtmlCacheBehavior [ RunTime:0.000961s ]
INFO: [ app_begin ] --END-- [ RunTime:0.001033s ]
SQL: SHOW COLUMNS FROM `blog_new_list` [ RunTime:0.0012s ]
SQL: SELECT COUNT(*) AS tp_count FROM `blog_new_list` WHERE (  2>1  ) LIMIT 1   [ RunTime:0.0003s ]
SQL: SELECT blog_new_list.*,blog_menu.name FROM `blog_new_list` left join blog_menu on blog_new_list.category_id = blog_menu.id  WHERE ( 2>1 ) ORDER BY `istop` desc,`id` desc LIMIT 0,5   [ RunTime:0.0010s ]
SQL: SELECT `id`,`name` FROM `blog_menu` WHERE ( pid = 3 )  [ RunTime:0.0005s ]
SQL: SELECT blog_new_list.id,blog_new_list.title,blog_new_list.addtime,blog_menu.pid FROM `blog_new_list` left join blog_menu on blog_new_list.category_id = blog_menu.id  ORDER BY `addtime` desc LIMIT 5   [ RunTime:0.0004s ]
SQL: SELECT blog_new_list.id,blog_new_list.title,blog_new_list.addtime,blog_new_list.lookcount,blog_menu.pid FROM `blog_new_list` left join blog_menu on blog_new_list.category_id = blog_menu.id  ORDER BY `lookcount` desc LIMIT 5   [ RunTime:0.0005s ]
SQL: SHOW COLUMNS FROM `blog_info` [ RunTime:0.0007s ]
SQL: SELECT * FROM `blog_info` LIMIT 1   [ RunTime:0.0003s ]
INFO: [ view_parse ] --START--
INFO: [ template_filter ] --START--
INFO: Run Behavior\ContentReplaceBehavior [ RunTime:0.000091s ]
INFO: [ template_filter ] --END-- [ RunTime:0.000153s ]
INFO: Run Behavior\ParseTemplateBehavior [ RunTime:0.048469s ]
INFO: [ view_parse ] --END-- [ RunTime:0.048500s ]
INFO: [ view_filter ] --START--
INFO: Run Behavior\WriteHtmlCacheBehavior [ RunTime:0.000430s ]
INFO: [ view_filter ] --END-- [ RunTime:0.000451s ]
INFO: [ app_end ] --START--
INFO: Run Behavior\ShowPageTraceBehavior [ RunTime:0.000934s ]
INFO: [ app_end ] --END-- [ RunTime:0.000964s ]

[ 2018-11-13T17:32:27+08:00 ] 127.0.0.1 /Home/Index/moodlist.html
INFO: [ app_init ] --START--
INFO: Run Behavior\BuildLiteBehavior [ RunTime:0.000011s ]
INFO: [ app_init ] --END-- [ RunTime:0.000772s ]
INFO: [ app_begin ] --START--
INFO: Run Behavior\ReadHtmlCacheBehavior [ RunTime:0.001360s ]
INFO: [ app_begin ] --END-- [ RunTime:0.001407s ]
SQL: SHOW COLUMNS FROM `blog_moodlies` [ RunTime:0.0008s ]
SQL: SELECT COUNT(*) AS tp_count FROM `blog_moodlies` LIMIT 1   [ RunTime:0.0004s ]
SQL: SELECT * FROM `blog_moodlies` ORDER BY `istop` desc,`addtime` desc LIMIT 0,5   [ RunTime:0.0005s ]
SQL: SHOW COLUMNS FROM `blog_info` [ RunTime:0.0008s ]
SQL: SELECT * FROM `blog_info` LIMIT 1   [ RunTime:0.0004s ]
INFO: [ view_parse ] --START--
INFO: [ template_filter ] --START--
INFO: Run Behavior\ContentReplaceBehavior [ RunTime:0.000028s ]
INFO: [ template_filter ] --END-- [ RunTime:0.000053s ]
INFO: Run Behavior\ParseTemplateBehavior [ RunTime:0.014832s ]
INFO: [ view_parse ] --END-- [ RunTime:0.014867s ]
INFO: [ view_filter ] --START--
INFO: Run Behavior\WriteHtmlCacheBehavior [ RunTime:0.000536s ]
INFO: [ view_filter ] --END-- [ RunTime:0.000561s ]
INFO: [ app_end ] --START--
INFO: Run Behavior\ShowPageTraceBehavior [ RunTime:0.001665s ]
INFO: [ app_end ] --END-- [ RunTime:0.001762s ]

[ 2018-11-13T17:32:28+08:00 ] 127.0.0.1 /Home/Index/knowledge.html
INFO: [ app_init ] --START--
INFO: Run Behavior\BuildLiteBehavior [ RunTime:0.000009s ]
INFO: [ app_init ] --END-- [ RunTime:0.000492s ]
INFO: [ app_begin ] --START--
INFO: Run Behavior\ReadHtmlCacheBehavior [ RunTime:0.000953s ]
INFO: [ app_begin ] --END-- [ RunTime:0.001013s ]
SQL: SHOW COLUMNS FROM `blog_knowledge` [ RunTime:0.0009s ]
SQL: SELECT COUNT(*) AS tp_count FROM `blog_knowledge` WHERE (  2>1  ) LIMIT 1   [ RunTime:0.0003s ]
SQL: SELECT blog_knowledge.*,blog_menu.name FROM `blog_knowledge` left join blog_menu on blog_knowledge.category_id = blog_menu.id  WHERE ( 2>1 ) ORDER BY `istop` desc,`id` desc LIMIT 0,3   [ RunTime:0.0009s ]
SQL: SELECT `id`,`name` FROM `blog_menu` WHERE ( pid = 5 )  [ RunTime:0.0003s ]
SQL: SELECT blog_knowledge.id,blog_knowledge.title,blog_knowledge.addtime,blog_menu.pid FROM `blog_knowledge` left join blog_menu on  blog_knowledge.category_id = blog_menu.id  ORDER BY `addtime` desc LIMIT 5   [ RunTime:0.0002s ]
SQL: SELECT blog_knowledge.id,blog_knowledge.title,blog_knowledge.addtime,blog_knowledge.lookcount,blog_menu.pid FROM `blog_knowledge` left join blog_menu on  blog_knowledge.category_id = blog_menu.id  ORDER BY `lookcount` desc LIMIT 5   [ RunTime:0.0002s ]
SQL: SHOW COLUMNS FROM `blog_info` [ RunTime:0.0005s ]
SQL: SELECT * FROM `blog_info` LIMIT 1   [ RunTime:0.0002s ]
INFO: [ view_parse ] --START--
INFO: [ template_filter ] --START--
INFO: Run Behavior\ContentReplaceBehavior [ RunTime:0.000056s ]
INFO: [ template_filter ] --END-- [ RunTime:0.000092s ]
INFO: Run Behavior\ParseTemplateBehavior [ RunTime:0.011169s ]
INFO: [ view_parse ] --END-- [ RunTime:0.011203s ]
INFO: [ view_filter ] --START--
INFO: Run Behavior\WriteHtmlCacheBehavior [ RunTime:0.000819s ]
INFO: [ view_filter ] --END-- [ RunTime:0.000858s ]
INFO: [ app_end ] --START--
INFO: Run Behavior\ShowPageTraceBehavior [ RunTime:0.001097s ]
INFO: [ app_end ] --END-- [ RunTime:0.001141s ]

[ 2018-11-13T17:32:29+08:00 ] 127.0.0.1 /Home/Index/index.html
INFO: [ app_init ] --START--
INFO: Run Behavior\BuildLiteBehavior [ RunTime:0.000007s ]
INFO: [ app_init ] --END-- [ RunTime:0.000450s ]
INFO: [ app_begin ] --START--
INFO: Run Behavior\ReadHtmlCacheBehavior [ RunTime:0.001276s ]
INFO: [ app_begin ] --END-- [ RunTime:0.001319s ]
SQL: SHOW COLUMNS FROM `blog_new_list` [ RunTime:0.0010s ]
SQL: SHOW COLUMNS FROM `blog_knowledge` [ RunTime:0.0010s ]
SQL: SELECT blog_new_list.*,blog_menu.name as categoryname,blog_menu.pid FROM `blog_new_list` left join blog_menu on blog_new_list.category_id = blog_menu.id  WHERE ( istop = 1 )  [ RunTime:0.0006s ]
SQL: SELECT `name` FROM `blog_menu` WHERE `id` = '3' LIMIT 1   [ RunTime:0.0003s ]
SQL: SELECT blog_knowledge.*,blog_menu.name as categoryname,blog_menu.pid FROM `blog_knowledge` left join blog_menu on blog_knowledge.category_id = blog_menu.id  WHERE ( istop = 1 )  [ RunTime:0.0004s ]
SQL: SELECT `name` FROM `blog_menu` WHERE `id` = '5' LIMIT 1   [ RunTime:0.0003s ]
SQL: SELECT blog_new_list.id,blog_new_list.title,blog_new_list.addtime,blog_menu.pid FROM `blog_new_list` left join blog_menu on blog_new_list.category_id = blog_menu.id  ORDER BY `addtime` desc LIMIT 3   [ RunTime:0.0003s ]
SQL: SELECT blog_knowledge.id,blog_knowledge.title,blog_knowledge.addtime,blog_menu.pid FROM `blog_knowledge` left join blog_menu on  blog_knowledge.category_id = blog_menu.id  ORDER BY `addtime` desc LIMIT 3   [ RunTime:0.0004s ]
SQL: SELECT blog_new_list.id,blog_new_list.title,blog_new_list.addtime,blog_new_list.lookcount,blog_menu.pid FROM `blog_new_list` left join blog_menu on blog_new_list.category_id = blog_menu.id  ORDER BY `lookcount` desc LIMIT 3   [ RunTime:0.0004s ]
SQL: SELECT blog_knowledge.id,blog_knowledge.title,blog_knowledge.addtime,blog_knowledge.lookcount,blog_menu.pid FROM `blog_knowledge` left join blog_menu on  blog_knowledge.category_id = blog_menu.id  ORDER BY `lookcount` desc LIMIT 3   [ RunTime:0.0004s ]
SQL: SHOW COLUMNS FROM `blog_friendly` [ RunTime:0.0007s ]
SQL: SELECT * FROM `blog_friendly` LIMIT 5   [ RunTime:0.0002s ]
SQL: SHOW COLUMNS FROM `blog_info` [ RunTime:0.0006s ]
SQL: SELECT * FROM `blog_info` LIMIT 1   [ RunTime:0.0002s ]
INFO: [ view_parse ] --START--
INFO: [ template_filter ] --START--
INFO: Run Behavior\ContentReplaceBehavior [ RunTime:0.000050s ]
INFO: [ template_filter ] --END-- [ RunTime:0.000073s ]
INFO: Run Behavior\ParseTemplateBehavior [ RunTime:0.008796s ]
INFO: [ view_parse ] --END-- [ RunTime:0.008837s ]
INFO: [ view_filter ] --START--
INFO: Run Behavior\WriteHtmlCacheBehavior [ RunTime:0.000683s ]
INFO: [ view_filter ] --END-- [ RunTime:0.000710s ]
INFO: [ app_end ] --START--
INFO: Run Behavior\ShowPageTraceBehavior [ RunTime:0.001015s ]
INFO: [ app_end ] --END-- [ RunTime:0.001049s ]

[ 2018-11-13T23:44:50+08:00 ] 127.0.0.1 /index.php/
INFO: [ app_init ] --START--
INFO: Run Behavior\BuildLiteBehavior [ RunTime:0.000011s ]
INFO: [ app_init ] --END-- [ RunTime:0.000569s ]
INFO: [ app_begin ] --START--
INFO: Run Behavior\ReadHtmlCacheBehavior [ RunTime:0.000474s ]
INFO: [ app_begin ] --END-- [ RunTime:0.000504s ]
SQL: SHOW COLUMNS FROM `blog_new_list` [ RunTime:0.0014s ]
SQL: SHOW COLUMNS FROM `blog_knowledge` [ RunTime:0.0012s ]
SQL: SELECT blog_new_list.*,blog_menu.name as categoryname,blog_menu.pid FROM `blog_new_list` left join blog_menu on blog_new_list.category_id = blog_menu.id  WHERE ( istop = 1 )  [ RunTime:0.0008s ]
SQL: SELECT `name` FROM `blog_menu` WHERE `id` = '3' LIMIT 1   [ RunTime:0.0004s ]
SQL: SELECT blog_knowledge.*,blog_menu.name as categoryname,blog_menu.pid FROM `blog_knowledge` left join blog_menu on blog_knowledge.category_id = blog_menu.id  WHERE ( istop = 1 )  [ RunTime:0.0005s ]
SQL: SELECT `name` FROM `blog_menu` WHERE `id` = '5' LIMIT 1   [ RunTime:0.0003s ]
SQL: SELECT blog_new_list.id,blog_new_list.title,blog_new_list.addtime,blog_menu.pid FROM `blog_new_list` left join blog_menu on blog_new_list.category_id = blog_menu.id  ORDER BY `addtime` desc LIMIT 3   [ RunTime:0.0004s ]
SQL: SELECT blog_knowledge.id,blog_knowledge.title,blog_knowledge.addtime,blog_menu.pid FROM `blog_knowledge` left join blog_menu on  blog_knowledge.category_id = blog_menu.id  ORDER BY `addtime` desc LIMIT 3   [ RunTime:0.0004s ]
SQL: SELECT blog_new_list.id,blog_new_list.title,blog_new_list.addtime,blog_new_list.lookcount,blog_menu.pid FROM `blog_new_list` left join blog_menu on blog_new_list.category_id = blog_menu.id  ORDER BY `lookcount` desc LIMIT 3   [ RunTime:0.0003s ]
SQL: SELECT blog_knowledge.id,blog_knowledge.title,blog_knowledge.addtime,blog_knowledge.lookcount,blog_menu.pid FROM `blog_knowledge` left join blog_menu on  blog_knowledge.category_id = blog_menu.id  ORDER BY `lookcount` desc LIMIT 3   [ RunTime:0.0003s ]
SQL: SHOW COLUMNS FROM `blog_friendly` [ RunTime:0.0008s ]
SQL: SELECT * FROM `blog_friendly` LIMIT 5   [ RunTime:0.0002s ]
SQL: SHOW COLUMNS FROM `blog_info` [ RunTime:0.0006s ]
SQL: SELECT * FROM `blog_info` LIMIT 1   [ RunTime:0.0003s ]
INFO: [ view_parse ] --START--
INFO: [ template_filter ] --START--
INFO: Run Behavior\ContentReplaceBehavior [ RunTime:0.000075s ]
INFO: [ template_filter ] --END-- [ RunTime:0.000124s ]
INFO: Run Behavior\ParseTemplateBehavior [ RunTime:0.023670s ]
INFO: [ view_parse ] --END-- [ RunTime:0.023712s ]
INFO: [ view_filter ] --START--
INFO: Run Behavior\WriteHtmlCacheBehavior [ RunTime:0.000422s ]
INFO: [ view_filter ] --END-- [ RunTime:0.000468s ]
INFO: [ app_end ] --START--
INFO: Run Behavior\ShowPageTraceBehavior [ RunTime:0.000697s ]
INFO: [ app_end ] --END-- [ RunTime:0.000742s ]

